Log file open, 09/30/20 19:16:54
LogWindows: Failed to load 'aqProf.dll' (GetLastError=126)
LogWindows: File 'aqProf.dll' does not exist
LogWindows: Failed to load 'VtuneApi.dll' (GetLastError=126)
LogWindows: File 'VtuneApi.dll' does not exist
LogWindows: Failed to load 'VtuneApi32e.dll' (GetLastError=126)
LogWindows: File 'VtuneApi32e.dll' does not exist
LogConsoleResponse: Display: Failed to find resolution value strings in scalability ini. Falling back to default.
LogInit: Display: Running engine for game: CRUNCH
LogPlatformFile: Not using cached read wrapper
LogTaskGraph: Started task graph with 5 named threads and 47 total threads with 3 sets of task threads.
LogStats: Stats thread started at 0.052372
LogD3D11RHI: Loaded GFSDK_Aftermath_Lib.x64.dll
LogICUInternationalization: ICU TimeZone Detection - Raw Offset: +0:00, Platform Override: ''
LogPluginManager: Mounting plugin Paper2D
LogPluginManager: Mounting plugin AISupport
LogPluginManager: Mounting plugin LightPropagationVolume
LogPluginManager: Mounting plugin ActorLayerUtilities
LogPluginManager: Mounting plugin AnimationSharing
LogPluginManager: Mounting plugin CLionSourceCodeAccess
LogPluginManager: Mounting plugin CodeLiteSourceCodeAccess
LogPluginManager: Mounting plugin GitSourceControl
LogPluginManager: Mounting plugin KDevelopSourceCodeAccess
LogPluginManager: Mounting plugin NullSourceCodeAccess
LogPluginManager: Mounting plugin PerforceSourceControl
LogPluginManager: Mounting plugin PlasticSourceControl
LogPluginManager: Mounting plugin SubversionSourceControl
LogPluginManager: Mounting plugin UObjectPlugin
LogPluginManager: Mounting plugin VisualStudioCodeSourceCodeAccess
LogPluginManager: Mounting plugin VisualStudioSourceCodeAccess
LogPluginManager: Mounting plugin XCodeSourceCodeAccess
LogPluginManager: Mounting plugin AssetManagerEditor
LogPluginManager: Mounting plugin CryptoKeys
LogPluginManager: Mounting plugin CurveEditorTools
LogPluginManager: Mounting plugin DataValidation
LogPluginManager: Mounting plugin FacialAnimation
LogPluginManager: Mounting plugin GameplayTagsEditor
LogPluginManager: Mounting plugin MacGraphicsSwitching
LogPluginManager: Mounting plugin MaterialAnalyzer
LogPluginManager: Mounting plugin MobileLauncherProfileWizard
LogPluginManager: Mounting plugin PluginBrowser
LogPluginManager: Mounting plugin SpeedTreeImporter
LogPluginManager: Mounting plugin DatasmithContent
LogPluginManager: Mounting plugin VariantManagerContent
LogPluginManager: Mounting plugin AlembicImporter
LogPluginManager: Mounting plugin AutomationUtils
LogPluginManager: Mounting plugin BackChannel
LogPluginManager: Mounting plugin CharacterAI
LogPluginManager: Mounting plugin GeometryCache
LogPluginManager: Mounting plugin PlatformCrypto
LogPluginManager: Mounting plugin ProxyLODPlugin
LogPluginManager: Mounting plugin SkeletalReduction
LogPluginManager: Mounting plugin MagicLeap
LogPluginManager: Mounting plugin MagicLeapMedia
LogPluginManager: Mounting plugin MLSDK
LogPluginManager: Mounting plugin AndroidMedia
LogPluginManager: Mounting plugin AvfMedia
LogPluginManager: Mounting plugin ImgMedia
LogPluginManager: Mounting plugin MediaCompositing
LogPluginManager: Mounting plugin MediaPlayerEditor
LogPluginManager: Mounting plugin WebMMedia
LogPluginManager: Mounting plugin WmfMedia
LogPluginManager: Mounting plugin TcpMessaging
LogPluginManager: Mounting plugin UdpMessaging
LogPluginManager: Mounting plugin ActorSequence
LogPluginManager: Mounting plugin LevelSequenceEditor
LogPluginManager: Mounting plugin MatineeToLevelSequence
LogPluginManager: Mounting plugin NetcodeUnitTest
LogPluginManager: Mounting plugin NUTUnrealEngine4
LogPluginManager: Mounting plugin OnlineSubsystemGooglePlay
LogPluginManager: Mounting plugin OnlineSubsystemIOS
LogPluginManager: Mounting plugin OnlineSubsystem
LogPluginManager: Mounting plugin OnlineSubsystemNull
LogPluginManager: Mounting plugin OnlineSubsystemUtils
LogPluginManager: Mounting plugin LauncherChunkInstaller
LogPluginManager: Mounting plugin AndroidDeviceProfileSelector
LogPluginManager: Mounting plugin AndroidMoviePlayer
LogPluginManager: Mounting plugin AndroidPermission
LogPluginManager: Mounting plugin AppleImageUtils
LogPluginManager: Mounting plugin AppleMoviePlayer
LogPluginManager: Mounting plugin ArchVisCharacter
LogPluginManager: Mounting plugin AssetTags
LogPluginManager: Mounting plugin AudioCapture
LogPluginManager: Mounting plugin CableComponent
LogPluginManager: Mounting plugin CustomMeshComponent
LogPluginManager: Mounting plugin EditableMesh
LogPluginManager: Mounting plugin ExampleDeviceProfileSelector
LogPluginManager: Mounting plugin GoogleCloudMessaging
LogPluginManager: Mounting plugin IOSDeviceProfileSelector
LogPluginManager: Mounting plugin LinuxDeviceProfileSelector
LogPluginManager: Mounting plugin LocationServicesBPLibrary
LogPluginManager: Mounting plugin MobilePatchingUtils
LogPluginManager: Mounting plugin OculusVR
LogPluginManager: Mounting plugin PhysXVehicles
LogPluginManager: Mounting plugin PostSplashScreen
LogPluginManager: Mounting plugin ProceduralMeshComponent
LogPluginManager: Mounting plugin RuntimePhysXCooking
LogPluginManager: Mounting plugin SignificanceManager
LogPluginManager: Mounting plugin WebMMoviePlayer
LogPluginManager: Mounting plugin WindowsMoviePlayer
LogPluginManager: Mounting plugin ScreenshotTools
LogInit: Using libcurl 7.55.1-DEV
LogInit:  - built for x86_64-pc-win32
LogInit:  - supports SSL with OpenSSL/1.1.1
LogInit:  - supports HTTP deflate (compression) using libz 1.2.8
LogInit:  - other features:
LogInit:      CURL_VERSION_SSL
LogInit:      CURL_VERSION_LIBZ
LogInit:      CURL_VERSION_IPV6
LogInit:      CURL_VERSION_ASYNCHDNS
LogInit:      CURL_VERSION_LARGEFILE
LogInit:      CURL_VERSION_IDN
LogInit:  CurlRequestOptions (configurable via config and command line):
LogInit:  - bVerifyPeer = true  - Libcurl will verify peer certificate
LogInit:  - bUseHttpProxy = false  - Libcurl will NOT use HTTP proxy
LogInit:  - bDontReuseConnections = false  - Libcurl will reuse connections
LogInit:  - MaxHostConnections = 16  - Libcurl will limit the number of connections to a host
LogInit:  - LocalHostAddr = Default
LogInit:  - BufferSize = 65536
LogOnline: OSS: Creating online subsystem instance for: NULL
LogInit: WinSock: version 1.1 (2.2), MaxSocks=32767, MaxUdp=65467
LogOnline: OSS: TryLoadSubsystemAndSetDefault: Loaded subsystem for module [NULL]
LogInit: Build: ++UE4+Release-4.24-CL-11590370
LogInit: Engine Version: 4.24.3-11590370+++UE4+Release-4.24
LogInit: Compatible Engine Version: 4.24.0-10570792+++UE4+Release-4.24
LogInit: Net CL: 10570792
LogInit: OS: Windows 10 (Release 2004) (), CPU: AMD Ryzen 7 3700X 8-Core Processor             , GPU: NVIDIA GeForce RTX 2060
LogInit: Compiled (64-bit): Feb 24 2020 15:39:18
LogInit: Compiled with Visual C++: 19.16.27032.01
LogInit: Build Configuration: Development
LogInit: Branch Name: ++UE4+Release-4.24
LogInit: Command Line:  -EpicPortal -epicusername=AranE666 -epicuserid=0b9f2d41980e46c485132b96b348e327 -epiclocale=en
LogInit: Base Directory: H:/Unreal/UE_4.24/Engine/Binaries/Win64/
LogInit: Installed Engine Build: 1
LogDevObjectVersion: Number of dev versions registered: 25
LogDevObjectVersion:   Dev-Blueprints (B0D832E4-1F89-4F0D-ACCF-7EB736FD4AA2): 10
LogDevObjectVersion:   Dev-Build (E1C64328-A22C-4D53-A36C-8E866417BD8C): 0
LogDevObjectVersion:   Dev-Core (375EC13C-06E4-48FB-B500-84F0262A717E): 3
LogDevObjectVersion:   Dev-Editor (E4B068ED-F494-42E9-A231-DA0B2E46BB41): 37
LogDevObjectVersion:   Dev-Framework (CFFC743F-43B0-4480-9391-14DF171D2073): 36
LogDevObjectVersion:   Dev-Mobile (B02B49B5-BB20-44E9-A304-32B752E40360): 2
LogDevObjectVersion:   Dev-Networking (A4E4105C-59A1-49B5-A7C5-40C4547EDFEE): 0
LogDevObjectVersion:   Dev-Online (39C831C9-5AE6-47DC-9A44-9C173E1C8E7C): 0
LogDevObjectVersion:   Dev-Physics (78F01B33-EBEA-4F98-B9B4-84EACCB95AA2): 2
LogDevObjectVersion:   Dev-Platform (6631380F-2D4D-43E0-8009-CF276956A95A): 0
LogDevObjectVersion:   Dev-Rendering (12F88B9F-8875-4AFC-A67C-D90C383ABD29): 36
LogDevObjectVersion:   Dev-Sequencer (7B5AE74C-D270-4C10-A958-57980B212A5A): 11
LogDevObjectVersion:   Dev-VR (D7296918-1DD6-4BDD-9DE2-64A83CC13884): 2
LogDevObjectVersion:   Dev-LoadTimes (C2A15278-BFE7-4AFE-6C17-90FF531DF755): 1
LogDevObjectVersion:   Private-Geometry (6EACA3D4-40EC-4CC1-B786-8BED09428FC5): 3
LogDevObjectVersion:   Dev-AnimPhys (29E575DD-E0A3-4627-9D10-D276232CDCEA): 17
LogDevObjectVersion:   Dev-Anim (AF43A65D-7FD3-4947-9873-3E8ED9C1BB05): 2
LogDevObjectVersion:   Dev-ReflectionCapture (6B266CEC-1EC7-4B8F-A30B-E4D90942FC07): 1
LogDevObjectVersion:   Dev-Automation (0DF73D61-A23F-47EA-B727-89E90C41499A): 1
LogDevObjectVersion:   FortniteMain (601D1886-AC64-4F84-AA16-D3DE0DEAC7D6): 31
LogDevObjectVersion:   Dev-Enterprise (9DFFBCD6-494F-0158-E221-12823C92A888): 8
LogDevObjectVersion:   Dev-Niagara (F2AED0AC-9AFE-416F-8664-AA7FFA26D6FC): 1
LogDevObjectVersion:   Dev-Destruction (174F1F0B-B4C6-45A5-B13F-2EE8D0FB917D): 9
LogDevObjectVersion:   Dev-Physics-Ext (35F94A83-E258-406C-A318-09F59610247C): 8
LogDevObjectVersion:   Dev-CineCamera (B2E18506-4273-CFC2-A54E-F4BB758BBA07): 1
LogInit: Presizing for max 25165824 objects, including 0 objects not considered by GC, pre-allocating 0 bytes for permanent pool.
LogInit: Object subsystem initialized
LogConfig: Setting CVar [[con.DebugEarlyDefault:1]]
LogConfig: Setting CVar [[r.setres:1280x720]]
[2020.09.30-18.16.54:125][  0]LogConfig: Setting CVar [[r.VSync:0]]
[2020.09.30-18.16.54:125][  0]LogConfig: Setting CVar [[r.RHICmdBypass:0]]
[2020.09.30-18.16.54:125][  0]LogConfig: Applying CVar settings from Section [/Script/Engine.RendererSettings] File [H:/Crunch/CRUNCH/Saved/Config/Windows/Engine.ini]
[2020.09.30-18.16.54:125][  0]LogConfig: Setting CVar [[r.GPUCrashDebugging:0]]
[2020.09.30-18.16.54:125][  0]LogConfig: Setting CVar [[r.DefaultFeature.AutoExposure:0]]
[2020.09.30-18.16.54:125][  0]LogConfig: Setting CVar [[r.DefaultFeature.MotionBlur:0]]
[2020.09.30-18.16.54:125][  0]LogConfig: Applying CVar settings from Section [/Script/Engine.RendererOverrideSettings] File [H:/Crunch/CRUNCH/Saved/Config/Windows/Engine.ini]
[2020.09.30-18.16.54:125][  0]LogConfig: Applying CVar settings from Section [/Script/Engine.StreamingSettings] File [H:/Crunch/CRUNCH/Saved/Config/Windows/Engine.ini]
[2020.09.30-18.16.54:125][  0]LogConfig: Setting CVar [[s.MinBulkDataSizeForAsyncLoading:131072]]
[2020.09.30-18.16.54:125][  0]LogConfig: Setting CVar [[s.AsyncLoadingThreadEnabled:0]]
[2020.09.30-18.16.54:125][  0]LogConfig: Setting CVar [[s.EventDrivenLoaderEnabled:1]]
[2020.09.30-18.16.54:125][  0]LogConfig: Setting CVar [[s.WarnIfTimeLimitExceeded:0]]
[2020.09.30-18.16.54:125][  0]LogConfig: Setting CVar [[s.TimeLimitExceededMultiplier:1.5]]
[2020.09.30-18.16.54:125][  0]LogConfig: Setting CVar [[s.TimeLimitExceededMinTime:0.005]]
[2020.09.30-18.16.54:125][  0]LogConfig: Setting CVar [[s.UseBackgroundLevelStreaming:1]]
[2020.09.30-18.16.54:125][  0]LogConfig: Setting CVar [[s.PriorityAsyncLoadingExtraTime:15.0]]
[2020.09.30-18.16.54:125][  0]LogConfig: Setting CVar [[s.LevelStreamingActorsUpdateTimeLimit:5.0]]
[2020.09.30-18.16.54:125][  0]LogConfig: Setting CVar [[s.PriorityLevelStreamingActorsUpdateExtraTime:5.0]]
[2020.09.30-18.16.54:125][  0]LogConfig: Setting CVar [[s.LevelStreamingComponentsRegistrationGranularity:10]]
[2020.09.30-18.16.54:125][  0]LogConfig: Setting CVar [[s.UnregisterComponentsTimeLimit:1.0]]
[2020.09.30-18.16.54:125][  0]LogConfig: Setting CVar [[s.LevelStreamingComponentsUnregistrationGranularity:5]]
[2020.09.30-18.16.54:125][  0]LogConfig: Setting CVar [[s.FlushStreamingOnExit:1]]
[2020.09.30-18.16.54:125][  0]LogConfig: Applying CVar settings from Section [/Script/Engine.GarbageCollectionSettings] File [H:/Crunch/CRUNCH/Saved/Config/Windows/Engine.ini]
[2020.09.30-18.16.54:125][  0]LogConfig: Setting CVar [[gc.MaxObjectsNotConsideredByGC:1]]
[2020.09.30-18.16.54:125][  0]LogConfig: Setting CVar [[gc.SizeOfPermanentObjectPool:0]]
[2020.09.30-18.16.54:125][  0]LogConfig: Setting CVar [[gc.FlushStreamingOnGC:0]]
[2020.09.30-18.16.54:125][  0]LogConfig: Setting CVar [[gc.NumRetriesBeforeForcingGC:10]]
[2020.09.30-18.16.54:125][  0]LogConfig: Setting CVar [[gc.AllowParallelGC:1]]
[2020.09.30-18.16.54:125][  0]LogConfig: Setting CVar [[gc.TimeBetweenPurgingPendingKillObjects:61.1]]
[2020.09.30-18.16.54:125][  0]LogConfig: Setting CVar [[gc.MaxObjectsInEditor:25165824]]
[2020.09.30-18.16.54:125][  0]LogConfig: Setting CVar [[gc.IncrementalBeginDestroyEnabled:1]]
[2020.09.30-18.16.54:125][  0]LogConfig: Setting CVar [[gc.CreateGCClusters:1]]
[2020.09.30-18.16.54:125][  0]LogConfig: Setting CVar [[gc.MinGCClusterSize:5]]
[2020.09.30-18.16.54:125][  0]LogConfig: Setting CVar [[gc.ActorClusteringEnabled:0]]
[2020.09.30-18.16.54:125][  0]LogConfig: Setting CVar [[gc.BlueprintClusteringEnabled:0]]
[2020.09.30-18.16.54:125][  0]LogConfig: Setting CVar [[gc.UseDisregardForGCOnDedicatedServers:0]]
[2020.09.30-18.16.54:125][  0]LogConfig: Applying CVar settings from Section [/Script/Engine.NetworkSettings] File [H:/Crunch/CRUNCH/Saved/Config/Windows/Engine.ini]
[2020.09.30-18.16.54:125][  0]LogConfig: Applying CVar settings from Section [/Script/UnrealEd.CookerSettings] File [H:/Crunch/CRUNCH/Saved/Config/Windows/Engine.ini]
[2020.09.30-18.16.54:127][  0]LogConfig: Applying CVar settings from Section [ViewDistanceQuality@3] File [H:/Crunch/CRUNCH/Saved/Config/Windows/Scalability.ini]
[2020.09.30-18.16.54:127][  0]LogConfig: Setting CVar [[r.SkeletalMeshLODBias:0]]
[2020.09.30-18.16.54:127][  0]LogConfig: Setting CVar [[r.ViewDistanceScale:1.0]]
[2020.09.30-18.16.54:127][  0]LogConfig: Applying CVar settings from Section [AntiAliasingQuality@3] File [H:/Crunch/CRUNCH/Saved/Config/Windows/Scalability.ini]
[2020.09.30-18.16.54:127][  0]LogConfig: Setting CVar [[r.PostProcessAAQuality:4]]
[2020.09.30-18.16.54:127][  0]LogConfig: Applying CVar settings from Section [ShadowQuality@3] File [H:/Crunch/CRUNCH/Saved/Config/Windows/Scalability.ini]
[2020.09.30-18.16.54:127][  0]LogConfig: Setting CVar [[r.LightFunctionQuality:1]]
[2020.09.30-18.16.54:127][  0]LogConfig: Setting CVar [[r.ShadowQuality:5]]
[2020.09.30-18.16.54:127][  0]LogConfig: Setting CVar [[r.Shadow.CSM.MaxCascades:10]]
[2020.09.30-18.16.54:127][  0]LogConfig: Setting CVar [[r.Shadow.MaxResolution:2048]]
[2020.09.30-18.16.54:127][  0]LogConfig: Setting CVar [[r.Shadow.MaxCSMResolution:2048]]
[2020.09.30-18.16.54:127][  0]LogConfig: Setting CVar [[r.Shadow.RadiusThreshold:0.01]]
[2020.09.30-18.16.54:127][  0]LogConfig: Setting CVar [[r.Shadow.DistanceScale:1.0]]
[2020.09.30-18.16.54:127][  0]LogConfig: Setting CVar [[r.Shadow.CSM.TransitionScale:1.0]]
[2020.09.30-18.16.54:127][  0]LogConfig: Setting CVar [[r.Shadow.PreShadowResolutionFactor:1.0]]
[2020.09.30-18.16.54:127][  0]LogConfig: Setting CVar [[r.DistanceFieldShadowing:1]]
[2020.09.30-18.16.54:127][  0]LogConfig: Setting CVar [[r.DistanceFieldAO:1]]
[2020.09.30-18.16.54:127][  0]LogConfig: Setting CVar [[r.AOQuality:2]]
[2020.09.30-18.16.54:127][  0]LogConfig: Setting CVar [[r.VolumetricFog:1]]
[2020.09.30-18.16.54:127][  0]LogConfig: Setting CVar [[r.VolumetricFog.GridPixelSize:8]]
[2020.09.30-18.16.54:127][  0]LogConfig: Setting CVar [[r.VolumetricFog.GridSizeZ:128]]
[2020.09.30-18.16.54:127][  0]LogConfig: Setting CVar [[r.VolumetricFog.HistoryMissSupersampleCount:4]]
[2020.09.30-18.16.54:127][  0]LogConfig: Setting CVar [[r.LightMaxDrawDistanceScale:1]]
[2020.09.30-18.16.54:127][  0]LogConfig: Setting CVar [[r.CapsuleShadows:1]]
[2020.09.30-18.16.54:127][  0]LogConfig: Applying CVar settings from Section [PostProcessQuality@3] File [H:/Crunch/CRUNCH/Saved/Config/Windows/Scalability.ini]
[2020.09.30-18.16.54:127][  0]LogConfig: Setting CVar [[r.MotionBlurQuality:4]]
[2020.09.30-18.16.54:127][  0]LogConfig: Setting CVar [[r.AmbientOcclusionMipLevelFactor:0.4]]
[2020.09.30-18.16.54:127][  0]LogConfig: Setting CVar [[r.AmbientOcclusionMaxQuality:100]]
[2020.09.30-18.16.54:127][  0]LogConfig: Setting CVar [[r.AmbientOcclusionLevels:-1]]
[2020.09.30-18.16.54:127][  0]LogConfig: Setting CVar [[r.AmbientOcclusionRadiusScale:1.0]]
[2020.09.30-18.16.54:127][  0]LogConfig: Setting CVar [[r.DepthOfFieldQuality:2]]
[2020.09.30-18.16.54:127][  0]LogConfig: Setting CVar [[r.RenderTargetPoolMin:400]]
[2020.09.30-18.16.54:127][  0]LogConfig: Setting CVar [[r.LensFlareQuality:2]]
[2020.09.30-18.16.54:127][  0]LogConfig: Setting CVar [[r.SceneColorFringeQuality:1]]
[2020.09.30-18.16.54:127][  0]LogConfig: Setting CVar [[r.EyeAdaptationQuality:2]]
[2020.09.30-18.16.54:127][  0]LogConfig: Setting CVar [[r.BloomQuality:5]]
[2020.09.30-18.16.54:127][  0]LogConfig: Setting CVar [[r.FastBlurThreshold:100]]
[2020.09.30-18.16.54:127][  0]LogConfig: Setting CVar [[r.Upscale.Quality:3]]
[2020.09.30-18.16.54:127][  0]LogConfig: Setting CVar [[r.Tonemapper.GrainQuantization:1]]
[2020.09.30-18.16.54:127][  0]LogConfig: Setting CVar [[r.LightShaftQuality:1]]
[2020.09.30-18.16.54:127][  0]LogConfig: Setting CVar [[r.Filter.SizeScale:1]]
[2020.09.30-18.16.54:127][  0]LogConfig: Setting CVar [[r.Tonemapper.Quality:5]]
[2020.09.30-18.16.54:127][  0]LogConfig: Setting CVar [[r.DOF.Gather.AccumulatorQuality:1        ; higher gathering accumulator quality]]
[2020.09.30-18.16.54:127][  0]LogConfig: Setting CVar [[r.DOF.Gather.PostfilterMethod:1          ; Median3x3 postfilering method]]
[2020.09.30-18.16.54:127][  0]LogConfig: Setting CVar [[r.DOF.Gather.EnableBokehSettings:0       ; no bokeh simulation when gathering]]
[2020.09.30-18.16.54:127][  0]LogConfig: Setting CVar [[r.DOF.Gather.RingCount:4                 ; medium number of samples when gathering]]
[2020.09.30-18.16.54:127][  0]LogConfig: Setting CVar [[r.DOF.Scatter.ForegroundCompositing:1    ; additive foreground scattering]]
[2020.09.30-18.16.54:127][  0]LogConfig: Setting CVar [[r.DOF.Scatter.BackgroundCompositing:2    ; additive background scattering]]
[2020.09.30-18.16.54:127][  0]LogConfig: Setting CVar [[r.DOF.Scatter.EnableBokehSettings:1      ; bokeh simulation when scattering]]
[2020.09.30-18.16.54:127][  0]LogConfig: Setting CVar [[r.DOF.Scatter.MaxSpriteRatio:0.1         ; only a maximum of 10% of scattered bokeh]]
[2020.09.30-18.16.54:127][  0]LogConfig: Setting CVar [[r.DOF.Recombine.Quality:1                ; cheap slight out of focus]]
[2020.09.30-18.16.54:127][  0]LogConfig: Setting CVar [[r.DOF.Recombine.EnableBokehSettings:0    ; no bokeh simulation on slight out of focus]]
[2020.09.30-18.16.54:127][  0]LogConfig: Setting CVar [[r.DOF.TemporalAAQuality:1                ; more stable temporal accumulation]]
[2020.09.30-18.16.54:127][  0]LogConfig: Setting CVar [[r.DOF.Kernel.MaxForegroundRadius:0.025]]
[2020.09.30-18.16.54:127][  0]LogConfig: Setting CVar [[r.DOF.Kernel.MaxBackgroundRadius:0.025]]
[2020.09.30-18.16.54:127][  0]LogConfig: Applying CVar settings from Section [TextureQuality@3] File [H:/Crunch/CRUNCH/Saved/Config/Windows/Scalability.ini]
[2020.09.30-18.16.54:127][  0]LogConfig: Setting CVar [[r.Streaming.MipBias:0]]
[2020.09.30-18.16.54:127][  0]LogConfig: Setting CVar [[r.Streaming.AmortizeCPUToGPUCopy:0]]
[2020.09.30-18.16.54:127][  0]LogConfig: Setting CVar [[r.Streaming.MaxNumTexturesToStreamPerFrame:0]]
[2020.09.30-18.16.54:127][  0]LogConfig: Setting CVar [[r.Streaming.Boost:1]]
[2020.09.30-18.16.54:127][  0]LogConfig: Setting CVar [[r.MaxAnisotropy:8]]
[2020.09.30-18.16.54:127][  0]LogConfig: Setting CVar [[r.VT.MaxAnisotropy:8]]
[2020.09.30-18.16.54:127][  0]LogConfig: Setting CVar [[r.Streaming.LimitPoolSizeToVRAM:0]]
[2020.09.30-18.16.54:127][  0]LogConfig: Setting CVar [[r.Streaming.PoolSize:1000]]
[2020.09.30-18.16.54:127][  0]LogConfig: Setting CVar [[r.Streaming.MaxEffectiveScreenSize:0]]
[2020.09.30-18.16.54:127][  0]LogConfig: Applying CVar settings from Section [EffectsQuality@3] File [H:/Crunch/CRUNCH/Saved/Config/Windows/Scalability.ini]
[2020.09.30-18.16.54:127][  0]LogConfig: Setting CVar [[r.TranslucencyLightingVolumeDim:64]]
[2020.09.30-18.16.54:127][  0]LogConfig: Setting CVar [[r.RefractionQuality:2]]
[2020.09.30-18.16.54:127][  0]LogConfig: Setting CVar [[r.SSR.Quality:3]]
[2020.09.30-18.16.54:127][  0]LogConfig: Setting CVar [[r.SSR.HalfResSceneColor:0]]
[2020.09.30-18.16.54:127][  0]LogConfig: Setting CVar [[r.SceneColorFormat:4]]
[2020.09.30-18.16.54:127][  0]LogConfig: Setting CVar [[r.DetailMode:2]]
[2020.09.30-18.16.54:127][  0]LogConfig: Setting CVar [[r.TranslucencyVolumeBlur:1]]
[2020.09.30-18.16.54:127][  0]LogConfig: Setting CVar [[r.MaterialQualityLevel:1 ; High quality]]
[2020.09.30-18.16.54:127][  0]LogConfig: Setting CVar [[r.SSS.Scale:1]]
[2020.09.30-18.16.54:127][  0]LogConfig: Setting CVar [[r.SSS.SampleSet:2]]
[2020.09.30-18.16.54:127][  0]LogConfig: Setting CVar [[r.SSS.Quality:1]]
[2020.09.30-18.16.54:127][  0]LogConfig: Setting CVar [[r.SSS.HalfRes:1]]
[2020.09.30-18.16.54:127][  0]LogConfig: Setting CVar [[r.SSGI.Quality:3]]
[2020.09.30-18.16.54:127][  0]LogConfig: Setting CVar [[r.EmitterSpawnRateScale:1.0]]
[2020.09.30-18.16.54:127][  0]LogConfig: Setting CVar [[r.ParticleLightQuality:2]]
[2020.09.30-18.16.54:127][  0]LogConfig: Setting CVar [[r.SkyAtmosphere.AerialPerspectiveLUT.FastApplyOnOpaque:1 ; Always have FastSkyLUT 1 in this case to avoid wrong sky]]
[2020.09.30-18.16.54:127][  0]LogConfig: Setting CVar [[r.SkyAtmosphere.AerialPerspectiveLUT.SampleCountPerSlice:1]]
[2020.09.30-18.16.54:127][  0]LogConfig: Setting CVar [[r.SkyAtmosphere.AerialPerspectiveLUT.DepthResolution:16.0]]
[2020.09.30-18.16.54:127][  0]LogConfig: Setting CVar [[r.SkyAtmosphere.FastSkyLUT:1]]
[2020.09.30-18.16.54:127][  0]LogConfig: Setting CVar [[r.SkyAtmosphere.FastSkyLUT.SampleCountMin:4.0]]
[2020.09.30-18.16.54:127][  0]LogConfig: Setting CVar [[r.SkyAtmosphere.FastSkyLUT.SampleCountMax:32.0]]
[2020.09.30-18.16.54:127][  0]LogConfig: Setting CVar [[r.SkyAtmosphere.SampleCountMin:4.0]]
[2020.09.30-18.16.54:127][  0]LogConfig: Setting CVar [[r.SkyAtmosphere.SampleCountMax:32.0]]
[2020.09.30-18.16.54:127][  0]LogConfig: Setting CVar [[r.SkyAtmosphere.TransmittanceLUT.UseSmallFormat:0]]
[2020.09.30-18.16.54:127][  0]LogConfig: Setting CVar [[r.SkyAtmosphere.TransmittanceLUT.SampleCount:10.0]]
[2020.09.30-18.16.54:127][  0]LogConfig: Setting CVar [[r.SkyAtmosphere.MultiScatteringLUT.SampleCount:15.0]]
[2020.09.30-18.16.54:127][  0]LogConfig: Applying CVar settings from Section [FoliageQuality@3] File [H:/Crunch/CRUNCH/Saved/Config/Windows/Scalability.ini]
[2020.09.30-18.16.54:127][  0]LogConfig: Setting CVar [[foliage.DensityScale:1.0]]
[2020.09.30-18.16.54:127][  0]LogConfig: Setting CVar [[grass.DensityScale:1.0]]
[2020.09.30-18.16.54:127][  0]LogConfig: Applying CVar settings from Section [ShadingQuality@3] File [H:/Crunch/CRUNCH/Saved/Config/Windows/Scalability.ini]
[2020.09.30-18.16.54:127][  0]LogConfig: Setting CVar [[r.HairStrands.SkyLighting.SampleCount:16]]
[2020.09.30-18.16.54:128][  0]LogConfig: Setting CVar [[r.HairStrands.SkyLighting.JitterIntegration:0]]
[2020.09.30-18.16.54:128][  0]LogConfig: Setting CVar [[r.HairStrands.SkyAO.SampleCount:16]]
[2020.09.30-18.16.54:128][  0]LogInit: Selected Device Profile: [Windows]
[2020.09.30-18.16.54:128][  0]LogInit: Applying CVar settings loaded from the selected device profile: [Windows]
[2020.09.30-18.16.54:130][  0]LogHAL: Display: Platform has ~ 16 GB [17105973248 / 17179869184 / 16], which maps to Larger [LargestMinGB=32, LargerMinGB=12, DefaultMinGB=8, SmallerMinGB=6, SmallestMinGB=0)
[2020.09.30-18.16.54:130][  0]LogInit: Going up to parent DeviceProfile []
[2020.09.30-18.16.54:130][  0]LogConfig: Applying CVar settings from Section [ViewDistanceQuality@3] File [H:/Crunch/CRUNCH/Saved/Config/Windows/Scalability.ini]
[2020.09.30-18.16.54:130][  0]LogConfig: Setting CVar [[r.SkeletalMeshLODBias:0]]
[2020.09.30-18.16.54:130][  0]LogConfig: Setting CVar [[r.ViewDistanceScale:1.0]]
[2020.09.30-18.16.54:130][  0]LogConfig: Applying CVar settings from Section [AntiAliasingQuality@3] File [H:/Crunch/CRUNCH/Saved/Config/Windows/Scalability.ini]
[2020.09.30-18.16.54:130][  0]LogConfig: Setting CVar [[r.PostProcessAAQuality:4]]
[2020.09.30-18.16.54:130][  0]LogConfig: Applying CVar settings from Section [ShadowQuality@3] File [H:/Crunch/CRUNCH/Saved/Config/Windows/Scalability.ini]
[2020.09.30-18.16.54:130][  0]LogConfig: Setting CVar [[r.LightFunctionQuality:1]]
[2020.09.30-18.16.54:130][  0]LogConfig: Setting CVar [[r.ShadowQuality:5]]
[2020.09.30-18.16.54:130][  0]LogConfig: Setting CVar [[r.Shadow.CSM.MaxCascades:10]]
[2020.09.30-18.16.54:130][  0]LogConfig: Setting CVar [[r.Shadow.MaxResolution:2048]]
[2020.09.30-18.16.54:130][  0]LogConfig: Setting CVar [[r.Shadow.MaxCSMResolution:2048]]
[2020.09.30-18.16.54:130][  0]LogConfig: Setting CVar [[r.Shadow.RadiusThreshold:0.01]]
[2020.09.30-18.16.54:130][  0]LogConfig: Setting CVar [[r.Shadow.DistanceScale:1.0]]
[2020.09.30-18.16.54:130][  0]LogConfig: Setting CVar [[r.Shadow.CSM.TransitionScale:1.0]]
[2020.09.30-18.16.54:130][  0]LogConfig: Setting CVar [[r.Shadow.PreShadowResolutionFactor:1.0]]
[2020.09.30-18.16.54:130][  0]LogConfig: Setting CVar [[r.DistanceFieldShadowing:1]]
[2020.09.30-18.16.54:130][  0]LogConfig: Setting CVar [[r.DistanceFieldAO:1]]
[2020.09.30-18.16.54:130][  0]LogConfig: Setting CVar [[r.AOQuality:2]]
[2020.09.30-18.16.54:130][  0]LogConfig: Setting CVar [[r.VolumetricFog:1]]
[2020.09.30-18.16.54:130][  0]LogConfig: Setting CVar [[r.VolumetricFog.GridPixelSize:8]]
[2020.09.30-18.16.54:130][  0]LogConfig: Setting CVar [[r.VolumetricFog.GridSizeZ:128]]
[2020.09.30-18.16.54:130][  0]LogConfig: Setting CVar [[r.VolumetricFog.HistoryMissSupersampleCount:4]]
[2020.09.30-18.16.54:130][  0]LogConfig: Setting CVar [[r.LightMaxDrawDistanceScale:1]]
[2020.09.30-18.16.54:130][  0]LogConfig: Setting CVar [[r.CapsuleShadows:1]]
[2020.09.30-18.16.54:130][  0]LogConfig: Applying CVar settings from Section [PostProcessQuality@3] File [H:/Crunch/CRUNCH/Saved/Config/Windows/Scalability.ini]
[2020.09.30-18.16.54:130][  0]LogConfig: Setting CVar [[r.MotionBlurQuality:4]]
[2020.09.30-18.16.54:130][  0]LogConfig: Setting CVar [[r.AmbientOcclusionMipLevelFactor:0.4]]
[2020.09.30-18.16.54:130][  0]LogConfig: Setting CVar [[r.AmbientOcclusionMaxQuality:100]]
[2020.09.30-18.16.54:130][  0]LogConfig: Setting CVar [[r.AmbientOcclusionLevels:-1]]
[2020.09.30-18.16.54:130][  0]LogConfig: Setting CVar [[r.AmbientOcclusionRadiusScale:1.0]]
[2020.09.30-18.16.54:130][  0]LogConfig: Setting CVar [[r.DepthOfFieldQuality:2]]
[2020.09.30-18.16.54:130][  0]LogConfig: Setting CVar [[r.RenderTargetPoolMin:400]]
[2020.09.30-18.16.54:130][  0]LogConfig: Setting CVar [[r.LensFlareQuality:2]]
[2020.09.30-18.16.54:130][  0]LogConfig: Setting CVar [[r.SceneColorFringeQuality:1]]
[2020.09.30-18.16.54:130][  0]LogConfig: Setting CVar [[r.EyeAdaptationQuality:2]]
[2020.09.30-18.16.54:130][  0]LogConfig: Setting CVar [[r.BloomQuality:5]]
[2020.09.30-18.16.54:130][  0]LogConfig: Setting CVar [[r.FastBlurThreshold:100]]
[2020.09.30-18.16.54:130][  0]LogConfig: Setting CVar [[r.Upscale.Quality:3]]
[2020.09.30-18.16.54:130][  0]LogConfig: Setting CVar [[r.Tonemapper.GrainQuantization:1]]
[2020.09.30-18.16.54:130][  0]LogConfig: Setting CVar [[r.LightShaftQuality:1]]
[2020.09.30-18.16.54:130][  0]LogConfig: Setting CVar [[r.Filter.SizeScale:1]]
[2020.09.30-18.16.54:130][  0]LogConfig: Setting CVar [[r.Tonemapper.Quality:5]]
[2020.09.30-18.16.54:130][  0]LogConfig: Setting CVar [[r.DOF.Gather.AccumulatorQuality:1        ; higher gathering accumulator quality]]
[2020.09.30-18.16.54:130][  0]LogConfig: Setting CVar [[r.DOF.Gather.PostfilterMethod:1          ; Median3x3 postfilering method]]
[2020.09.30-18.16.54:130][  0]LogConfig: Setting CVar [[r.DOF.Gather.EnableBokehSettings:0       ; no bokeh simulation when gathering]]
[2020.09.30-18.16.54:130][  0]LogConfig: Setting CVar [[r.DOF.Gather.RingCount:4                 ; medium number of samples when gathering]]
[2020.09.30-18.16.54:130][  0]LogConfig: Setting CVar [[r.DOF.Scatter.ForegroundCompositing:1    ; additive foreground scattering]]
[2020.09.30-18.16.54:130][  0]LogConfig: Setting CVar [[r.DOF.Scatter.BackgroundCompositing:2    ; additive background scattering]]
[2020.09.30-18.16.54:130][  0]LogConfig: Setting CVar [[r.DOF.Scatter.EnableBokehSettings:1      ; bokeh simulation when scattering]]
[2020.09.30-18.16.54:130][  0]LogConfig: Setting CVar [[r.DOF.Scatter.MaxSpriteRatio:0.1         ; only a maximum of 10% of scattered bokeh]]
[2020.09.30-18.16.54:130][  0]LogConfig: Setting CVar [[r.DOF.Recombine.Quality:1                ; cheap slight out of focus]]
[2020.09.30-18.16.54:130][  0]LogConfig: Setting CVar [[r.DOF.Recombine.EnableBokehSettings:0    ; no bokeh simulation on slight out of focus]]
[2020.09.30-18.16.54:130][  0]LogConfig: Setting CVar [[r.DOF.TemporalAAQuality:1                ; more stable temporal accumulation]]
[2020.09.30-18.16.54:130][  0]LogConfig: Setting CVar [[r.DOF.Kernel.MaxForegroundRadius:0.025]]
[2020.09.30-18.16.54:130][  0]LogConfig: Setting CVar [[r.DOF.Kernel.MaxBackgroundRadius:0.025]]
[2020.09.30-18.16.54:130][  0]LogConfig: Applying CVar settings from Section [TextureQuality@3] File [H:/Crunch/CRUNCH/Saved/Config/Windows/Scalability.ini]
[2020.09.30-18.16.54:130][  0]LogConfig: Setting CVar [[r.Streaming.MipBias:0]]
[2020.09.30-18.16.54:130][  0]LogConfig: Setting CVar [[r.Streaming.AmortizeCPUToGPUCopy:0]]
[2020.09.30-18.16.54:130][  0]LogConfig: Setting CVar [[r.Streaming.MaxNumTexturesToStreamPerFrame:0]]
[2020.09.30-18.16.54:130][  0]LogConfig: Setting CVar [[r.Streaming.Boost:1]]
[2020.09.30-18.16.54:130][  0]LogConfig: Setting CVar [[r.MaxAnisotropy:8]]
[2020.09.30-18.16.54:130][  0]LogConfig: Setting CVar [[r.VT.MaxAnisotropy:8]]
[2020.09.30-18.16.54:130][  0]LogConfig: Setting CVar [[r.Streaming.LimitPoolSizeToVRAM:0]]
[2020.09.30-18.16.54:130][  0]LogConfig: Setting CVar [[r.Streaming.PoolSize:1000]]
[2020.09.30-18.16.54:130][  0]LogConfig: Setting CVar [[r.Streaming.MaxEffectiveScreenSize:0]]
[2020.09.30-18.16.54:130][  0]LogConfig: Applying CVar settings from Section [EffectsQuality@3] File [H:/Crunch/CRUNCH/Saved/Config/Windows/Scalability.ini]
[2020.09.30-18.16.54:130][  0]LogConfig: Setting CVar [[r.TranslucencyLightingVolumeDim:64]]
[2020.09.30-18.16.54:130][  0]LogConfig: Setting CVar [[r.RefractionQuality:2]]
[2020.09.30-18.16.54:130][  0]LogConfig: Setting CVar [[r.SSR.Quality:3]]
[2020.09.30-18.16.54:130][  0]LogConfig: Setting CVar [[r.SSR.HalfResSceneColor:0]]
[2020.09.30-18.16.54:130][  0]LogConfig: Setting CVar [[r.SceneColorFormat:4]]
[2020.09.30-18.16.54:130][  0]LogConfig: Setting CVar [[r.DetailMode:2]]
[2020.09.30-18.16.54:130][  0]LogConfig: Setting CVar [[r.TranslucencyVolumeBlur:1]]
[2020.09.30-18.16.54:130][  0]LogConfig: Setting CVar [[r.MaterialQualityLevel:1 ; High quality]]
[2020.09.30-18.16.54:130][  0]LogConfig: Setting CVar [[r.SSS.Scale:1]]
[2020.09.30-18.16.54:130][  0]LogConfig: Setting CVar [[r.SSS.SampleSet:2]]
[2020.09.30-18.16.54:130][  0]LogConfig: Setting CVar [[r.SSS.Quality:1]]
[2020.09.30-18.16.54:130][  0]LogConfig: Setting CVar [[r.SSS.HalfRes:1]]
[2020.09.30-18.16.54:130][  0]LogConfig: Setting CVar [[r.SSGI.Quality:3]]
[2020.09.30-18.16.54:130][  0]LogConfig: Setting CVar [[r.EmitterSpawnRateScale:1.0]]
[2020.09.30-18.16.54:130][  0]LogConfig: Setting CVar [[r.ParticleLightQuality:2]]
[2020.09.30-18.16.54:130][  0]LogConfig: Setting CVar [[r.SkyAtmosphere.AerialPerspectiveLUT.FastApplyOnOpaque:1 ; Always have FastSkyLUT 1 in this case to avoid wrong sky]]
[2020.09.30-18.16.54:130][  0]LogConfig: Setting CVar [[r.SkyAtmosphere.AerialPerspectiveLUT.SampleCountPerSlice:1]]
[2020.09.30-18.16.54:130][  0]LogConfig: Setting CVar [[r.SkyAtmosphere.AerialPerspectiveLUT.DepthResolution:16.0]]
[2020.09.30-18.16.54:130][  0]LogConfig: Setting CVar [[r.SkyAtmosphere.FastSkyLUT:1]]
[2020.09.30-18.16.54:130][  0]LogConfig: Setting CVar [[r.SkyAtmosphere.FastSkyLUT.SampleCountMin:4.0]]
[2020.09.30-18.16.54:130][  0]LogConfig: Setting CVar [[r.SkyAtmosphere.FastSkyLUT.SampleCountMax:32.0]]
[2020.09.30-18.16.54:130][  0]LogConfig: Setting CVar [[r.SkyAtmosphere.SampleCountMin:4.0]]
[2020.09.30-18.16.54:130][  0]LogConfig: Setting CVar [[r.SkyAtmosphere.SampleCountMax:32.0]]
[2020.09.30-18.16.54:130][  0]LogConfig: Setting CVar [[r.SkyAtmosphere.TransmittanceLUT.UseSmallFormat:0]]
[2020.09.30-18.16.54:130][  0]LogConfig: Setting CVar [[r.SkyAtmosphere.TransmittanceLUT.SampleCount:10.0]]
[2020.09.30-18.16.54:130][  0]LogConfig: Setting CVar [[r.SkyAtmosphere.MultiScatteringLUT.SampleCount:15.0]]
[2020.09.30-18.16.54:130][  0]LogConfig: Applying CVar settings from Section [FoliageQuality@3] File [H:/Crunch/CRUNCH/Saved/Config/Windows/Scalability.ini]
[2020.09.30-18.16.54:130][  0]LogConfig: Setting CVar [[foliage.DensityScale:1.0]]
[2020.09.30-18.16.54:130][  0]LogConfig: Setting CVar [[grass.DensityScale:1.0]]
[2020.09.30-18.16.54:130][  0]LogConfig: Applying CVar settings from Section [ShadingQuality@3] File [H:/Crunch/CRUNCH/Saved/Config/Windows/Scalability.ini]
[2020.09.30-18.16.54:131][  0]LogConfig: Setting CVar [[r.HairStrands.SkyLighting.SampleCount:16]]
[2020.09.30-18.16.54:131][  0]LogConfig: Setting CVar [[r.HairStrands.SkyLighting.JitterIntegration:0]]
[2020.09.30-18.16.54:131][  0]LogConfig: Setting CVar [[r.HairStrands.SkyAO.SampleCount:16]]
[2020.09.30-18.16.54:131][  0]LogConfig: Applying CVar settings from Section [Startup] File [../../../Engine/Config/ConsoleVariables.ini]
[2020.09.30-18.16.54:131][  0]LogConfig: Setting CVar [[net.UseAdaptiveNetUpdateFrequency:0]]
[2020.09.30-18.16.54:131][  0]LogConfig: Setting CVar [[p.chaos.AllowCreatePhysxBodies:1]]
[2020.09.30-18.16.54:131][  0]LogConfig: Applying CVar settings from Section [ConsoleVariables] File [H:/Crunch/CRUNCH/Saved/Config/Windows/Engine.ini]
[2020.09.30-18.16.54:131][  0]LogInit: Computer: DESKTOP-8V63J02
[2020.09.30-18.16.54:131][  0]LogInit: User: Aran
[2020.09.30-18.16.54:131][  0]LogInit: CPU Page size=4096, Cores=8
[2020.09.30-18.16.54:131][  0]LogInit: High frequency timer resolution =10.000000 MHz
[2020.09.30-18.16.54:131][  0]LogMemory: Memory total: Physical=15.9GB (16GB approx)
[2020.09.30-18.16.54:131][  0]LogMemory: Platform Memory Stats for Windows
[2020.09.30-18.16.54:131][  0]LogMemory: Process Physical Memory: 107.18 MB used, 107.18 MB peak
[2020.09.30-18.16.54:131][  0]LogMemory: Process Virtual Memory: 102.62 MB used, 102.62 MB peak
[2020.09.30-18.16.54:131][  0]LogMemory: Physical Memory: 6435.44 MB used,  9878.09 MB free, 16313.53 MB total
[2020.09.30-18.16.54:131][  0]LogMemory: Virtual Memory: 5179.32 MB used,  134212552.00 MB free, 134217728.00 MB total
[2020.09.30-18.16.54:132][  0]LogWindows: WindowsPlatformFeatures enabled
[2020.09.30-18.16.54:153][  0]LogInit: Using OS detected language (en-GB).
[2020.09.30-18.16.54:153][  0]LogInit: Using OS detected locale (en-GB).
[2020.09.30-18.16.54:154][  0]LogTextLocalizationManager: No specific localization for 'en-GB' exists, so the 'en' localization will be used.
[2020.09.30-18.16.54:291][  0]LogSlate: New Slate User Created.  User Index 0, Is Virtual User: 0
[2020.09.30-18.16.54:291][  0]LogSlate: Slate User Registered.  User Index 0, Is Virtual User: 0
[2020.09.30-18.16.54:380][  0]LogD3D11RHI: D3D11 min allowed feature level: 11_0
[2020.09.30-18.16.54:380][  0]LogD3D11RHI: D3D11 max allowed feature level: 11_0
[2020.09.30-18.16.54:380][  0]LogD3D11RHI: D3D11 adapters:
[2020.09.30-18.16.54:456][  0]LogD3D11RHI:    0. 'NVIDIA GeForce RTX 2060' (Feature Level 11_0)
[2020.09.30-18.16.54:456][  0]LogD3D11RHI:       5980/0/8156 MB DedicatedVideo/DedicatedSystem/SharedSystem, Outputs:1, VendorId:0x10de
[2020.09.30-18.16.54:457][  0]LogD3D11RHI:    1. 'Microsoft Basic Render Driver' (Feature Level 11_0)
[2020.09.30-18.16.54:457][  0]LogD3D11RHI:       0/0/8156 MB DedicatedVideo/DedicatedSystem/SharedSystem, Outputs:0, VendorId:0x1414
[2020.09.30-18.16.54:457][  0]LogD3D11RHI: Chosen D3D11 Adapter: 0
[2020.09.30-18.16.54:462][  0]LogD3D11RHI: Creating new Direct3DDevice
[2020.09.30-18.16.54:462][  0]LogD3D11RHI:     GPU DeviceId: 0x1f08 (for the marketing name, search the web for "GPU Device Id")
[2020.09.30-18.16.54:462][  0]LogWindows: EnumDisplayDevices:
[2020.09.30-18.16.54:462][  0]LogWindows:    0. 'NVIDIA GeForce RTX 2060' (P:1 D:1)
[2020.09.30-18.16.54:462][  0]LogWindows:    1. 'NVIDIA GeForce RTX 2060' (P:0 D:0)
[2020.09.30-18.16.54:462][  0]LogWindows:    2. 'NVIDIA GeForce RTX 2060' (P:0 D:0)
[2020.09.30-18.16.54:463][  0]LogWindows:    3. 'NVIDIA GeForce RTX 2060' (P:0 D:0)
[2020.09.30-18.16.54:463][  0]LogWindows: DebugString: FoundDriverCount:4 
[2020.09.30-18.16.54:463][  0]LogD3D11RHI:     Adapter Name: NVIDIA GeForce RTX 2060
[2020.09.30-18.16.54:463][  0]LogD3D11RHI:   Driver Version: 456.55 (internal:27.21.14.5655, unified:456.55)
[2020.09.30-18.16.54:463][  0]LogD3D11RHI:      Driver Date: 9-24-2020
[2020.09.30-18.16.54:463][  0]LogRHI: Texture pool is 4186 MB (70% of 5980 MB)
[2020.09.30-18.16.54:515][  0]LogD3D11RHI: RHI has support for 64 bit atomics
[2020.09.30-18.16.54:515][  0]LogD3D11RHI: Async texture creation enabled
[2020.09.30-18.16.54:538][  0]LogD3D11RHI: GPU Timing Frequency: 1000.000000 (Debug: 2 1)
[2020.09.30-18.16.54:727][  0]LogTargetPlatformManager: Display: Loaded TargetPlatform 'AllDesktop'
[2020.09.30-18.16.54:751][  0]LogTargetPlatformManager: Display: Loaded TargetPlatform 'Android'
[2020.09.30-18.16.54:751][  0]LogTargetPlatformManager: Display: Loaded TargetPlatform 'Android_ASTC'
[2020.09.30-18.16.54:751][  0]LogTargetPlatformManager: Display: Loaded TargetPlatform 'Android_ATC'
[2020.09.30-18.16.54:751][  0]LogTargetPlatformManager: Display: Loaded TargetPlatform 'Android_DXT'
[2020.09.30-18.16.54:751][  0]LogTargetPlatformManager: Display: Loaded TargetPlatform 'Android_ETC1'
[2020.09.30-18.16.54:751][  0]LogTargetPlatformManager: Display: Loaded TargetPlatform 'Android_ETC1a'
[2020.09.30-18.16.54:751][  0]LogTargetPlatformManager: Display: Loaded TargetPlatform 'Android_ETC2'
[2020.09.30-18.16.54:751][  0]LogTargetPlatformManager: Display: Loaded TargetPlatform 'Android_PVRTC'
[2020.09.30-18.16.54:751][  0]LogTargetPlatformManager: Display: Loaded TargetPlatform 'AndroidClient'
[2020.09.30-18.16.54:751][  0]LogTargetPlatformManager: Display: Loaded TargetPlatform 'Android_ASTCClient'
[2020.09.30-18.16.54:751][  0]LogTargetPlatformManager: Display: Loaded TargetPlatform 'Android_ATCClient'
[2020.09.30-18.16.54:751][  0]LogTargetPlatformManager: Display: Loaded TargetPlatform 'Android_DXTClient'
[2020.09.30-18.16.54:751][  0]LogTargetPlatformManager: Display: Loaded TargetPlatform 'Android_ETC1Client'
[2020.09.30-18.16.54:751][  0]LogTargetPlatformManager: Display: Loaded TargetPlatform 'Android_ETC1aClient'
[2020.09.30-18.16.54:751][  0]LogTargetPlatformManager: Display: Loaded TargetPlatform 'Android_ETC2Client'
[2020.09.30-18.16.54:751][  0]LogTargetPlatformManager: Display: Loaded TargetPlatform 'Android_PVRTCClient'
[2020.09.30-18.16.54:751][  0]LogTargetPlatformManager: Display: Loaded TargetPlatform 'Android_Multi'
[2020.09.30-18.16.54:751][  0]LogTargetPlatformManager: Display: Loaded TargetPlatform 'Android_MultiClient'
[2020.09.30-18.16.54:767][  0]LogTargetPlatformManager: Display: Loaded TargetPlatform 'IOSClient'
[2020.09.30-18.16.54:767][  0]LogTargetPlatformManager: Display: Loaded TargetPlatform 'IOS'
[2020.09.30-18.16.54:773][  0]LogTargetPlatformManager: Display: Loaded TargetPlatform 'LinuxNoEditor'
[2020.09.30-18.16.54:778][  0]LogTargetPlatformManager: Display: Loaded TargetPlatform 'LinuxClient'
[2020.09.30-18.16.54:783][  0]LogTargetPlatformManager: Display: Loaded TargetPlatform 'LinuxServer'
[2020.09.30-18.16.54:788][  0]LogTargetPlatformManager: Display: Loaded TargetPlatform 'LinuxAArch64NoEditor'
[2020.09.30-18.16.54:793][  0]LogTargetPlatformManager: Display: Loaded TargetPlatform 'LinuxAArch64Client'
[2020.09.30-18.16.54:798][  0]LogTargetPlatformManager: Display: Loaded TargetPlatform 'LinuxAArch64Server'
[2020.09.30-18.16.54:816][  0]LogTargetPlatformManager: Display: Loaded TargetPlatform 'Lumin'
[2020.09.30-18.16.54:816][  0]LogTargetPlatformManager: Display: Loaded TargetPlatform 'LuminClient'
[2020.09.30-18.16.54:826][  0]LogTargetPlatformManager: Display: Loaded TargetPlatform 'TVOSClient'
[2020.09.30-18.16.54:826][  0]LogTargetPlatformManager: Display: Loaded TargetPlatform 'TVOS'
[2020.09.30-18.16.54:832][  0]LogTargetPlatformManager: Display: Loaded TargetPlatform 'WindowsNoEditor'
[2020.09.30-18.16.54:837][  0]LogTargetPlatformManager: Display: Loaded TargetPlatform 'Windows'
[2020.09.30-18.16.54:842][  0]LogTargetPlatformManager: Display: Loaded TargetPlatform 'WindowsClient'
[2020.09.30-18.16.54:848][  0]LogTargetPlatformManager: Display: Loaded TargetPlatform 'WindowsServer'
[2020.09.30-18.16.54:848][  0]LogTargetPlatformManager: Display: Building Assets For Windows
[2020.09.30-18.16.54:849][  0]LogAudioDebug: Display: Lib vorbis DLL was dynamically loaded.
[2020.09.30-18.16.54:861][  0]LogShaderCompilers: Guid format shader working directory is 16 characters bigger than the processId version (../../../../../Crunch/CRUNCH/Intermediate/Shaders/WorkingDirectory/12752/).
[2020.09.30-18.16.54:861][  0]LogShaderCompilers: Cleaned the shader compiler working directory 'C:/Users/Aran/AppData/Local/Temp/UnrealShaderWorkingDir/84C8550E4D53071C773473A4B3B7DC86/'.
[2020.09.30-18.16.54:862][  0]LogXGEController: Cannot use XGE Controller as Incredibuild is not installed on this machine.
[2020.09.30-18.16.54:862][  0]LogShaderCompilers: Cannot use XGE Shader Compiler as Incredibuild is not installed on this machine.
[2020.09.30-18.16.54:862][  0]LogShaderCompilers: Display: Using Local Shader Compiler.
[2020.09.30-18.16.55:428][  0]LogDerivedDataCache: Display: Max Cache Size: 512 MB
[2020.09.30-18.16.55:472][  0]LogDerivedDataCache: Loaded boot cache 0.04s 78MB C:/Users/Aran/AppData/Local/UnrealEngine/4.24/DerivedDataCache/Boot.ddc.
[2020.09.30-18.16.55:472][  0]LogDerivedDataCache: Display: Loaded Boot cache: C:/Users/Aran/AppData/Local/UnrealEngine/4.24/DerivedDataCache/Boot.ddc
[2020.09.30-18.16.55:472][  0]LogDerivedDataCache: FDerivedDataBackendGraph:  Pak pak cache file ../../../../../Crunch/CRUNCH/DerivedDataCache/DDC.ddp not found, will not use a pak cache.
[2020.09.30-18.16.55:472][  0]LogDerivedDataCache: Unable to find inner node Pak for hierarchical cache Hierarchy.
[2020.09.30-18.16.55:472][  0]LogDerivedDataCache: FDerivedDataBackendGraph:  CompressedPak pak cache file ../../../../../Crunch/CRUNCH/DerivedDataCache/Compressed.ddp not found, will not use a pak cache.
[2020.09.30-18.16.55:472][  0]LogDerivedDataCache: Unable to find inner node CompressedPak for hierarchical cache Hierarchy.
[2020.09.30-18.16.55:481][  0]LogDerivedDataCache: Display: Pak cache opened for reading ../../../Engine/DerivedDataCache/Compressed.ddp.
[2020.09.30-18.16.55:481][  0]LogDerivedDataCache: FDerivedDataBackendGraph:  EnterprisePak pak cache file ../../../Enterprise/DerivedDataCache/Compressed.ddp not found, will not use a pak cache.
[2020.09.30-18.16.55:481][  0]LogDerivedDataCache: Unable to find inner node EnterprisePak for hierarchical cache Hierarchy.
[2020.09.30-18.16.55:483][  0]LogDerivedDataCache: Using Local data cache path C:/Users/Aran/AppData/Local/UnrealEngine/Common/DerivedDataCache: Writable
[2020.09.30-18.16.55:483][  0]LogDerivedDataCache: Shared data cache path not found in *engine.ini, will not use an Shared cache.
[2020.09.30-18.16.55:483][  0]LogDerivedDataCache: Unable to find inner node Shared for hierarchical cache Hierarchy.
[2020.09.30-18.16.55:504][  0]LogMaterial: Verifying Global Shaders for PCD3D_SM5
[2020.09.30-18.16.55:506][  0]LogSlate: Using FreeType 2.10.0
[2020.09.30-18.16.55:507][  0]LogSlate: SlateFontServices - WITH_FREETYPE: 1, WITH_HARFBUZZ: 1
[2020.09.30-18.16.55:544][  0]LogAssetRegistry: FAssetRegistry took 0.0019 seconds to start up
[2020.09.30-18.16.55:768][  0]LogInit: Selected Device Profile: [Windows]
[2020.09.30-18.16.55:791][  0]LogMeshReduction: Using QuadricMeshReduction for automatic static mesh reduction
[2020.09.30-18.16.55:791][  0]LogMeshReduction: Using SimplygonMeshReduction for automatic skeletal mesh reduction
[2020.09.30-18.16.55:791][  0]LogMeshReduction: Using ProxyLODMeshReduction for automatic mesh merging
[2020.09.30-18.16.55:791][  0]LogMeshReduction: No distributed automatic mesh merging module available
[2020.09.30-18.16.55:791][  0]LogMeshMerging: No distributed automatic mesh merging module available
[2020.09.30-18.16.55:894][  0]LogNetVersion: CRUNCH 1.0.0, NetCL: 10570792, EngineNetVer: 13, GameNetVer: 0 (Checksum: 2422846099)
[2020.09.30-18.16.56:692][  0]LogPackageLocalizationCache: Processed 9 localized package path(s) for 1 prioritized culture(s) in 0.071422 seconds
[2020.09.30-18.16.56:698][  0]LogUObjectArray: 46288 objects as part of root set at end of initial load.
[2020.09.30-18.16.56:698][  0]LogUObjectAllocator: 8062376 out of 0 bytes used by permanent object pool.
[2020.09.30-18.16.56:698][  0]LogUObjectArray: CloseDisregardForGC: 0/0 objects in disregard for GC pool
[2020.09.30-18.16.57:034][  0]LogTcpMessaging: Initializing TcpMessaging bridge
[2020.09.30-18.16.57:037][  0]LogUdpMessaging: Initializing bridge on interface 0.0.0.0:0 to multicast group 230.0.0.1:6666.
[2020.09.30-18.16.57:069][  0]SourceControl: Source control is disabled
[2020.09.30-18.16.57:069][  0]SourceControl: Source control is disabled
[2020.09.30-18.16.57:070][  0]SourceControl: Source control is disabled
[2020.09.30-18.16.57:070][  0]SourceControl: Source control is disabled
[2020.09.30-18.16.57:070][  0]SourceControl: Source control is disabled
[2020.09.30-18.16.57:118][  0]LogAndroidPermission: UAndroidPermissionCallbackProxy::GetInstance
[2020.09.30-18.16.57:125][  0]LogAudioCaptureCore: Display: No Audio Capture implementations found. Audio input will be silent.
[2020.09.30-18.16.57:125][  0]LogAudioCaptureCore: Display: No Audio Capture implementations found. Audio input will be silent.
[2020.09.30-18.16.57:189][  0]LogOcInput: OculusInput pre-init called
[2020.09.30-18.16.57:194][  0]LogWindows: Failed to load 'OVRPlugin.dll' (GetLastError=126)
[2020.09.30-18.16.57:194][  0]LogWindows: File 'OVRPlugin.dll' does not exist
[2020.09.30-18.16.57:251][  0]LogEngine: Initializing Engine...
[2020.09.30-18.16.57:252][  0]LogStats: UGameplayTagsManager::InitializeManager -  0.000 s
[2020.09.30-18.16.57:516][  0]LogInit: Initializing FReadOnlyCVARCache
[2020.09.30-18.16.57:521][  0]LogAIModule: Creating AISystem for world Untitled
[2020.09.30-18.16.57:533][  0]LogAudioMixer: Display: Audio Mixer Platform Settings:
[2020.09.30-18.16.57:533][  0]LogAudioMixer: Display: 	Sample Rate:						  48000
[2020.09.30-18.16.57:533][  0]LogAudioMixer: Display: 	Callback Buffer Frame Size Requested: 1024
[2020.09.30-18.16.57:533][  0]LogAudioMixer: Display: 	Callback Buffer Frame Size To Use:	  1024
[2020.09.30-18.16.57:533][  0]LogAudioMixer: Display: 	Number of buffers to queue:			  2
[2020.09.30-18.16.57:533][  0]LogAudioMixer: Display: 	Max Channels (voices):				  32
[2020.09.30-18.16.57:533][  0]LogAudioMixer: Display: 	Number of Async Source Workers:		  0
[2020.09.30-18.16.57:533][  0]LogAudio: Display: AudioDevice MaxSources: 32
[2020.09.30-18.16.57:533][  0]LogAudio: Display: Using built-in audio occlusion.
[2020.09.30-18.16.57:533][  0]LogAudioMixer: Display: Initializing audio mixer.
[2020.09.30-18.16.57:545][  0]LogAudioMixer: Display: Audio Device Output Speaker Info:
[2020.09.30-18.16.57:545][  0]LogAudioMixer: Display: Name: Speakers (Focusrite Usb Audio)
[2020.09.30-18.16.57:545][  0]LogAudioMixer: Display: Is Default: Yes
[2020.09.30-18.16.57:545][  0]LogAudioMixer: Display: Sample Rate: 48000
[2020.09.30-18.16.57:545][  0]LogAudioMixer: Display: Channel Count Used: 2
[2020.09.30-18.16.57:545][  0]LogAudioMixer: Display: Device Channel Count: 2
[2020.09.30-18.16.57:545][  0]LogAudioMixer: Display: Channel Order:
[2020.09.30-18.16.57:545][  0]LogAudioMixer: Display: 0: FrontLeft
[2020.09.30-18.16.57:545][  0]LogAudioMixer: Display: 1: FrontRight
[2020.09.30-18.16.57:555][  0]LogAudioMixer: Display: Using Audio Device Speakers (Focusrite Usb Audio)
[2020.09.30-18.16.57:558][  0]LogInit: FAudioDevice initialized.
[2020.09.30-18.16.57:559][  0]LogNetVersion: Set ProjectVersion to 1.0.0.0. Version Checksum will be recalculated on next use.
[2020.09.30-18.16.58:025][  0]LogDerivedDataCache: Saved boot cache 0.47s 78MB C:/Users/Aran/AppData/Local/UnrealEngine/4.24/DerivedDataCache/Boot.ddc.
[2020.09.30-18.16.58:028][  0]LogInit: Texture streaming: Enabled
[2020.09.30-18.16.58:034][  0]LogEngineSessionManager: EngineSessionManager initialized
[2020.09.30-18.16.58:034][  0]LogEditorSessionSummary: Verbose: Initializing EditorSessionSummaryWriter for editor session tracking
[2020.09.30-18.16.58:035][  0]LogEditorSessionSummary: EditorSessionSummaryWriter initialized
[2020.09.30-18.16.58:097][  0]LogInit: Transaction tracking system initialized
[2020.09.30-18.16.58:103][  0]BlueprintLog: New page: Editor Load
[2020.09.30-18.16.58:122][  0]LocalizationService: Localization service is disabled
[2020.09.30-18.16.58:436][  0]LogFileCache: Scanning file cache for directory 'H:/Crunch/CRUNCH/Content/' took 0.01s
[2020.09.30-18.16.58:436][  0]LogCook: Display: Max memory allowance for cook 16384mb min free memory 0mb
[2020.09.30-18.16.58:436][  0]LogCook: Display: Mobile HDR setting 1
[2020.09.30-18.16.58:501][  0]SourceControl: Source control is disabled
[2020.09.30-18.16.58:501][  0]Cmd: MAP LOAD FILE="../../../../../Crunch/CRUNCH/Content/FirstPersonBP/Maps/FirstPersonExampleMap.umap" TEMPLATE=0 SHOWPROGRESS=1 FEATURELEVEL=3
[2020.09.30-18.16.58:543][  0]LightingResults: New page: Lighting Build
[2020.09.30-18.16.58:544][  0]LogWorld: UWorld::CleanupWorld for Untitled, bSessionEnded=true, bCleanupResources=true
[2020.09.30-18.16.58:544][  0]LogSlate: InvalidateAllWidgets triggered.  All widgets were invalidated
[2020.09.30-18.16.58:544][  0]MapCheck: New page: Map Check
[2020.09.30-18.16.58:544][  0]LightingResults: New page: Lighting Build
[2020.09.30-18.16.58:569][  0]LogUObjectHash: Compacting FUObjectHashTables data took   1.51ms
[2020.09.30-18.17.03:165][  0]LogAIModule: Creating AISystem for world FirstPersonExampleMap
[2020.09.30-18.17.03:271][  0]LogEditorServer: Finished looking for orphan Actors (0.000 secs)
[2020.09.30-18.17.03:311][  0]LogUObjectHash: Compacting FUObjectHashTables data took   2.18ms
[2020.09.30-18.17.03:312][  0]Cmd: MAP CHECKDEP NOCLEARLOG
[2020.09.30-18.17.03:312][  0]MapCheck: Map check complete: 0 Error(s), 0 Warning(s), took 0.142ms to complete.
[2020.09.30-18.17.03:312][  0]LogFileHelpers: Loading map 'FirstPersonExampleMap' took 4.810
[2020.09.30-18.17.03:813][  0]LogSlate: Updating window title bar state: overlay mode, drag disabled, window buttons hidden, title bar hidden
[2020.09.30-18.17.03:827][  0]LogSlate: Updating window title bar state: overlay mode, drag disabled, window buttons hidden, title bar hidden
[2020.09.30-18.17.03:832][  0]LogSlate: Updating window title bar state: overlay mode, drag disabled, window buttons hidden, title bar hidden
[2020.09.30-18.17.03:836][  0]LogSlate: Updating window title bar state: overlay mode, drag disabled, window buttons hidden, title bar hidden
[2020.09.30-18.17.03:932][  0]LogCollectionManager: Loaded 0 collections in 0.001482 seconds
[2020.09.30-18.17.04:058][  0]LogFileCache: Scanning file cache for directory 'H:/Crunch/CRUNCH/Saved/Collections/' took 0.00s
[2020.09.30-18.17.04:058][  0]LogFileCache: Scanning file cache for directory 'H:/Crunch/CRUNCH/Content/Developers/Aran/Collections/' took 0.00s
[2020.09.30-18.17.04:058][  0]LogFileCache: Scanning file cache for directory 'H:/Crunch/CRUNCH/Content/Collections/' took 0.00s
[2020.09.30-18.17.04:058][  0]LogContentBrowser: Native class hierarchy populated in 0.0075 seconds. Added 3009 classes and 710 folders.
[2020.09.30-18.17.04:095][  0]LogContentBrowser: Native class hierarchy updated for 'WidgetCarousel' in 0.0002 seconds. Added 0 classes and 0 folders.
[2020.09.30-18.17.04:935][  0]LogContentBrowser: Native class hierarchy updated for 'AddContentDialog' in 0.0002 seconds. Added 0 classes and 0 folders.
[2020.09.30-18.17.04:977][  0]LogContentBrowser: Native class hierarchy updated for 'SceneOutliner' in 0.0002 seconds. Added 2 classes and 3 folders.
[2020.09.30-18.17.05:507][  0]LogSlate: Took 0.000109 seconds to synchronously load lazily loaded font '../../../Engine/Content/Slate/Fonts/Roboto-Regular.ttf' (155K)
[2020.09.30-18.17.05:508][  0]LogSlate: Took 0.000095 seconds to synchronously load lazily loaded font '../../../Engine/Content/Slate/Fonts/Roboto-Bold.ttf' (160K)
[2020.09.30-18.17.05:536][  0]LogSlate: Took 0.015987 seconds to synchronously load lazily loaded font '../../../Engine/Content/Editor/Slate/Fonts/FontAwesome.ttf' (139K)
[2020.09.30-18.17.05:892][  0]LogRenderer: Reallocating scene render targets to support 1208x572 Format 10 NumSamples 1 (Frame:1).
[2020.09.30-18.17.06:249][  0]LogSlate: Window 'Tutorials' being destroyed
[2020.09.30-18.17.06:256][  0]LogContentBrowser: Native class hierarchy updated for 'HierarchicalLODOutliner' in 0.0002 seconds. Added 0 classes and 0 folders.
[2020.09.30-18.17.06:256][  0]LogLoad: (Engine Initialization) Total time: 12.94 seconds
[2020.09.30-18.17.06:257][  0]LogLoad: (Engine Initialization) Total Blueprint compile time: 0.00 seconds
[2020.09.30-18.17.06:332][  0]LogContentStreaming: Texture pool size now 1000 MB
[2020.09.30-18.17.06:431][  0]LogSlate: Took 0.035955 seconds to synchronously load lazily loaded font '../../../Engine/Content/Slate/Fonts/Roboto-Light.ttf' (167K)
[2020.09.30-18.17.06:773][  3]LogAssetRegistry: Asset discovery search completed in 11.2292 seconds
[2020.09.30-18.17.06:775][  3]LogCollectionManager: Fixed up redirectors for 0 collections in 0.000006 seconds (updated 0 objects)
[2020.09.30-18.17.11:075][475]LogSlate: Took 0.000111 seconds to synchronously load lazily loaded font '../../../Engine/Content/Slate/Fonts/Roboto-Light.ttf' (167K)
[2020.09.30-18.17.14:711][475]LogAIModule: Creating AISystem for world BedRoom
[2020.09.30-18.17.14:732][475]LogAssetEditorSubsystem: Opening Asset editor for World /Game/Level/BedRoom.BedRoom
[2020.09.30-18.17.14:777][475]LogUObjectHash: Compacting FUObjectHashTables data took   1.66ms
[2020.09.30-18.17.14:833][475]Cmd: MAP LOAD FILE="../../../../../Crunch/CRUNCH/Content/Level/BedRoom.umap" TEMPLATE=0 SHOWPROGRESS=1 FEATURELEVEL=3
[2020.09.30-18.17.14:833][475]LightingResults: New page: Lighting Build
[2020.09.30-18.17.14:833][475]LoadErrors: New page: Loading map: BedRoom.umap
[2020.09.30-18.17.14:841][475]LogWorld: UWorld::CleanupWorld for FirstPersonExampleMap, bSessionEnded=true, bCleanupResources=true
[2020.09.30-18.17.14:841][475]LogSlate: InvalidateAllWidgets triggered.  All widgets were invalidated
[2020.09.30-18.17.14:841][475]MapCheck: New page: Map Check
[2020.09.30-18.17.14:841][475]LightingResults: New page: Lighting Build
[2020.09.30-18.17.14:867][475]LogUObjectHash: Compacting FUObjectHashTables data took   1.74ms
[2020.09.30-18.17.14:900][475]LogEditorServer: Finished looking for orphan Actors (0.000 secs)
[2020.09.30-18.17.14:927][475]LogUObjectHash: Compacting FUObjectHashTables data took   1.56ms
[2020.09.30-18.17.14:954][475]Cmd: MAP CHECKDEP NOCLEARLOG
[2020.09.30-18.17.14:954][475]MapCheck: Map check complete: 0 Error(s), 0 Warning(s), took 0.071ms to complete.
[2020.09.30-18.17.14:954][475]LogFileHelpers: Loading map 'BedRoom' took 0.169
[2020.09.30-18.17.19:380][890]LogAssetEditorSubsystem: Opening Asset editor for Blueprint /Game/FirstPersonBP/Blueprints/FirstPersonCharacter.FirstPersonCharacter
[2020.09.30-18.17.19:871][890]LogContentBrowser: Native class hierarchy updated for 'BlueprintGraph' in 0.0005 seconds. Added 121 classes and 0 folders.
[2020.09.30-18.17.21:184][890]LogSlate: Took 0.000126 seconds to synchronously load lazily loaded font '../../../Engine/Content/Slate/Fonts/Roboto-BoldCondensed.ttf' (158K)
[2020.09.30-18.17.21:902][891]LogSlate: Took 0.009650 seconds to synchronously load lazily loaded font '../../../Engine/Content/Slate/Fonts/Roboto-Italic.ttf' (157K)
[2020.09.30-18.17.23:534][ 54]LogEditorViewport: Clicking on Actor (LMB): Door_C (Door)
[2020.09.30-18.17.24:413][148]LogAssetEditorSubsystem: Opening Asset editor for Blueprint /Game/Actors/Door.Door
[2020.09.30-18.17.57:006][432]BlueprintLog: New page: Compile Door
[2020.09.30-18.17.57:236][432]LogUObjectHash: Compacting FUObjectHashTables data took   3.22ms
[2020.09.30-18.17.59:405][668]LogTemp: Repeating last play command: Selected Viewport
[2020.09.30-18.17.59:423][668]LogPlayLevel: PlayLevel: No blueprints needed recompiling
[2020.09.30-18.17.59:438][668]PIE: New page: PIE session: BedRoom (30 Sep 2020, 20:17:59)
[2020.09.30-18.17.59:450][668]LogOnline: OSS: Creating online subsystem instance for: NULL
[2020.09.30-18.17.59:459][668]LogOnline: OSS: TryLoadSubsystemAndSetDefault: Loaded subsystem for module [NULL]
[2020.09.30-18.17.59:459][668]LogPlayLevel: Creating play world package: /Game/Level/UEDPIE_0_BedRoom
[2020.09.30-18.17.59:478][668]LogPlayLevel: PIE: StaticDuplicateObject took: (0.019643s)
[2020.09.30-18.17.59:485][668]LogAIModule: Creating AISystem for world BedRoom
[2020.09.30-18.17.59:485][668]LogPlayLevel: PIE: World Init took: (0.006226s)
[2020.09.30-18.17.59:485][668]LogPlayLevel: PIE: Created PIE world by copying editor world from /Game/Level/BedRoom.BedRoom to /Game/Level/UEDPIE_0_BedRoom.BedRoom (0.026029s)
[2020.09.30-18.17.59:514][668]LogUObjectHash: Compacting FUObjectHashTables data took   3.08ms
[2020.09.30-18.17.59:515][668]LogAudioMixer: Display: Audio Mixer Platform Settings:
[2020.09.30-18.17.59:515][668]LogAudioMixer: Display: 	Sample Rate:						  48000
[2020.09.30-18.17.59:515][668]LogAudioMixer: Display: 	Callback Buffer Frame Size Requested: 1024
[2020.09.30-18.17.59:515][668]LogAudioMixer: Display: 	Callback Buffer Frame Size To Use:	  1024
[2020.09.30-18.17.59:515][668]LogAudioMixer: Display: 	Number of buffers to queue:			  2
[2020.09.30-18.17.59:515][668]LogAudioMixer: Display: 	Max Channels (voices):				  32
[2020.09.30-18.17.59:515][668]LogAudioMixer: Display: 	Number of Async Source Workers:		  0
[2020.09.30-18.17.59:515][668]LogAudio: Display: AudioDevice MaxSources: 32
[2020.09.30-18.17.59:515][668]LogAudio: Display: Using built-in audio occlusion.
[2020.09.30-18.17.59:515][668]LogAudioMixer: Display: Initializing audio mixer.
[2020.09.30-18.17.59:523][668]LogAudioMixer: Display: Audio Device Output Speaker Info:
[2020.09.30-18.17.59:523][668]LogAudioMixer: Display: Name: Speakers (Focusrite Usb Audio)
[2020.09.30-18.17.59:523][668]LogAudioMixer: Display: Is Default: Yes
[2020.09.30-18.17.59:523][668]LogAudioMixer: Display: Sample Rate: 48000
[2020.09.30-18.17.59:523][668]LogAudioMixer: Display: Channel Count Used: 2
[2020.09.30-18.17.59:523][668]LogAudioMixer: Display: Device Channel Count: 2
[2020.09.30-18.17.59:523][668]LogAudioMixer: Display: Channel Order:
[2020.09.30-18.17.59:523][668]LogAudioMixer: Display: 0: FrontLeft
[2020.09.30-18.17.59:523][668]LogAudioMixer: Display: 1: FrontRight
[2020.09.30-18.17.59:527][668]LogAudioMixer: Display: Using Audio Device Speakers (Focusrite Usb Audio)
[2020.09.30-18.17.59:528][668]LogInit: FAudioDevice initialized.
[2020.09.30-18.17.59:542][668]LogLoad: Game class is 'FirstPersonGameMode_C'
[2020.09.30-18.17.59:548][668]LogWorld: Bringing World /Game/Level/UEDPIE_0_BedRoom.BedRoom up for play (max tick rate 0) at 2020.09.30-19.17.59
[2020.09.30-18.17.59:553][668]LogWorld: Bringing up level for play took: 0.007185
[2020.09.30-18.17.59:553][668]LogOnline: OSS: Creating online subsystem instance for: :Context_4
[2020.09.30-18.17.59:660][668]LogContentBrowser: Native class hierarchy updated for 'MovieSceneCapture' in 0.0003 seconds. Added 20 classes and 0 folders.
[2020.09.30-18.17.59:771][668]PIE: Play in editor start time for /Game/Level/UEDPIE_0_BedRoom -0.127
[2020.09.30-18.18.22:927][398]LogScript: Warning: Script Msg: SetTimer passed a negative time or initial start delay.  The associated timer may fail to fire!  If using InitialStartDelayVariance, be sure it is smaller than (Time + InitialStartDelay).
[2020.09.30-18.18.23:335][446]LogScript: Warning: Script Msg: SetTimer passed a negative time or initial start delay.  The associated timer may fail to fire!  If using InitialStartDelayVariance, be sure it is smaller than (Time + InitialStartDelay).
[2020.09.30-18.18.32:677][567]LogScript: Warning: Script Msg: SetTimer passed a negative time or initial start delay.  The associated timer may fail to fire!  If using InitialStartDelayVariance, be sure it is smaller than (Time + InitialStartDelay).
[2020.09.30-18.18.33:076][615]LogScript: Warning: Script Msg: SetTimer passed a negative time or initial start delay.  The associated timer may fail to fire!  If using InitialStartDelayVariance, be sure it is smaller than (Time + InitialStartDelay).
[2020.09.30-18.18.34:185][748]LogAudioMixer: Display: No commands were queued while flushing the source manager.
[2020.09.30-18.18.34:195][748]LogAudioMixer: Display: Flush succeeded in the source manager command queue (1).
[2020.09.30-18.18.34:215][748]LogAudioMixer: Display: Flush succeeded the source manager command queue (2).
[2020.09.30-18.18.34:215][748]LogSlate: Updating window title bar state: overlay mode, drag disabled, window buttons hidden, title bar hidden
[2020.09.30-18.18.34:215][748]LogWorld: BeginTearingDown for /Game/Level/UEDPIE_0_BedRoom
[2020.09.30-18.18.34:215][748]LogAudioMixer: Display: No commands were queued while flushing the source manager.
[2020.09.30-18.18.34:215][748]LogWorld: UWorld::CleanupWorld for BedRoom, bSessionEnded=true, bCleanupResources=true
[2020.09.30-18.18.34:216][748]LogSlate: InvalidateAllWidgets triggered.  All widgets were invalidated
[2020.09.30-18.18.34:226][748]LogPlayLevel: Display: Shutting down PIE online subsystems
[2020.09.30-18.18.34:231][748]LogSlate: InvalidateAllWidgets triggered.  All widgets were invalidated
[2020.09.30-18.18.34:259][748]LogAudioMixer: Display: No commands were queued while flushing the source manager.
[2020.09.30-18.18.34:261][748]LogSlate: Updating window title bar state: overlay mode, drag disabled, window buttons hidden, title bar hidden
[2020.09.30-18.18.34:282][748]LogUObjectHash: Compacting FUObjectHashTables data took   3.84ms
[2020.09.30-18.18.34:318][749]LogPlayLevel: Display: Destroying online subsystem :Context_4
[2020.09.30-18.18.49:765][375]BlueprintLog: New page: Compile Door
[2020.09.30-18.18.50:018][375]LogUObjectHash: Compacting FUObjectHashTables data took   3.97ms
[2020.09.30-18.27.46:215][ 30]LogUObjectHash: Compacting FUObjectHashTables data took   3.96ms
[2020.09.30-18.27.46:216][ 30]Cmd: OBJ SAVEPACKAGE PACKAGE="/Game/Level/BedRoom" FILE="../../../../../Crunch/CRUNCH/Saved/Autosaves/Game/Level/BedRoom_Auto1.umap" SILENT=true AUTOSAVING=true KEEPDIRTY=false
[2020.09.30-18.27.46:632][ 30]LogSavePackage: Moving '../../../../../Crunch/CRUNCH/Saved/BedRoom_Auto1852A46164077CB3C5F2290B0D1302B76.tmp' to '../../../../../Crunch/CRUNCH/Saved/Autosaves/Game/Level/BedRoom_Auto1.umap'
[2020.09.30-18.27.46:651][ 30]LogFileHelpers: Editor autosave (incl. sublevels) for '/Game/Level/BedRoom' took 0.468
[2020.09.30-18.27.46:651][ 30]LogFileHelpers: Editor autosave (incl. sublevels) for all levels took 0.468
[2020.09.30-18.27.46:651][ 30]OBJ SavePackage: Generating thumbnails for [1] asset(s) in package [/Game/Actors/Door] ([1] browsable assets)...
[2020.09.30-18.27.46:697][ 30]OBJ SavePackage:     Rendered thumbnail for [Blueprint /Game/Actors/Door.Door]
[2020.09.30-18.27.46:697][ 30]OBJ SavePackage: Finished generating thumbnails for package [/Game/Actors/Door]
[2020.09.30-18.27.46:698][ 30]Cmd: OBJ SAVEPACKAGE PACKAGE="/Game/Actors/Door" FILE="../../../../../Crunch/CRUNCH/Saved/Autosaves/Game/Actors/Door_Auto1.uasset" SILENT=false AUTOSAVING=true
[2020.09.30-18.27.46:851][ 30]LogSavePackage: Moving '../../../../../Crunch/CRUNCH/Saved/Door_Auto1ACA69E614DA2C51EF1D255956326418D.tmp' to '../../../../../Crunch/CRUNCH/Saved/Autosaves/Game/Actors/Door_Auto1.uasset'
[2020.09.30-18.27.46:852][ 30]LogFileHelpers: Auto-saving content packages took 0.201
[2020.09.30-18.31.00:791][632]LogTemp: Repeating last play command: Selected Viewport
[2020.09.30-18.31.00:810][632]LogPlayLevel: PlayLevel: No blueprints needed recompiling
[2020.09.30-18.31.00:810][632]PIE: New page: PIE session: BedRoom (30 Sep 2020, 20:31:00)
[2020.09.30-18.31.00:810][632]LogPlayLevel: Creating play world package: /Game/Level/UEDPIE_0_BedRoom
[2020.09.30-18.31.00:817][632]LogPlayLevel: PIE: StaticDuplicateObject took: (0.006964s)
[2020.09.30-18.31.00:818][632]LogAIModule: Creating AISystem for world BedRoom
[2020.09.30-18.31.00:818][632]LogPlayLevel: PIE: World Init took: (0.000725s)
[2020.09.30-18.31.00:818][632]LogPlayLevel: PIE: Created PIE world by copying editor world from /Game/Level/BedRoom.BedRoom to /Game/Level/UEDPIE_0_BedRoom.BedRoom (0.007781s)
[2020.09.30-18.31.00:848][632]LogUObjectHash: Compacting FUObjectHashTables data took   2.76ms
[2020.09.30-18.31.00:850][632]LogAudioMixer: Display: Audio Mixer Platform Settings:
[2020.09.30-18.31.00:850][632]LogAudioMixer: Display: 	Sample Rate:						  48000
[2020.09.30-18.31.00:850][632]LogAudioMixer: Display: 	Callback Buffer Frame Size Requested: 1024
[2020.09.30-18.31.00:850][632]LogAudioMixer: Display: 	Callback Buffer Frame Size To Use:	  1024
[2020.09.30-18.31.00:850][632]LogAudioMixer: Display: 	Number of buffers to queue:			  2
[2020.09.30-18.31.00:851][632]LogAudioMixer: Display: 	Max Channels (voices):				  32
[2020.09.30-18.31.00:851][632]LogAudioMixer: Display: 	Number of Async Source Workers:		  0
[2020.09.30-18.31.00:851][632]LogAudio: Display: AudioDevice MaxSources: 32
[2020.09.30-18.31.00:851][632]LogAudio: Display: Using built-in audio occlusion.
[2020.09.30-18.31.00:851][632]LogAudioMixer: Display: Initializing audio mixer.
[2020.09.30-18.31.00:859][632]LogAudioMixer: Display: Audio Device Output Speaker Info:
[2020.09.30-18.31.00:859][632]LogAudioMixer: Display: Name: Speakers (Focusrite Usb Audio)
[2020.09.30-18.31.00:859][632]LogAudioMixer: Display: Is Default: Yes
[2020.09.30-18.31.00:859][632]LogAudioMixer: Display: Sample Rate: 48000
[2020.09.30-18.31.00:859][632]LogAudioMixer: Display: Channel Count Used: 2
[2020.09.30-18.31.00:859][632]LogAudioMixer: Display: Device Channel Count: 2
[2020.09.30-18.31.00:859][632]LogAudioMixer: Display: Channel Order:
[2020.09.30-18.31.00:859][632]LogAudioMixer: Display: 0: FrontLeft
[2020.09.30-18.31.00:859][632]LogAudioMixer: Display: 1: FrontRight
[2020.09.30-18.31.00:863][632]LogAudioMixer: Display: Using Audio Device Speakers (Focusrite Usb Audio)
[2020.09.30-18.31.00:864][632]LogInit: FAudioDevice initialized.
[2020.09.30-18.31.00:871][632]LogLoad: Game class is 'FirstPersonGameMode_C'
[2020.09.30-18.31.00:873][632]LogWorld: Bringing World /Game/Level/UEDPIE_0_BedRoom.BedRoom up for play (max tick rate 0) at 2020.09.30-19.31.00
[2020.09.30-18.31.00:874][632]LogWorld: Bringing up level for play took: 0.001936
[2020.09.30-18.31.00:874][632]LogOnline: OSS: Creating online subsystem instance for: :Context_6
[2020.09.30-18.31.00:879][632]PIE: Play in editor start time for /Game/Level/UEDPIE_0_BedRoom 0.982
[2020.09.30-18.31.40:376][ 77]LogScript: Warning: Script Msg: SetTimer passed a negative time or initial start delay.  The associated timer may fail to fire!  If using InitialStartDelayVariance, be sure it is smaller than (Time + InitialStartDelay).
[2020.09.30-18.31.40:893][139]LogScript: Warning: Script Msg: SetTimer passed a negative time or initial start delay.  The associated timer may fail to fire!  If using InitialStartDelayVariance, be sure it is smaller than (Time + InitialStartDelay).
[2020.09.30-18.31.46:325][766]LogScript: Warning: Script Msg: SetTimer passed a negative time or initial start delay.  The associated timer may fail to fire!  If using InitialStartDelayVariance, be sure it is smaller than (Time + InitialStartDelay).
[2020.09.30-18.31.48:898][ 68]LogPlayerController: Error: InputMode:UIOnly - Attempting to focus Non-Focusable widget SObjectWidget [Widget.cpp(776)]!
[2020.09.30-18.31.49:024][ 83]LogPlayerController: Error: InputMode:UIOnly - Attempting to focus Non-Focusable widget SObjectWidget [Widget.cpp(776)]!
[2020.09.30-18.31.49:115][ 94]LogPlayerController: Error: InputMode:UIOnly - Attempting to focus Non-Focusable widget SObjectWidget [Widget.cpp(776)]!
[2020.09.30-18.31.50:457][255]LogNet: Browse: /Game/Level/BedRoom
[2020.09.30-18.31.50:474][255]LogLoad: LoadMap: /Game/Level/BedRoom
[2020.09.30-18.31.50:474][255]LogWorld: BeginTearingDown for /Game/Level/UEDPIE_0_BedRoom
[2020.09.30-18.31.50:475][255]LogWorld: UWorld::CleanupWorld for BedRoom, bSessionEnded=true, bCleanupResources=true
[2020.09.30-18.31.50:475][255]LogSlate: InvalidateAllWidgets triggered.  All widgets were invalidated
[2020.09.30-18.31.50:485][255]LogAudioMixer: Display: Flush succeeded in the source manager command queue (1).
[2020.09.30-18.31.50:505][255]LogAudioMixer: Display: Flush succeeded the source manager command queue (2).
[2020.09.30-18.31.50:537][255]LogUObjectHash: Compacting FUObjectHashTables data took   3.04ms
[2020.09.30-18.31.50:550][255]LogPlayLevel: Creating play world package: /Game/Level/UEDPIE_0_BedRoom
[2020.09.30-18.31.50:557][255]LogPlayLevel: PIE: StaticDuplicateObject took: (0.006727s)
[2020.09.30-18.31.50:557][255]LogAIModule: Creating AISystem for world BedRoom
[2020.09.30-18.31.50:558][255]LogPlayLevel: PIE: World Init took: (0.000684s)
[2020.09.30-18.31.50:558][255]LogPlayLevel: PIE: Created PIE world by copying editor world from /Game/Level/BedRoom.BedRoom to /Game/Level/UEDPIE_0_BedRoom.BedRoom (0.007525s)
[2020.09.30-18.31.50:558][255]LogLoad: Game class is 'FirstPersonGameMode_C'
[2020.09.30-18.31.50:560][255]LogWorld: Bringing World /Game/Level/UEDPIE_0_BedRoom.BedRoom up for play (max tick rate 0) at 2020.09.30-19.31.50
[2020.09.30-18.31.50:560][255]LogWorld: Bringing up level for play took: 0.001778
[2020.09.30-18.31.50:564][255]LogLoad: Took 0.090130 seconds to LoadMap(/Game/Level/UEDPIE_0_BedRoom)
[2020.09.30-18.31.56:446][960]LogAudioMixer: Display: No commands were queued while flushing the source manager.
[2020.09.30-18.31.56:455][960]LogAudioMixer: Display: Flush succeeded in the source manager command queue (1).
[2020.09.30-18.31.56:475][960]LogAudioMixer: Display: Flush succeeded the source manager command queue (2).
[2020.09.30-18.31.56:475][960]LogSlate: Updating window title bar state: overlay mode, drag disabled, window buttons hidden, title bar hidden
[2020.09.30-18.31.56:475][960]LogWorld: BeginTearingDown for /Game/Level/UEDPIE_0_BedRoom
[2020.09.30-18.31.56:475][960]LogAudioMixer: Display: No commands were queued while flushing the source manager.
[2020.09.30-18.31.56:475][960]LogWorld: UWorld::CleanupWorld for BedRoom, bSessionEnded=true, bCleanupResources=true
[2020.09.30-18.31.56:475][960]LogSlate: InvalidateAllWidgets triggered.  All widgets were invalidated
[2020.09.30-18.31.56:484][960]LogPlayLevel: Display: Shutting down PIE online subsystems
[2020.09.30-18.31.56:488][960]LogSlate: InvalidateAllWidgets triggered.  All widgets were invalidated
[2020.09.30-18.31.56:515][960]LogAudioMixer: Display: No commands were queued while flushing the source manager.
[2020.09.30-18.31.56:517][960]LogSlate: Updating window title bar state: overlay mode, drag disabled, window buttons hidden, title bar hidden
[2020.09.30-18.31.56:521][960]LogUObjectHash: Compacting FUObjectHashTables data took   2.71ms
[2020.09.30-18.31.56:549][963]LogPlayLevel: Display: Destroying online subsystem :Context_6
[2020.09.30-18.32.39:617][957]BlueprintLog: New page: Compile Door
[2020.09.30-18.32.39:864][957]LogUObjectHash: Compacting FUObjectHashTables data took   3.94ms
[2020.09.30-18.32.41:502][145]LogTemp: Repeating last play command: Selected Viewport
[2020.09.30-18.32.41:529][145]LogPlayLevel: PlayLevel: No blueprints needed recompiling
[2020.09.30-18.32.41:529][145]PIE: New page: PIE session: BedRoom (30 Sep 2020, 20:32:41)
[2020.09.30-18.32.41:529][145]LogPlayLevel: Creating play world package: /Game/Level/UEDPIE_0_BedRoom
[2020.09.30-18.32.41:536][145]LogPlayLevel: PIE: StaticDuplicateObject took: (0.006760s)
[2020.09.30-18.32.41:537][145]LogAIModule: Creating AISystem for world BedRoom
[2020.09.30-18.32.41:537][145]LogPlayLevel: PIE: World Init took: (0.000698s)
[2020.09.30-18.32.41:537][145]LogPlayLevel: PIE: Created PIE world by copying editor world from /Game/Level/BedRoom.BedRoom to /Game/Level/UEDPIE_0_BedRoom.BedRoom (0.007546s)
[2020.09.30-18.32.41:570][145]LogUObjectHash: Compacting FUObjectHashTables data took   3.79ms
[2020.09.30-18.32.41:570][145]LogAudioMixer: Display: Audio Mixer Platform Settings:
[2020.09.30-18.32.41:570][145]LogAudioMixer: Display: 	Sample Rate:						  48000
[2020.09.30-18.32.41:570][145]LogAudioMixer: Display: 	Callback Buffer Frame Size Requested: 1024
[2020.09.30-18.32.41:570][145]LogAudioMixer: Display: 	Callback Buffer Frame Size To Use:	  1024
[2020.09.30-18.32.41:570][145]LogAudioMixer: Display: 	Number of buffers to queue:			  2
[2020.09.30-18.32.41:570][145]LogAudioMixer: Display: 	Max Channels (voices):				  32
[2020.09.30-18.32.41:570][145]LogAudioMixer: Display: 	Number of Async Source Workers:		  0
[2020.09.30-18.32.41:570][145]LogAudio: Display: AudioDevice MaxSources: 32
[2020.09.30-18.32.41:570][145]LogAudio: Display: Using built-in audio occlusion.
[2020.09.30-18.32.41:570][145]LogAudioMixer: Display: Initializing audio mixer.
[2020.09.30-18.32.41:578][145]LogAudioMixer: Display: Audio Device Output Speaker Info:
[2020.09.30-18.32.41:578][145]LogAudioMixer: Display: Name: Speakers (Focusrite Usb Audio)
[2020.09.30-18.32.41:578][145]LogAudioMixer: Display: Is Default: Yes
[2020.09.30-18.32.41:578][145]LogAudioMixer: Display: Sample Rate: 48000
[2020.09.30-18.32.41:578][145]LogAudioMixer: Display: Channel Count Used: 2
[2020.09.30-18.32.41:578][145]LogAudioMixer: Display: Device Channel Count: 2
[2020.09.30-18.32.41:578][145]LogAudioMixer: Display: Channel Order:
[2020.09.30-18.32.41:578][145]LogAudioMixer: Display: 0: FrontLeft
[2020.09.30-18.32.41:578][145]LogAudioMixer: Display: 1: FrontRight
[2020.09.30-18.32.41:582][145]LogAudioMixer: Display: Using Audio Device Speakers (Focusrite Usb Audio)
[2020.09.30-18.32.41:583][145]LogInit: FAudioDevice initialized.
[2020.09.30-18.32.41:590][145]LogLoad: Game class is 'FirstPersonGameMode_C'
[2020.09.30-18.32.41:592][145]LogWorld: Bringing World /Game/Level/UEDPIE_0_BedRoom.BedRoom up for play (max tick rate 0) at 2020.09.30-19.32.41
[2020.09.30-18.32.41:593][145]LogWorld: Bringing up level for play took: 0.001887
[2020.09.30-18.32.41:593][145]LogOnline: OSS: Creating online subsystem instance for: :Context_7
[2020.09.30-18.32.41:597][145]PIE: Play in editor start time for /Game/Level/UEDPIE_0_BedRoom -0.3
[2020.09.30-18.33.04:581][901]LogScript: Warning: Script Msg: SetTimer passed a negative time or initial start delay.  The associated timer may fail to fire!  If using InitialStartDelayVariance, be sure it is smaller than (Time + InitialStartDelay).
[2020.09.30-18.33.05:064][959]LogScript: Warning: Script Msg: SetTimer passed a negative time or initial start delay.  The associated timer may fail to fire!  If using InitialStartDelayVariance, be sure it is smaller than (Time + InitialStartDelay).
[2020.09.30-18.33.10:490][610]LogScript: Warning: Script Msg: SetTimer passed a negative time or initial start delay.  The associated timer may fail to fire!  If using InitialStartDelayVariance, be sure it is smaller than (Time + InitialStartDelay).
[2020.09.30-18.33.11:254][701]LogScript: Warning: Script Msg: SetTimer passed a negative time or initial start delay.  The associated timer may fail to fire!  If using InitialStartDelayVariance, be sure it is smaller than (Time + InitialStartDelay).
[2020.09.30-18.33.22:650][ 64]LogBlueprintUserMessages: [Computer_2] 0.05
[2020.09.30-18.33.23:858][209]LogBlueprintUserMessages: [Computer_2] 0.1
[2020.09.30-18.33.24:583][296]LogScript: Warning: Script Msg: SetTimer passed a negative time or initial start delay.  The associated timer may fail to fire!  If using InitialStartDelayVariance, be sure it is smaller than (Time + InitialStartDelay).
[2020.09.30-18.33.25:141][363]LogScript: Warning: Script Msg: SetTimer passed a negative time or initial start delay.  The associated timer may fail to fire!  If using InitialStartDelayVariance, be sure it is smaller than (Time + InitialStartDelay).
[2020.09.30-18.33.35:175][564]LogScript: Warning: Script Msg: SetTimer passed a negative time or initial start delay.  The associated timer may fail to fire!  If using InitialStartDelayVariance, be sure it is smaller than (Time + InitialStartDelay).
[2020.09.30-18.33.36:708][748]LogAudioMixer: Display: No commands were queued while flushing the source manager.
[2020.09.30-18.33.36:725][748]LogAudioMixer: Display: Flush succeeded in the source manager command queue (1).
[2020.09.30-18.33.36:745][748]LogAudioMixer: Display: Flush succeeded the source manager command queue (2).
[2020.09.30-18.33.36:745][748]LogSlate: Updating window title bar state: overlay mode, drag disabled, window buttons hidden, title bar hidden
[2020.09.30-18.33.36:745][748]LogWorld: BeginTearingDown for /Game/Level/UEDPIE_0_BedRoom
[2020.09.30-18.33.36:745][748]LogAudioMixer: Display: No commands were queued while flushing the source manager.
[2020.09.30-18.33.36:745][748]LogWorld: UWorld::CleanupWorld for BedRoom, bSessionEnded=true, bCleanupResources=true
[2020.09.30-18.33.36:746][748]LogSlate: InvalidateAllWidgets triggered.  All widgets were invalidated
[2020.09.30-18.33.36:754][748]LogPlayLevel: Display: Shutting down PIE online subsystems
[2020.09.30-18.33.36:759][748]LogSlate: InvalidateAllWidgets triggered.  All widgets were invalidated
[2020.09.30-18.33.36:786][748]LogAudioMixer: Display: No commands were queued while flushing the source manager.
[2020.09.30-18.33.36:788][748]LogSlate: Updating window title bar state: overlay mode, drag disabled, window buttons hidden, title bar hidden
[2020.09.30-18.33.36:792][748]LogUObjectHash: Compacting FUObjectHashTables data took   3.03ms
[2020.09.30-18.33.36:826][750]LogPlayLevel: Display: Destroying online subsystem :Context_7
[2020.09.30-18.35.39:022][633]BlueprintLog: New page: Compile Door
[2020.09.30-18.35.39:282][633]LogUObjectHash: Compacting FUObjectHashTables data took   3.50ms
[2020.09.30-18.35.41:031][829]LogTemp: Repeating last play command: Selected Viewport
[2020.09.30-18.35.41:049][829]LogPlayLevel: PlayLevel: No blueprints needed recompiling
[2020.09.30-18.35.41:049][829]PIE: New page: PIE session: BedRoom (30 Sep 2020, 20:35:41)
[2020.09.30-18.35.41:049][829]LogPlayLevel: Creating play world package: /Game/Level/UEDPIE_0_BedRoom
[2020.09.30-18.35.41:056][829]LogPlayLevel: PIE: StaticDuplicateObject took: (0.006908s)
[2020.09.30-18.35.41:057][829]LogAIModule: Creating AISystem for world BedRoom
[2020.09.30-18.35.41:057][829]LogPlayLevel: PIE: World Init took: (0.000748s)
[2020.09.30-18.35.41:057][829]LogPlayLevel: PIE: Created PIE world by copying editor world from /Game/Level/BedRoom.BedRoom to /Game/Level/UEDPIE_0_BedRoom.BedRoom (0.007747s)
[2020.09.30-18.35.41:088][829]LogUObjectHash: Compacting FUObjectHashTables data took   3.99ms
[2020.09.30-18.35.41:088][829]LogAudioMixer: Display: Audio Mixer Platform Settings:
[2020.09.30-18.35.41:088][829]LogAudioMixer: Display: 	Sample Rate:						  48000
[2020.09.30-18.35.41:088][829]LogAudioMixer: Display: 	Callback Buffer Frame Size Requested: 1024
[2020.09.30-18.35.41:088][829]LogAudioMixer: Display: 	Callback Buffer Frame Size To Use:	  1024
[2020.09.30-18.35.41:088][829]LogAudioMixer: Display: 	Number of buffers to queue:			  2
[2020.09.30-18.35.41:088][829]LogAudioMixer: Display: 	Max Channels (voices):				  32
[2020.09.30-18.35.41:088][829]LogAudioMixer: Display: 	Number of Async Source Workers:		  0
[2020.09.30-18.35.41:088][829]LogAudio: Display: AudioDevice MaxSources: 32
[2020.09.30-18.35.41:089][829]LogAudio: Display: Using built-in audio occlusion.
[2020.09.30-18.35.41:089][829]LogAudioMixer: Display: Initializing audio mixer.
[2020.09.30-18.35.41:096][829]LogAudioMixer: Display: Audio Device Output Speaker Info:
[2020.09.30-18.35.41:096][829]LogAudioMixer: Display: Name: Speakers (Focusrite Usb Audio)
[2020.09.30-18.35.41:096][829]LogAudioMixer: Display: Is Default: Yes
[2020.09.30-18.35.41:096][829]LogAudioMixer: Display: Sample Rate: 48000
[2020.09.30-18.35.41:096][829]LogAudioMixer: Display: Channel Count Used: 2
[2020.09.30-18.35.41:096][829]LogAudioMixer: Display: Device Channel Count: 2
[2020.09.30-18.35.41:096][829]LogAudioMixer: Display: Channel Order:
[2020.09.30-18.35.41:096][829]LogAudioMixer: Display: 0: FrontLeft
[2020.09.30-18.35.41:096][829]LogAudioMixer: Display: 1: FrontRight
[2020.09.30-18.35.41:100][829]LogAudioMixer: Display: Using Audio Device Speakers (Focusrite Usb Audio)
[2020.09.30-18.35.41:102][829]LogInit: FAudioDevice initialized.
[2020.09.30-18.35.41:111][829]LogLoad: Game class is 'FirstPersonGameMode_C'
[2020.09.30-18.35.41:113][829]LogWorld: Bringing World /Game/Level/UEDPIE_0_BedRoom.BedRoom up for play (max tick rate 0) at 2020.09.30-19.35.41
[2020.09.30-18.35.41:114][829]LogWorld: Bringing up level for play took: 0.001949
[2020.09.30-18.35.41:114][829]LogOnline: OSS: Creating online subsystem instance for: :Context_8
[2020.09.30-18.35.41:119][829]PIE: Play in editor start time for /Game/Level/UEDPIE_0_BedRoom -0.778
[2020.09.30-18.35.43:386][ 99]LogAudioMixer: Display: No commands were queued while flushing the source manager.
[2020.09.30-18.35.43:406][ 99]LogAudioMixer: Display: Flush succeeded in the source manager command queue (1).
[2020.09.30-18.35.43:426][ 99]LogAudioMixer: Display: Flush succeeded the source manager command queue (2).
[2020.09.30-18.35.43:426][ 99]LogSlate: Updating window title bar state: overlay mode, drag disabled, window buttons hidden, title bar hidden
[2020.09.30-18.35.43:426][ 99]LogWorld: BeginTearingDown for /Game/Level/UEDPIE_0_BedRoom
[2020.09.30-18.35.43:426][ 99]LogAudioMixer: Display: No commands were queued while flushing the source manager.
[2020.09.30-18.35.43:426][ 99]LogWorld: UWorld::CleanupWorld for BedRoom, bSessionEnded=true, bCleanupResources=true
[2020.09.30-18.35.43:426][ 99]LogSlate: InvalidateAllWidgets triggered.  All widgets were invalidated
[2020.09.30-18.35.43:438][ 99]LogPlayLevel: Display: Shutting down PIE online subsystems
[2020.09.30-18.35.43:442][ 99]LogSlate: InvalidateAllWidgets triggered.  All widgets were invalidated
[2020.09.30-18.35.43:471][ 99]LogAudioMixer: Display: No commands were queued while flushing the source manager.
[2020.09.30-18.35.43:473][ 99]LogSlate: Updating window title bar state: overlay mode, drag disabled, window buttons hidden, title bar hidden
[2020.09.30-18.35.43:477][ 99]LogUObjectHash: Compacting FUObjectHashTables data took   2.93ms
[2020.09.30-18.35.43:491][100]LogPlayLevel: Display: Destroying online subsystem :Context_8
[2020.09.30-18.35.45:395][317]LogUObjectHash: Compacting FUObjectHashTables data took   0.94ms
[2020.09.30-18.35.45:528][317]Cmd: OBJ SAVEPACKAGE PACKAGE="/Game/Level/BedRoom" FILE="../../../../../Crunch/CRUNCH/Content/Level/BedRoom.umap" SILENT=true AUTOSAVING=false KEEPDIRTY=false
[2020.09.30-18.35.45:558][317]LogUObjectHash: Compacting FUObjectHashTables data took   0.95ms
[2020.09.30-18.35.45:597][317]LogSavePackage: Moving '../../../../../Crunch/CRUNCH/Saved/BedRoomB6E368FA464DBDC58FCE46A3C34DAF7D.tmp' to '../../../../../Crunch/CRUNCH/Content/Level/BedRoom.umap'
[2020.09.30-18.35.45:637][317]LogFileHelpers: Saving map 'BedRoom' took 0.109
[2020.09.30-18.35.45:646][317]Cmd: OBJ SAVEPACKAGE PACKAGE="/Game/Actors/Door" FILE="../../../../../Crunch/CRUNCH/Content/Actors/Door.uasset" SILENT=true
[2020.09.30-18.35.45:694][317]LogSavePackage: Moving '../../../../../Crunch/CRUNCH/Saved/Door657ADC864DF07219074ABFB19C4833E1.tmp' to '../../../../../Crunch/CRUNCH/Content/Actors/Door.uasset'
[2020.09.30-18.35.45:711][317]AssetCheck: New page: Asset Save: multiple assets
[2020.09.30-18.35.45:711][317]LogContentValidation: Display: Validating World /Game/Level/BedRoom.BedRoom
[2020.09.30-18.35.45:711][317]LogContentValidation: Display: Validating Blueprint /Game/Actors/Door.Door
[2020.09.30-18.35.46:259][382]LogTemp: Repeating last play command: Selected Viewport
[2020.09.30-18.35.46:277][382]LogPlayLevel: PlayLevel: No blueprints needed recompiling
[2020.09.30-18.35.46:277][382]PIE: New page: PIE session: BedRoom (30 Sep 2020, 20:35:46)
[2020.09.30-18.35.46:277][382]LogPlayLevel: Creating play world package: /Game/Level/UEDPIE_0_BedRoom
[2020.09.30-18.35.46:284][382]LogPlayLevel: PIE: StaticDuplicateObject took: (0.006877s)
[2020.09.30-18.35.46:285][382]LogAIModule: Creating AISystem for world BedRoom
[2020.09.30-18.35.46:285][382]LogPlayLevel: PIE: World Init took: (0.000708s)
[2020.09.30-18.35.46:285][382]LogPlayLevel: PIE: Created PIE world by copying editor world from /Game/Level/BedRoom.BedRoom to /Game/Level/UEDPIE_0_BedRoom.BedRoom (0.007672s)
[2020.09.30-18.35.46:315][382]LogUObjectHash: Compacting FUObjectHashTables data took   3.39ms
[2020.09.30-18.35.46:315][382]LogAudioMixer: Display: Audio Mixer Platform Settings:
[2020.09.30-18.35.46:315][382]LogAudioMixer: Display: 	Sample Rate:						  48000
[2020.09.30-18.35.46:315][382]LogAudioMixer: Display: 	Callback Buffer Frame Size Requested: 1024
[2020.09.30-18.35.46:315][382]LogAudioMixer: Display: 	Callback Buffer Frame Size To Use:	  1024
[2020.09.30-18.35.46:315][382]LogAudioMixer: Display: 	Number of buffers to queue:			  2
[2020.09.30-18.35.46:315][382]LogAudioMixer: Display: 	Max Channels (voices):				  32
[2020.09.30-18.35.46:315][382]LogAudioMixer: Display: 	Number of Async Source Workers:		  0
[2020.09.30-18.35.46:315][382]LogAudio: Display: AudioDevice MaxSources: 32
[2020.09.30-18.35.46:316][382]LogAudio: Display: Using built-in audio occlusion.
[2020.09.30-18.35.46:316][382]LogAudioMixer: Display: Initializing audio mixer.
[2020.09.30-18.35.46:323][382]LogAudioMixer: Display: Audio Device Output Speaker Info:
[2020.09.30-18.35.46:323][382]LogAudioMixer: Display: Name: Speakers (Focusrite Usb Audio)
[2020.09.30-18.35.46:323][382]LogAudioMixer: Display: Is Default: Yes
[2020.09.30-18.35.46:323][382]LogAudioMixer: Display: Sample Rate: 48000
[2020.09.30-18.35.46:323][382]LogAudioMixer: Display: Channel Count Used: 2
[2020.09.30-18.35.46:323][382]LogAudioMixer: Display: Device Channel Count: 2
[2020.09.30-18.35.46:323][382]LogAudioMixer: Display: Channel Order:
[2020.09.30-18.35.46:323][382]LogAudioMixer: Display: 0: FrontLeft
[2020.09.30-18.35.46:323][382]LogAudioMixer: Display: 1: FrontRight
[2020.09.30-18.35.46:327][382]LogAudioMixer: Display: Using Audio Device Speakers (Focusrite Usb Audio)
[2020.09.30-18.35.46:329][382]LogInit: FAudioDevice initialized.
[2020.09.30-18.35.46:337][382]LogLoad: Game class is 'FirstPersonGameMode_C'
[2020.09.30-18.35.46:339][382]LogWorld: Bringing World /Game/Level/UEDPIE_0_BedRoom.BedRoom up for play (max tick rate 0) at 2020.09.30-19.35.46
[2020.09.30-18.35.46:339][382]LogWorld: Bringing up level for play took: 0.001905
[2020.09.30-18.35.46:340][382]LogOnline: OSS: Creating online subsystem instance for: :Context_9
[2020.09.30-18.35.46:344][382]PIE: Play in editor start time for /Game/Level/UEDPIE_0_BedRoom 0.447
[2020.09.30-18.36.09:055][105]LogScript: Warning: Script Msg: SetTimer passed a negative time or initial start delay.  The associated timer may fail to fire!  If using InitialStartDelayVariance, be sure it is smaller than (Time + InitialStartDelay).
[2020.09.30-18.36.09:547][164]LogScript: Warning: Script Msg: SetTimer passed a negative time or initial start delay.  The associated timer may fail to fire!  If using InitialStartDelayVariance, be sure it is smaller than (Time + InitialStartDelay).
[2020.09.30-18.36.14:972][815]LogScript: Warning: Script Msg: SetTimer passed a negative time or initial start delay.  The associated timer may fail to fire!  If using InitialStartDelayVariance, be sure it is smaller than (Time + InitialStartDelay).
[2020.09.30-18.36.16:514][  0]LogScript: Warning: Script Msg: SetTimer passed a negative time or initial start delay.  The associated timer may fail to fire!  If using InitialStartDelayVariance, be sure it is smaller than (Time + InitialStartDelay).
[2020.09.30-18.36.16:897][ 46]LogScript: Warning: Script Msg: SetTimer passed a negative time or initial start delay.  The associated timer may fail to fire!  If using InitialStartDelayVariance, be sure it is smaller than (Time + InitialStartDelay).
[2020.09.30-18.36.29:056][505]LogScript: Warning: Script Msg: SetTimer passed a negative time or initial start delay.  The associated timer may fail to fire!  If using InitialStartDelayVariance, be sure it is smaller than (Time + InitialStartDelay).
[2020.09.30-18.36.29:630][574]LogScript: Warning: Script Msg: SetTimer passed a negative time or initial start delay.  The associated timer may fail to fire!  If using InitialStartDelayVariance, be sure it is smaller than (Time + InitialStartDelay).
[2020.09.30-18.36.35:056][225]LogScript: Warning: Script Msg: SetTimer passed a negative time or initial start delay.  The associated timer may fail to fire!  If using InitialStartDelayVariance, be sure it is smaller than (Time + InitialStartDelay).
[2020.09.30-18.36.39:792][786]LogAudioMixer: Display: No commands were queued while flushing the source manager.
[2020.09.30-18.36.39:796][786]LogAudioMixer: Display: Flush succeeded in the source manager command queue (1).
[2020.09.30-18.36.39:816][786]LogAudioMixer: Display: Flush succeeded the source manager command queue (2).
[2020.09.30-18.36.39:816][786]LogSlate: Updating window title bar state: overlay mode, drag disabled, window buttons hidden, title bar hidden
[2020.09.30-18.36.39:816][786]LogWorld: BeginTearingDown for /Game/Level/UEDPIE_0_BedRoom
[2020.09.30-18.36.39:816][786]LogAudioMixer: Display: No commands were queued while flushing the source manager.
[2020.09.30-18.36.39:816][786]LogWorld: UWorld::CleanupWorld for BedRoom, bSessionEnded=true, bCleanupResources=true
[2020.09.30-18.36.39:817][786]LogSlate: InvalidateAllWidgets triggered.  All widgets were invalidated
[2020.09.30-18.36.39:821][786]LogPlayLevel: Display: Shutting down PIE online subsystems
[2020.09.30-18.36.39:825][786]LogSlate: InvalidateAllWidgets triggered.  All widgets were invalidated
[2020.09.30-18.36.39:854][786]LogAudioMixer: Display: No commands were queued while flushing the source manager.
[2020.09.30-18.36.39:856][786]LogSlate: Updating window title bar state: overlay mode, drag disabled, window buttons hidden, title bar hidden
[2020.09.30-18.36.39:861][786]LogUObjectHash: Compacting FUObjectHashTables data took   2.98ms
[2020.09.30-18.36.39:895][788]LogPlayLevel: Display: Destroying online subsystem :Context_9
[2020.09.30-18.36.53:897][275]LogSlate: Window 'Door' being destroyed
[2020.09.30-18.36.53:900][275]LogSlate: Window 'Door' being destroyed
[2020.09.30-18.36.53:901][275]LogWorld: UWorld::CleanupWorld for World_1, bSessionEnded=true, bCleanupResources=true
[2020.09.30-18.36.53:901][275]LogSlate: InvalidateAllWidgets triggered.  All widgets were invalidated
[2020.09.30-18.36.53:974][275]LogActorComponent: UnregisterComponent: (/Engine/Transient.EditorFloorComp) Not registered. Aborting.
[2020.09.30-18.36.53:974][275]LogWorld: UWorld::CleanupWorld for World_2, bSessionEnded=true, bCleanupResources=true
[2020.09.30-18.36.53:974][275]LogSlate: InvalidateAllWidgets triggered.  All widgets were invalidated
[2020.09.30-18.36.55:708][460]LogUObjectHash: Compacting FUObjectHashTables data took   3.14ms
