Log file open, 11/17/20 14:30:15
LogWindows: Failed to load 'aqProf.dll' (GetLastError=126)
LogWindows: File 'aqProf.dll' does not exist
LogWindows: Failed to load 'VtuneApi.dll' (GetLastError=126)
LogWindows: File 'VtuneApi.dll' does not exist
LogWindows: Failed to load 'VtuneApi32e.dll' (GetLastError=126)
LogWindows: File 'VtuneApi32e.dll' does not exist
LogConsoleResponse: Display: Failed to find resolution value strings in scalability ini. Falling back to default.
LogInit: Display: Running engine for game: CRUNCH
LogPlatformFile: Not using cached read wrapper
LogTaskGraph: Started task graph with 5 named threads and 35 total threads with 3 sets of task threads.
LogStats: Stats thread started at 6.570030
LogD3D11RHI: Loaded GFSDK_Aftermath_Lib.x64.dll
LogICUInternationalization: ICU TimeZone Detection - Raw Offset: +0:00, Platform Override: ''
LogPluginManager: Mounting plugin Paper2D
LogPluginManager: Mounting plugin AISupport
LogPluginManager: Mounting plugin LightPropagationVolume
LogPluginManager: Mounting plugin ActorLayerUtilities
LogPluginManager: Mounting plugin AnimationSharing
LogPluginManager: Mounting plugin CLionSourceCodeAccess
LogPluginManager: Mounting plugin CodeLiteSourceCodeAccess
LogPluginManager: Mounting plugin GitSourceControl
LogPluginManager: Mounting plugin KDevelopSourceCodeAccess
LogPluginManager: Mounting plugin NullSourceCodeAccess
LogPluginManager: Mounting plugin PerforceSourceControl
LogPluginManager: Mounting plugin PlasticSourceControl
LogPluginManager: Mounting plugin SubversionSourceControl
LogPluginManager: Mounting plugin UObjectPlugin
LogPluginManager: Mounting plugin VisualStudioCodeSourceCodeAccess
LogPluginManager: Mounting plugin VisualStudioSourceCodeAccess
LogPluginManager: Mounting plugin XCodeSourceCodeAccess
LogPluginManager: Mounting plugin AssetManagerEditor
LogPluginManager: Mounting plugin CryptoKeys
LogPluginManager: Mounting plugin CurveEditorTools
LogPluginManager: Mounting plugin DataValidation
LogPluginManager: Mounting plugin FacialAnimation
LogPluginManager: Mounting plugin GameplayTagsEditor
LogPluginManager: Mounting plugin MacGraphicsSwitching
LogPluginManager: Mounting plugin MaterialAnalyzer
LogPluginManager: Mounting plugin MobileLauncherProfileWizard
LogPluginManager: Mounting plugin PluginBrowser
LogPluginManager: Mounting plugin SpeedTreeImporter
LogPluginManager: Mounting plugin DatasmithContent
LogPluginManager: Mounting plugin VariantManagerContent
LogPluginManager: Mounting plugin AlembicImporter
LogPluginManager: Mounting plugin AutomationUtils
LogPluginManager: Mounting plugin BackChannel
LogPluginManager: Mounting plugin CharacterAI
LogPluginManager: Mounting plugin GeometryCache
LogPluginManager: Mounting plugin PlatformCrypto
LogPluginManager: Mounting plugin ProxyLODPlugin
LogPluginManager: Mounting plugin SkeletalReduction
LogPluginManager: Mounting plugin MagicLeap
LogPluginManager: Mounting plugin MagicLeapMedia
LogPluginManager: Mounting plugin MLSDK
LogPluginManager: Mounting plugin AndroidMedia
LogPluginManager: Mounting plugin AvfMedia
LogPluginManager: Mounting plugin ImgMedia
LogPluginManager: Mounting plugin MediaCompositing
LogPluginManager: Mounting plugin MediaPlayerEditor
LogPluginManager: Mounting plugin WebMMedia
LogPluginManager: Mounting plugin WmfMedia
LogPluginManager: Mounting plugin TcpMessaging
LogPluginManager: Mounting plugin UdpMessaging
LogPluginManager: Mounting plugin ActorSequence
LogPluginManager: Mounting plugin LevelSequenceEditor
LogPluginManager: Mounting plugin MatineeToLevelSequence
LogPluginManager: Mounting plugin NetcodeUnitTest
LogPluginManager: Mounting plugin NUTUnrealEngine4
LogPluginManager: Mounting plugin OnlineSubsystemGooglePlay
LogPluginManager: Mounting plugin OnlineSubsystemIOS
LogPluginManager: Mounting plugin OnlineSubsystem
LogPluginManager: Mounting plugin OnlineSubsystemNull
LogPluginManager: Mounting plugin OnlineSubsystemUtils
LogPluginManager: Mounting plugin LauncherChunkInstaller
LogPluginManager: Mounting plugin AndroidDeviceProfileSelector
LogPluginManager: Mounting plugin AndroidMoviePlayer
LogPluginManager: Mounting plugin AndroidPermission
LogPluginManager: Mounting plugin AppleImageUtils
LogPluginManager: Mounting plugin AppleMoviePlayer
LogPluginManager: Mounting plugin ArchVisCharacter
LogPluginManager: Mounting plugin AssetTags
LogPluginManager: Mounting plugin AudioCapture
LogPluginManager: Mounting plugin CableComponent
LogPluginManager: Mounting plugin CustomMeshComponent
LogPluginManager: Mounting plugin EditableMesh
LogPluginManager: Mounting plugin ExampleDeviceProfileSelector
LogPluginManager: Mounting plugin GoogleCloudMessaging
LogPluginManager: Mounting plugin IOSDeviceProfileSelector
LogPluginManager: Mounting plugin LinuxDeviceProfileSelector
LogPluginManager: Mounting plugin LocationServicesBPLibrary
LogPluginManager: Mounting plugin MobilePatchingUtils
LogPluginManager: Mounting plugin OculusVR
LogPluginManager: Mounting plugin PhysXVehicles
LogPluginManager: Mounting plugin PostSplashScreen
LogPluginManager: Mounting plugin ProceduralMeshComponent
LogPluginManager: Mounting plugin RuntimePhysXCooking
LogPluginManager: Mounting plugin SignificanceManager
LogPluginManager: Mounting plugin WebMMoviePlayer
LogPluginManager: Mounting plugin WindowsMoviePlayer
LogPluginManager: Mounting plugin ScreenshotTools
LogInit: Using libcurl 7.55.1-DEV
LogInit:  - built for x86_64-pc-win32
LogInit:  - supports SSL with OpenSSL/1.1.1
LogInit:  - supports HTTP deflate (compression) using libz 1.2.8
LogInit:  - other features:
LogInit:      CURL_VERSION_SSL
LogInit:      CURL_VERSION_LIBZ
LogInit:      CURL_VERSION_IPV6
LogInit:      CURL_VERSION_ASYNCHDNS
LogInit:      CURL_VERSION_LARGEFILE
LogInit:      CURL_VERSION_IDN
LogInit:  CurlRequestOptions (configurable via config and command line):
LogInit:  - bVerifyPeer = true  - Libcurl will verify peer certificate
LogInit:  - bUseHttpProxy = false  - Libcurl will NOT use HTTP proxy
LogInit:  - bDontReuseConnections = false  - Libcurl will reuse connections
LogInit:  - MaxHostConnections = 16  - Libcurl will limit the number of connections to a host
LogInit:  - LocalHostAddr = Default
LogInit:  - BufferSize = 65536
LogOnline: OSS: Creating online subsystem instance for: NULL
LogInit: WinSock: version 1.1 (2.2), MaxSocks=32767, MaxUdp=65467
LogOnline: OSS: TryLoadSubsystemAndSetDefault: Loaded subsystem for module [NULL]
LogInit: Build: ++UE4+Release-4.24-CL-11590370
LogInit: Engine Version: 4.24.3-11590370+++UE4+Release-4.24
LogInit: Compatible Engine Version: 4.24.0-10570792+++UE4+Release-4.24
LogInit: Net CL: 10570792
LogInit: OS: Windows 10 (Release 1909) (), CPU: Intel(R) Core(TM) i7-6850K CPU @ 3.60GHz, GPU: NVIDIA GeForce GTX 1080 Ti
LogInit: Compiled (64-bit): Feb 24 2020 15:39:18
LogInit: Compiled with Visual C++: 19.16.27032.01
LogInit: Build Configuration: Development
LogInit: Branch Name: ++UE4+Release-4.24
LogInit: Command Line: 
LogInit: Base Directory: N:/UE_4.24/Engine/Binaries/Win64/
LogInit: Installed Engine Build: 1
LogDevObjectVersion: Number of dev versions registered: 25
LogDevObjectVersion:   Dev-Blueprints (B0D832E4-1F89-4F0D-ACCF-7EB736FD4AA2): 10
LogDevObjectVersion:   Dev-Build (E1C64328-A22C-4D53-A36C-8E866417BD8C): 0
LogDevObjectVersion:   Dev-Core (375EC13C-06E4-48FB-B500-84F0262A717E): 3
LogDevObjectVersion:   Dev-Editor (E4B068ED-F494-42E9-A231-DA0B2E46BB41): 37
LogDevObjectVersion:   Dev-Framework (CFFC743F-43B0-4480-9391-14DF171D2073): 36
LogDevObjectVersion:   Dev-Mobile (B02B49B5-BB20-44E9-A304-32B752E40360): 2
LogDevObjectVersion:   Dev-Networking (A4E4105C-59A1-49B5-A7C5-40C4547EDFEE): 0
LogDevObjectVersion:   Dev-Online (39C831C9-5AE6-47DC-9A44-9C173E1C8E7C): 0
LogDevObjectVersion:   Dev-Physics (78F01B33-EBEA-4F98-B9B4-84EACCB95AA2): 2
LogDevObjectVersion:   Dev-Platform (6631380F-2D4D-43E0-8009-CF276956A95A): 0
LogDevObjectVersion:   Dev-Rendering (12F88B9F-8875-4AFC-A67C-D90C383ABD29): 36
LogDevObjectVersion:   Dev-Sequencer (7B5AE74C-D270-4C10-A958-57980B212A5A): 11
LogDevObjectVersion:   Dev-VR (D7296918-1DD6-4BDD-9DE2-64A83CC13884): 2
LogDevObjectVersion:   Dev-LoadTimes (C2A15278-BFE7-4AFE-6C17-90FF531DF755): 1
LogDevObjectVersion:   Private-Geometry (6EACA3D4-40EC-4CC1-B786-8BED09428FC5): 3
LogDevObjectVersion:   Dev-AnimPhys (29E575DD-E0A3-4627-9D10-D276232CDCEA): 17
LogDevObjectVersion:   Dev-Anim (AF43A65D-7FD3-4947-9873-3E8ED9C1BB05): 2
LogDevObjectVersion:   Dev-ReflectionCapture (6B266CEC-1EC7-4B8F-A30B-E4D90942FC07): 1
LogDevObjectVersion:   Dev-Automation (0DF73D61-A23F-47EA-B727-89E90C41499A): 1
LogDevObjectVersion:   FortniteMain (601D1886-AC64-4F84-AA16-D3DE0DEAC7D6): 31
LogDevObjectVersion:   Dev-Enterprise (9DFFBCD6-494F-0158-E221-12823C92A888): 8
LogDevObjectVersion:   Dev-Niagara (F2AED0AC-9AFE-416F-8664-AA7FFA26D6FC): 1
LogDevObjectVersion:   Dev-Destruction (174F1F0B-B4C6-45A5-B13F-2EE8D0FB917D): 9
LogDevObjectVersion:   Dev-Physics-Ext (35F94A83-E258-406C-A318-09F59610247C): 8
LogDevObjectVersion:   Dev-CineCamera (B2E18506-4273-CFC2-A54E-F4BB758BBA07): 1
LogInit: Presizing for max 25165824 objects, including 0 objects not considered by GC, pre-allocating 0 bytes for permanent pool.
LogInit: Object subsystem initialized
LogConfig: Setting CVar [[con.DebugEarlyDefault:1]]
LogConfig: Setting CVar [[r.setres:1280x720]]
[2020.11.17-14.30.17:149][  0]LogConfig: Setting CVar [[r.VSync:0]]
[2020.11.17-14.30.17:149][  0]LogConfig: Setting CVar [[r.RHICmdBypass:0]]
[2020.11.17-14.30.17:150][  0]LogConfig: Applying CVar settings from Section [/Script/Engine.RendererSettings] File [C:/Users/danie/Documents/GitHub/crunch/CRUNCH/Saved/Config/Windows/Engine.ini]
[2020.11.17-14.30.17:150][  0]LogConfig: Setting CVar [[r.GPUCrashDebugging:0]]
[2020.11.17-14.30.17:150][  0]LogConfig: Setting CVar [[r.DefaultFeature.AutoExposure:0]]
[2020.11.17-14.30.17:150][  0]LogConfig: Setting CVar [[r.DefaultFeature.MotionBlur:0]]
[2020.11.17-14.30.17:150][  0]LogConfig: Applying CVar settings from Section [/Script/Engine.RendererOverrideSettings] File [C:/Users/danie/Documents/GitHub/crunch/CRUNCH/Saved/Config/Windows/Engine.ini]
[2020.11.17-14.30.17:150][  0]LogConfig: Applying CVar settings from Section [/Script/Engine.StreamingSettings] File [C:/Users/danie/Documents/GitHub/crunch/CRUNCH/Saved/Config/Windows/Engine.ini]
[2020.11.17-14.30.17:150][  0]LogConfig: Setting CVar [[s.MinBulkDataSizeForAsyncLoading:131072]]
[2020.11.17-14.30.17:150][  0]LogConfig: Setting CVar [[s.AsyncLoadingThreadEnabled:0]]
[2020.11.17-14.30.17:150][  0]LogConfig: Setting CVar [[s.EventDrivenLoaderEnabled:1]]
[2020.11.17-14.30.17:150][  0]LogConfig: Setting CVar [[s.WarnIfTimeLimitExceeded:0]]
[2020.11.17-14.30.17:150][  0]LogConfig: Setting CVar [[s.TimeLimitExceededMultiplier:1.5]]
[2020.11.17-14.30.17:150][  0]LogConfig: Setting CVar [[s.TimeLimitExceededMinTime:0.005]]
[2020.11.17-14.30.17:150][  0]LogConfig: Setting CVar [[s.UseBackgroundLevelStreaming:1]]
[2020.11.17-14.30.17:150][  0]LogConfig: Setting CVar [[s.PriorityAsyncLoadingExtraTime:15.0]]
[2020.11.17-14.30.17:150][  0]LogConfig: Setting CVar [[s.LevelStreamingActorsUpdateTimeLimit:5.0]]
[2020.11.17-14.30.17:150][  0]LogConfig: Setting CVar [[s.PriorityLevelStreamingActorsUpdateExtraTime:5.0]]
[2020.11.17-14.30.17:150][  0]LogConfig: Setting CVar [[s.LevelStreamingComponentsRegistrationGranularity:10]]
[2020.11.17-14.30.17:150][  0]LogConfig: Setting CVar [[s.UnregisterComponentsTimeLimit:1.0]]
[2020.11.17-14.30.17:150][  0]LogConfig: Setting CVar [[s.LevelStreamingComponentsUnregistrationGranularity:5]]
[2020.11.17-14.30.17:150][  0]LogConfig: Setting CVar [[s.FlushStreamingOnExit:1]]
[2020.11.17-14.30.17:150][  0]LogConfig: Applying CVar settings from Section [/Script/Engine.GarbageCollectionSettings] File [C:/Users/danie/Documents/GitHub/crunch/CRUNCH/Saved/Config/Windows/Engine.ini]
[2020.11.17-14.30.17:150][  0]LogConfig: Setting CVar [[gc.MaxObjectsNotConsideredByGC:1]]
[2020.11.17-14.30.17:150][  0]LogConfig: Setting CVar [[gc.SizeOfPermanentObjectPool:0]]
[2020.11.17-14.30.17:150][  0]LogConfig: Setting CVar [[gc.FlushStreamingOnGC:0]]
[2020.11.17-14.30.17:150][  0]LogConfig: Setting CVar [[gc.NumRetriesBeforeForcingGC:10]]
[2020.11.17-14.30.17:150][  0]LogConfig: Setting CVar [[gc.AllowParallelGC:1]]
[2020.11.17-14.30.17:150][  0]LogConfig: Setting CVar [[gc.TimeBetweenPurgingPendingKillObjects:61.1]]
[2020.11.17-14.30.17:150][  0]LogConfig: Setting CVar [[gc.MaxObjectsInEditor:25165824]]
[2020.11.17-14.30.17:150][  0]LogConfig: Setting CVar [[gc.IncrementalBeginDestroyEnabled:1]]
[2020.11.17-14.30.17:150][  0]LogConfig: Setting CVar [[gc.CreateGCClusters:1]]
[2020.11.17-14.30.17:150][  0]LogConfig: Setting CVar [[gc.MinGCClusterSize:5]]
[2020.11.17-14.30.17:150][  0]LogConfig: Setting CVar [[gc.ActorClusteringEnabled:0]]
[2020.11.17-14.30.17:150][  0]LogConfig: Setting CVar [[gc.BlueprintClusteringEnabled:0]]
[2020.11.17-14.30.17:150][  0]LogConfig: Setting CVar [[gc.UseDisregardForGCOnDedicatedServers:0]]
[2020.11.17-14.30.17:150][  0]LogConfig: Applying CVar settings from Section [/Script/Engine.NetworkSettings] File [C:/Users/danie/Documents/GitHub/crunch/CRUNCH/Saved/Config/Windows/Engine.ini]
[2020.11.17-14.30.17:150][  0]LogConfig: Applying CVar settings from Section [/Script/UnrealEd.CookerSettings] File [C:/Users/danie/Documents/GitHub/crunch/CRUNCH/Saved/Config/Windows/Engine.ini]
[2020.11.17-14.30.17:212][  0]LogConfig: Applying CVar settings from Section [ViewDistanceQuality@3] File [C:/Users/danie/Documents/GitHub/crunch/CRUNCH/Saved/Config/Windows/Scalability.ini]
[2020.11.17-14.30.17:212][  0]LogConfig: Setting CVar [[r.SkeletalMeshLODBias:0]]
[2020.11.17-14.30.17:212][  0]LogConfig: Setting CVar [[r.ViewDistanceScale:1.0]]
[2020.11.17-14.30.17:212][  0]LogConfig: Applying CVar settings from Section [AntiAliasingQuality@3] File [C:/Users/danie/Documents/GitHub/crunch/CRUNCH/Saved/Config/Windows/Scalability.ini]
[2020.11.17-14.30.17:212][  0]LogConfig: Setting CVar [[r.PostProcessAAQuality:4]]
[2020.11.17-14.30.17:212][  0]LogConfig: Applying CVar settings from Section [ShadowQuality@3] File [C:/Users/danie/Documents/GitHub/crunch/CRUNCH/Saved/Config/Windows/Scalability.ini]
[2020.11.17-14.30.17:212][  0]LogConfig: Setting CVar [[r.LightFunctionQuality:1]]
[2020.11.17-14.30.17:212][  0]LogConfig: Setting CVar [[r.ShadowQuality:5]]
[2020.11.17-14.30.17:212][  0]LogConfig: Setting CVar [[r.Shadow.CSM.MaxCascades:10]]
[2020.11.17-14.30.17:212][  0]LogConfig: Setting CVar [[r.Shadow.MaxResolution:2048]]
[2020.11.17-14.30.17:212][  0]LogConfig: Setting CVar [[r.Shadow.MaxCSMResolution:2048]]
[2020.11.17-14.30.17:212][  0]LogConfig: Setting CVar [[r.Shadow.RadiusThreshold:0.01]]
[2020.11.17-14.30.17:212][  0]LogConfig: Setting CVar [[r.Shadow.DistanceScale:1.0]]
[2020.11.17-14.30.17:212][  0]LogConfig: Setting CVar [[r.Shadow.CSM.TransitionScale:1.0]]
[2020.11.17-14.30.17:212][  0]LogConfig: Setting CVar [[r.Shadow.PreShadowResolutionFactor:1.0]]
[2020.11.17-14.30.17:212][  0]LogConfig: Setting CVar [[r.DistanceFieldShadowing:1]]
[2020.11.17-14.30.17:212][  0]LogConfig: Setting CVar [[r.DistanceFieldAO:1]]
[2020.11.17-14.30.17:212][  0]LogConfig: Setting CVar [[r.AOQuality:2]]
[2020.11.17-14.30.17:212][  0]LogConfig: Setting CVar [[r.VolumetricFog:1]]
[2020.11.17-14.30.17:212][  0]LogConfig: Setting CVar [[r.VolumetricFog.GridPixelSize:8]]
[2020.11.17-14.30.17:212][  0]LogConfig: Setting CVar [[r.VolumetricFog.GridSizeZ:128]]
[2020.11.17-14.30.17:212][  0]LogConfig: Setting CVar [[r.VolumetricFog.HistoryMissSupersampleCount:4]]
[2020.11.17-14.30.17:212][  0]LogConfig: Setting CVar [[r.LightMaxDrawDistanceScale:1]]
[2020.11.17-14.30.17:212][  0]LogConfig: Setting CVar [[r.CapsuleShadows:1]]
[2020.11.17-14.30.17:212][  0]LogConfig: Applying CVar settings from Section [PostProcessQuality@3] File [C:/Users/danie/Documents/GitHub/crunch/CRUNCH/Saved/Config/Windows/Scalability.ini]
[2020.11.17-14.30.17:212][  0]LogConfig: Setting CVar [[r.MotionBlurQuality:4]]
[2020.11.17-14.30.17:212][  0]LogConfig: Setting CVar [[r.AmbientOcclusionMipLevelFactor:0.4]]
[2020.11.17-14.30.17:212][  0]LogConfig: Setting CVar [[r.AmbientOcclusionMaxQuality:100]]
[2020.11.17-14.30.17:212][  0]LogConfig: Setting CVar [[r.AmbientOcclusionLevels:-1]]
[2020.11.17-14.30.17:212][  0]LogConfig: Setting CVar [[r.AmbientOcclusionRadiusScale:1.0]]
[2020.11.17-14.30.17:212][  0]LogConfig: Setting CVar [[r.DepthOfFieldQuality:2]]
[2020.11.17-14.30.17:212][  0]LogConfig: Setting CVar [[r.RenderTargetPoolMin:400]]
[2020.11.17-14.30.17:212][  0]LogConfig: Setting CVar [[r.LensFlareQuality:2]]
[2020.11.17-14.30.17:212][  0]LogConfig: Setting CVar [[r.SceneColorFringeQuality:1]]
[2020.11.17-14.30.17:212][  0]LogConfig: Setting CVar [[r.EyeAdaptationQuality:2]]
[2020.11.17-14.30.17:212][  0]LogConfig: Setting CVar [[r.BloomQuality:5]]
[2020.11.17-14.30.17:212][  0]LogConfig: Setting CVar [[r.FastBlurThreshold:100]]
[2020.11.17-14.30.17:212][  0]LogConfig: Setting CVar [[r.Upscale.Quality:3]]
[2020.11.17-14.30.17:212][  0]LogConfig: Setting CVar [[r.Tonemapper.GrainQuantization:1]]
[2020.11.17-14.30.17:212][  0]LogConfig: Setting CVar [[r.LightShaftQuality:1]]
[2020.11.17-14.30.17:212][  0]LogConfig: Setting CVar [[r.Filter.SizeScale:1]]
[2020.11.17-14.30.17:212][  0]LogConfig: Setting CVar [[r.Tonemapper.Quality:5]]
[2020.11.17-14.30.17:212][  0]LogConfig: Setting CVar [[r.DOF.Gather.AccumulatorQuality:1        ; higher gathering accumulator quality]]
[2020.11.17-14.30.17:212][  0]LogConfig: Setting CVar [[r.DOF.Gather.PostfilterMethod:1          ; Median3x3 postfilering method]]
[2020.11.17-14.30.17:212][  0]LogConfig: Setting CVar [[r.DOF.Gather.EnableBokehSettings:0       ; no bokeh simulation when gathering]]
[2020.11.17-14.30.17:212][  0]LogConfig: Setting CVar [[r.DOF.Gather.RingCount:4                 ; medium number of samples when gathering]]
[2020.11.17-14.30.17:212][  0]LogConfig: Setting CVar [[r.DOF.Scatter.ForegroundCompositing:1    ; additive foreground scattering]]
[2020.11.17-14.30.17:212][  0]LogConfig: Setting CVar [[r.DOF.Scatter.BackgroundCompositing:2    ; additive background scattering]]
[2020.11.17-14.30.17:212][  0]LogConfig: Setting CVar [[r.DOF.Scatter.EnableBokehSettings:1      ; bokeh simulation when scattering]]
[2020.11.17-14.30.17:212][  0]LogConfig: Setting CVar [[r.DOF.Scatter.MaxSpriteRatio:0.1         ; only a maximum of 10% of scattered bokeh]]
[2020.11.17-14.30.17:212][  0]LogConfig: Setting CVar [[r.DOF.Recombine.Quality:1                ; cheap slight out of focus]]
[2020.11.17-14.30.17:212][  0]LogConfig: Setting CVar [[r.DOF.Recombine.EnableBokehSettings:0    ; no bokeh simulation on slight out of focus]]
[2020.11.17-14.30.17:212][  0]LogConfig: Setting CVar [[r.DOF.TemporalAAQuality:1                ; more stable temporal accumulation]]
[2020.11.17-14.30.17:212][  0]LogConfig: Setting CVar [[r.DOF.Kernel.MaxForegroundRadius:0.025]]
[2020.11.17-14.30.17:212][  0]LogConfig: Setting CVar [[r.DOF.Kernel.MaxBackgroundRadius:0.025]]
[2020.11.17-14.30.17:212][  0]LogConfig: Applying CVar settings from Section [TextureQuality@3] File [C:/Users/danie/Documents/GitHub/crunch/CRUNCH/Saved/Config/Windows/Scalability.ini]
[2020.11.17-14.30.17:212][  0]LogConfig: Setting CVar [[r.Streaming.MipBias:0]]
[2020.11.17-14.30.17:212][  0]LogConfig: Setting CVar [[r.Streaming.AmortizeCPUToGPUCopy:0]]
[2020.11.17-14.30.17:212][  0]LogConfig: Setting CVar [[r.Streaming.MaxNumTexturesToStreamPerFrame:0]]
[2020.11.17-14.30.17:212][  0]LogConfig: Setting CVar [[r.Streaming.Boost:1]]
[2020.11.17-14.30.17:212][  0]LogConfig: Setting CVar [[r.MaxAnisotropy:8]]
[2020.11.17-14.30.17:212][  0]LogConfig: Setting CVar [[r.VT.MaxAnisotropy:8]]
[2020.11.17-14.30.17:212][  0]LogConfig: Setting CVar [[r.Streaming.LimitPoolSizeToVRAM:0]]
[2020.11.17-14.30.17:212][  0]LogConfig: Setting CVar [[r.Streaming.PoolSize:1000]]
[2020.11.17-14.30.17:212][  0]LogConfig: Setting CVar [[r.Streaming.MaxEffectiveScreenSize:0]]
[2020.11.17-14.30.17:212][  0]LogConfig: Applying CVar settings from Section [EffectsQuality@3] File [C:/Users/danie/Documents/GitHub/crunch/CRUNCH/Saved/Config/Windows/Scalability.ini]
[2020.11.17-14.30.17:212][  0]LogConfig: Setting CVar [[r.TranslucencyLightingVolumeDim:64]]
[2020.11.17-14.30.17:212][  0]LogConfig: Setting CVar [[r.RefractionQuality:2]]
[2020.11.17-14.30.17:212][  0]LogConfig: Setting CVar [[r.SSR.Quality:3]]
[2020.11.17-14.30.17:212][  0]LogConfig: Setting CVar [[r.SSR.HalfResSceneColor:0]]
[2020.11.17-14.30.17:212][  0]LogConfig: Setting CVar [[r.SceneColorFormat:4]]
[2020.11.17-14.30.17:212][  0]LogConfig: Setting CVar [[r.DetailMode:2]]
[2020.11.17-14.30.17:212][  0]LogConfig: Setting CVar [[r.TranslucencyVolumeBlur:1]]
[2020.11.17-14.30.17:212][  0]LogConfig: Setting CVar [[r.MaterialQualityLevel:1 ; High quality]]
[2020.11.17-14.30.17:212][  0]LogConfig: Setting CVar [[r.SSS.Scale:1]]
[2020.11.17-14.30.17:212][  0]LogConfig: Setting CVar [[r.SSS.SampleSet:2]]
[2020.11.17-14.30.17:212][  0]LogConfig: Setting CVar [[r.SSS.Quality:1]]
[2020.11.17-14.30.17:212][  0]LogConfig: Setting CVar [[r.SSS.HalfRes:1]]
[2020.11.17-14.30.17:212][  0]LogConfig: Setting CVar [[r.SSGI.Quality:3]]
[2020.11.17-14.30.17:213][  0]LogConfig: Setting CVar [[r.EmitterSpawnRateScale:1.0]]
[2020.11.17-14.30.17:213][  0]LogConfig: Setting CVar [[r.ParticleLightQuality:2]]
[2020.11.17-14.30.17:213][  0]LogConfig: Setting CVar [[r.SkyAtmosphere.AerialPerspectiveLUT.FastApplyOnOpaque:1 ; Always have FastSkyLUT 1 in this case to avoid wrong sky]]
[2020.11.17-14.30.17:213][  0]LogConfig: Setting CVar [[r.SkyAtmosphere.AerialPerspectiveLUT.SampleCountPerSlice:1]]
[2020.11.17-14.30.17:213][  0]LogConfig: Setting CVar [[r.SkyAtmosphere.AerialPerspectiveLUT.DepthResolution:16.0]]
[2020.11.17-14.30.17:213][  0]LogConfig: Setting CVar [[r.SkyAtmosphere.FastSkyLUT:1]]
[2020.11.17-14.30.17:213][  0]LogConfig: Setting CVar [[r.SkyAtmosphere.FastSkyLUT.SampleCountMin:4.0]]
[2020.11.17-14.30.17:213][  0]LogConfig: Setting CVar [[r.SkyAtmosphere.FastSkyLUT.SampleCountMax:32.0]]
[2020.11.17-14.30.17:213][  0]LogConfig: Setting CVar [[r.SkyAtmosphere.SampleCountMin:4.0]]
[2020.11.17-14.30.17:213][  0]LogConfig: Setting CVar [[r.SkyAtmosphere.SampleCountMax:32.0]]
[2020.11.17-14.30.17:213][  0]LogConfig: Setting CVar [[r.SkyAtmosphere.TransmittanceLUT.UseSmallFormat:0]]
[2020.11.17-14.30.17:213][  0]LogConfig: Setting CVar [[r.SkyAtmosphere.TransmittanceLUT.SampleCount:10.0]]
[2020.11.17-14.30.17:213][  0]LogConfig: Setting CVar [[r.SkyAtmosphere.MultiScatteringLUT.SampleCount:15.0]]
[2020.11.17-14.30.17:213][  0]LogConfig: Applying CVar settings from Section [FoliageQuality@3] File [C:/Users/danie/Documents/GitHub/crunch/CRUNCH/Saved/Config/Windows/Scalability.ini]
[2020.11.17-14.30.17:213][  0]LogConfig: Setting CVar [[foliage.DensityScale:1.0]]
[2020.11.17-14.30.17:213][  0]LogConfig: Setting CVar [[grass.DensityScale:1.0]]
[2020.11.17-14.30.17:213][  0]LogConfig: Applying CVar settings from Section [ShadingQuality@3] File [C:/Users/danie/Documents/GitHub/crunch/CRUNCH/Saved/Config/Windows/Scalability.ini]
[2020.11.17-14.30.17:213][  0]LogConfig: Setting CVar [[r.HairStrands.SkyLighting.SampleCount:16]]
[2020.11.17-14.30.17:213][  0]LogConfig: Setting CVar [[r.HairStrands.SkyLighting.JitterIntegration:0]]
[2020.11.17-14.30.17:213][  0]LogConfig: Setting CVar [[r.HairStrands.SkyAO.SampleCount:16]]
[2020.11.17-14.30.17:221][  0]LogInit: Selected Device Profile: [Windows]
[2020.11.17-14.30.17:222][  0]LogInit: Applying CVar settings loaded from the selected device profile: [Windows]
[2020.11.17-14.30.17:258][  0]LogHAL: Display: Platform has ~ 16 GB [17086296064 / 17179869184 / 16], which maps to Larger [LargestMinGB=32, LargerMinGB=12, DefaultMinGB=8, SmallerMinGB=6, SmallestMinGB=0)
[2020.11.17-14.30.17:258][  0]LogInit: Going up to parent DeviceProfile []
[2020.11.17-14.30.17:259][  0]LogConfig: Applying CVar settings from Section [ViewDistanceQuality@3] File [C:/Users/danie/Documents/GitHub/crunch/CRUNCH/Saved/Config/Windows/Scalability.ini]
[2020.11.17-14.30.17:259][  0]LogConfig: Setting CVar [[r.SkeletalMeshLODBias:0]]
[2020.11.17-14.30.17:259][  0]LogConfig: Setting CVar [[r.ViewDistanceScale:1.0]]
[2020.11.17-14.30.17:259][  0]LogConfig: Applying CVar settings from Section [AntiAliasingQuality@3] File [C:/Users/danie/Documents/GitHub/crunch/CRUNCH/Saved/Config/Windows/Scalability.ini]
[2020.11.17-14.30.17:259][  0]LogConfig: Setting CVar [[r.PostProcessAAQuality:4]]
[2020.11.17-14.30.17:259][  0]LogConfig: Applying CVar settings from Section [ShadowQuality@3] File [C:/Users/danie/Documents/GitHub/crunch/CRUNCH/Saved/Config/Windows/Scalability.ini]
[2020.11.17-14.30.17:259][  0]LogConfig: Setting CVar [[r.LightFunctionQuality:1]]
[2020.11.17-14.30.17:259][  0]LogConfig: Setting CVar [[r.ShadowQuality:5]]
[2020.11.17-14.30.17:259][  0]LogConfig: Setting CVar [[r.Shadow.CSM.MaxCascades:10]]
[2020.11.17-14.30.17:259][  0]LogConfig: Setting CVar [[r.Shadow.MaxResolution:2048]]
[2020.11.17-14.30.17:259][  0]LogConfig: Setting CVar [[r.Shadow.MaxCSMResolution:2048]]
[2020.11.17-14.30.17:259][  0]LogConfig: Setting CVar [[r.Shadow.RadiusThreshold:0.01]]
[2020.11.17-14.30.17:259][  0]LogConfig: Setting CVar [[r.Shadow.DistanceScale:1.0]]
[2020.11.17-14.30.17:259][  0]LogConfig: Setting CVar [[r.Shadow.CSM.TransitionScale:1.0]]
[2020.11.17-14.30.17:259][  0]LogConfig: Setting CVar [[r.Shadow.PreShadowResolutionFactor:1.0]]
[2020.11.17-14.30.17:259][  0]LogConfig: Setting CVar [[r.DistanceFieldShadowing:1]]
[2020.11.17-14.30.17:259][  0]LogConfig: Setting CVar [[r.DistanceFieldAO:1]]
[2020.11.17-14.30.17:259][  0]LogConfig: Setting CVar [[r.AOQuality:2]]
[2020.11.17-14.30.17:259][  0]LogConfig: Setting CVar [[r.VolumetricFog:1]]
[2020.11.17-14.30.17:259][  0]LogConfig: Setting CVar [[r.VolumetricFog.GridPixelSize:8]]
[2020.11.17-14.30.17:259][  0]LogConfig: Setting CVar [[r.VolumetricFog.GridSizeZ:128]]
[2020.11.17-14.30.17:259][  0]LogConfig: Setting CVar [[r.VolumetricFog.HistoryMissSupersampleCount:4]]
[2020.11.17-14.30.17:259][  0]LogConfig: Setting CVar [[r.LightMaxDrawDistanceScale:1]]
[2020.11.17-14.30.17:259][  0]LogConfig: Setting CVar [[r.CapsuleShadows:1]]
[2020.11.17-14.30.17:259][  0]LogConfig: Applying CVar settings from Section [PostProcessQuality@3] File [C:/Users/danie/Documents/GitHub/crunch/CRUNCH/Saved/Config/Windows/Scalability.ini]
[2020.11.17-14.30.17:259][  0]LogConfig: Setting CVar [[r.MotionBlurQuality:4]]
[2020.11.17-14.30.17:259][  0]LogConfig: Setting CVar [[r.AmbientOcclusionMipLevelFactor:0.4]]
[2020.11.17-14.30.17:259][  0]LogConfig: Setting CVar [[r.AmbientOcclusionMaxQuality:100]]
[2020.11.17-14.30.17:259][  0]LogConfig: Setting CVar [[r.AmbientOcclusionLevels:-1]]
[2020.11.17-14.30.17:259][  0]LogConfig: Setting CVar [[r.AmbientOcclusionRadiusScale:1.0]]
[2020.11.17-14.30.17:259][  0]LogConfig: Setting CVar [[r.DepthOfFieldQuality:2]]
[2020.11.17-14.30.17:259][  0]LogConfig: Setting CVar [[r.RenderTargetPoolMin:400]]
[2020.11.17-14.30.17:259][  0]LogConfig: Setting CVar [[r.LensFlareQuality:2]]
[2020.11.17-14.30.17:259][  0]LogConfig: Setting CVar [[r.SceneColorFringeQuality:1]]
[2020.11.17-14.30.17:259][  0]LogConfig: Setting CVar [[r.EyeAdaptationQuality:2]]
[2020.11.17-14.30.17:259][  0]LogConfig: Setting CVar [[r.BloomQuality:5]]
[2020.11.17-14.30.17:259][  0]LogConfig: Setting CVar [[r.FastBlurThreshold:100]]
[2020.11.17-14.30.17:259][  0]LogConfig: Setting CVar [[r.Upscale.Quality:3]]
[2020.11.17-14.30.17:259][  0]LogConfig: Setting CVar [[r.Tonemapper.GrainQuantization:1]]
[2020.11.17-14.30.17:259][  0]LogConfig: Setting CVar [[r.LightShaftQuality:1]]
[2020.11.17-14.30.17:259][  0]LogConfig: Setting CVar [[r.Filter.SizeScale:1]]
[2020.11.17-14.30.17:259][  0]LogConfig: Setting CVar [[r.Tonemapper.Quality:5]]
[2020.11.17-14.30.17:259][  0]LogConfig: Setting CVar [[r.DOF.Gather.AccumulatorQuality:1        ; higher gathering accumulator quality]]
[2020.11.17-14.30.17:259][  0]LogConfig: Setting CVar [[r.DOF.Gather.PostfilterMethod:1          ; Median3x3 postfilering method]]
[2020.11.17-14.30.17:259][  0]LogConfig: Setting CVar [[r.DOF.Gather.EnableBokehSettings:0       ; no bokeh simulation when gathering]]
[2020.11.17-14.30.17:259][  0]LogConfig: Setting CVar [[r.DOF.Gather.RingCount:4                 ; medium number of samples when gathering]]
[2020.11.17-14.30.17:259][  0]LogConfig: Setting CVar [[r.DOF.Scatter.ForegroundCompositing:1    ; additive foreground scattering]]
[2020.11.17-14.30.17:259][  0]LogConfig: Setting CVar [[r.DOF.Scatter.BackgroundCompositing:2    ; additive background scattering]]
[2020.11.17-14.30.17:259][  0]LogConfig: Setting CVar [[r.DOF.Scatter.EnableBokehSettings:1      ; bokeh simulation when scattering]]
[2020.11.17-14.30.17:259][  0]LogConfig: Setting CVar [[r.DOF.Scatter.MaxSpriteRatio:0.1         ; only a maximum of 10% of scattered bokeh]]
[2020.11.17-14.30.17:259][  0]LogConfig: Setting CVar [[r.DOF.Recombine.Quality:1                ; cheap slight out of focus]]
[2020.11.17-14.30.17:259][  0]LogConfig: Setting CVar [[r.DOF.Recombine.EnableBokehSettings:0    ; no bokeh simulation on slight out of focus]]
[2020.11.17-14.30.17:259][  0]LogConfig: Setting CVar [[r.DOF.TemporalAAQuality:1                ; more stable temporal accumulation]]
[2020.11.17-14.30.17:259][  0]LogConfig: Setting CVar [[r.DOF.Kernel.MaxForegroundRadius:0.025]]
[2020.11.17-14.30.17:259][  0]LogConfig: Setting CVar [[r.DOF.Kernel.MaxBackgroundRadius:0.025]]
[2020.11.17-14.30.17:259][  0]LogConfig: Applying CVar settings from Section [TextureQuality@3] File [C:/Users/danie/Documents/GitHub/crunch/CRUNCH/Saved/Config/Windows/Scalability.ini]
[2020.11.17-14.30.17:259][  0]LogConfig: Setting CVar [[r.Streaming.MipBias:0]]
[2020.11.17-14.30.17:259][  0]LogConfig: Setting CVar [[r.Streaming.AmortizeCPUToGPUCopy:0]]
[2020.11.17-14.30.17:260][  0]LogConfig: Setting CVar [[r.Streaming.MaxNumTexturesToStreamPerFrame:0]]
[2020.11.17-14.30.17:260][  0]LogConfig: Setting CVar [[r.Streaming.Boost:1]]
[2020.11.17-14.30.17:260][  0]LogConfig: Setting CVar [[r.MaxAnisotropy:8]]
[2020.11.17-14.30.17:260][  0]LogConfig: Setting CVar [[r.VT.MaxAnisotropy:8]]
[2020.11.17-14.30.17:260][  0]LogConfig: Setting CVar [[r.Streaming.LimitPoolSizeToVRAM:0]]
[2020.11.17-14.30.17:260][  0]LogConfig: Setting CVar [[r.Streaming.PoolSize:1000]]
[2020.11.17-14.30.17:260][  0]LogConfig: Setting CVar [[r.Streaming.MaxEffectiveScreenSize:0]]
[2020.11.17-14.30.17:260][  0]LogConfig: Applying CVar settings from Section [EffectsQuality@3] File [C:/Users/danie/Documents/GitHub/crunch/CRUNCH/Saved/Config/Windows/Scalability.ini]
[2020.11.17-14.30.17:260][  0]LogConfig: Setting CVar [[r.TranslucencyLightingVolumeDim:64]]
[2020.11.17-14.30.17:260][  0]LogConfig: Setting CVar [[r.RefractionQuality:2]]
[2020.11.17-14.30.17:260][  0]LogConfig: Setting CVar [[r.SSR.Quality:3]]
[2020.11.17-14.30.17:260][  0]LogConfig: Setting CVar [[r.SSR.HalfResSceneColor:0]]
[2020.11.17-14.30.17:260][  0]LogConfig: Setting CVar [[r.SceneColorFormat:4]]
[2020.11.17-14.30.17:260][  0]LogConfig: Setting CVar [[r.DetailMode:2]]
[2020.11.17-14.30.17:260][  0]LogConfig: Setting CVar [[r.TranslucencyVolumeBlur:1]]
[2020.11.17-14.30.17:260][  0]LogConfig: Setting CVar [[r.MaterialQualityLevel:1 ; High quality]]
[2020.11.17-14.30.17:260][  0]LogConfig: Setting CVar [[r.SSS.Scale:1]]
[2020.11.17-14.30.17:260][  0]LogConfig: Setting CVar [[r.SSS.SampleSet:2]]
[2020.11.17-14.30.17:260][  0]LogConfig: Setting CVar [[r.SSS.Quality:1]]
[2020.11.17-14.30.17:260][  0]LogConfig: Setting CVar [[r.SSS.HalfRes:1]]
[2020.11.17-14.30.17:260][  0]LogConfig: Setting CVar [[r.SSGI.Quality:3]]
[2020.11.17-14.30.17:260][  0]LogConfig: Setting CVar [[r.EmitterSpawnRateScale:1.0]]
[2020.11.17-14.30.17:260][  0]LogConfig: Setting CVar [[r.ParticleLightQuality:2]]
[2020.11.17-14.30.17:260][  0]LogConfig: Setting CVar [[r.SkyAtmosphere.AerialPerspectiveLUT.FastApplyOnOpaque:1 ; Always have FastSkyLUT 1 in this case to avoid wrong sky]]
[2020.11.17-14.30.17:260][  0]LogConfig: Setting CVar [[r.SkyAtmosphere.AerialPerspectiveLUT.SampleCountPerSlice:1]]
[2020.11.17-14.30.17:260][  0]LogConfig: Setting CVar [[r.SkyAtmosphere.AerialPerspectiveLUT.DepthResolution:16.0]]
[2020.11.17-14.30.17:260][  0]LogConfig: Setting CVar [[r.SkyAtmosphere.FastSkyLUT:1]]
[2020.11.17-14.30.17:260][  0]LogConfig: Setting CVar [[r.SkyAtmosphere.FastSkyLUT.SampleCountMin:4.0]]
[2020.11.17-14.30.17:260][  0]LogConfig: Setting CVar [[r.SkyAtmosphere.FastSkyLUT.SampleCountMax:32.0]]
[2020.11.17-14.30.17:260][  0]LogConfig: Setting CVar [[r.SkyAtmosphere.SampleCountMin:4.0]]
[2020.11.17-14.30.17:260][  0]LogConfig: Setting CVar [[r.SkyAtmosphere.SampleCountMax:32.0]]
[2020.11.17-14.30.17:260][  0]LogConfig: Setting CVar [[r.SkyAtmosphere.TransmittanceLUT.UseSmallFormat:0]]
[2020.11.17-14.30.17:260][  0]LogConfig: Setting CVar [[r.SkyAtmosphere.TransmittanceLUT.SampleCount:10.0]]
[2020.11.17-14.30.17:260][  0]LogConfig: Setting CVar [[r.SkyAtmosphere.MultiScatteringLUT.SampleCount:15.0]]
[2020.11.17-14.30.17:260][  0]LogConfig: Applying CVar settings from Section [FoliageQuality@3] File [C:/Users/danie/Documents/GitHub/crunch/CRUNCH/Saved/Config/Windows/Scalability.ini]
[2020.11.17-14.30.17:260][  0]LogConfig: Setting CVar [[foliage.DensityScale:1.0]]
[2020.11.17-14.30.17:260][  0]LogConfig: Setting CVar [[grass.DensityScale:1.0]]
[2020.11.17-14.30.17:260][  0]LogConfig: Applying CVar settings from Section [ShadingQuality@3] File [C:/Users/danie/Documents/GitHub/crunch/CRUNCH/Saved/Config/Windows/Scalability.ini]
[2020.11.17-14.30.17:260][  0]LogConfig: Setting CVar [[r.HairStrands.SkyLighting.SampleCount:16]]
[2020.11.17-14.30.17:260][  0]LogConfig: Setting CVar [[r.HairStrands.SkyLighting.JitterIntegration:0]]
[2020.11.17-14.30.17:260][  0]LogConfig: Setting CVar [[r.HairStrands.SkyAO.SampleCount:16]]
[2020.11.17-14.30.17:260][  0]LogConfig: Applying CVar settings from Section [Startup] File [../../../Engine/Config/ConsoleVariables.ini]
[2020.11.17-14.30.17:261][  0]LogConfig: Setting CVar [[net.UseAdaptiveNetUpdateFrequency:0]]
[2020.11.17-14.30.17:261][  0]LogConfig: Setting CVar [[p.chaos.AllowCreatePhysxBodies:1]]
[2020.11.17-14.30.17:261][  0]LogConfig: Applying CVar settings from Section [ConsoleVariables] File [C:/Users/danie/Documents/GitHub/crunch/CRUNCH/Saved/Config/Windows/Engine.ini]
[2020.11.17-14.30.17:272][  0]LogInit: Computer: BEAST
[2020.11.17-14.30.17:272][  0]LogInit: User: danie
[2020.11.17-14.30.17:272][  0]LogInit: CPU Page size=4096, Cores=6
[2020.11.17-14.30.17:272][  0]LogInit: High frequency timer resolution =10.000000 MHz
[2020.11.17-14.30.17:272][  0]LogMemory: Memory total: Physical=15.9GB (16GB approx)
[2020.11.17-14.30.17:273][  0]LogMemory: Platform Memory Stats for Windows
[2020.11.17-14.30.17:273][  0]LogMemory: Process Physical Memory: 105.76 MB used, 105.77 MB peak
[2020.11.17-14.30.17:273][  0]LogMemory: Process Virtual Memory: 101.27 MB used, 101.27 MB peak
[2020.11.17-14.30.17:273][  0]LogMemory: Physical Memory: 7779.22 MB used,  8515.54 MB free, 16294.76 MB total
[2020.11.17-14.30.17:273][  0]LogMemory: Virtual Memory: 5157.00 MB used,  134212568.00 MB free, 134217728.00 MB total
[2020.11.17-14.30.17:280][  0]LogWindows: WindowsPlatformFeatures enabled
[2020.11.17-14.30.17:895][  0]LogInit: Using OS detected language (en-GB).
[2020.11.17-14.30.17:895][  0]LogInit: Using OS detected locale (en-GB).
[2020.11.17-14.30.17:898][  0]LogTextLocalizationManager: No specific localization for 'en-GB' exists, so the 'en' localization will be used.
[2020.11.17-14.30.18:343][  0]LogInit: Setting process to per monitor DPI aware
[2020.11.17-14.30.18:594][  0]LogSlate: New Slate User Created.  User Index 0, Is Virtual User: 0
[2020.11.17-14.30.18:594][  0]LogSlate: Slate User Registered.  User Index 0, Is Virtual User: 0
[2020.11.17-14.30.19:208][  0]LogD3D11RHI: D3D11 min allowed feature level: 11_0
[2020.11.17-14.30.19:208][  0]LogD3D11RHI: D3D11 max allowed feature level: 11_0
[2020.11.17-14.30.19:208][  0]LogD3D11RHI: D3D11 adapters:
[2020.11.17-14.30.19:344][  0]LogD3D11RHI:    0. 'NVIDIA GeForce GTX 1080 Ti' (Feature Level 11_0)
[2020.11.17-14.30.19:344][  0]LogD3D11RHI:       11127/0/8147 MB DedicatedVideo/DedicatedSystem/SharedSystem, Outputs:2, VendorId:0x10de
[2020.11.17-14.30.19:347][  0]LogD3D11RHI:    1. 'Microsoft Basic Render Driver' (Feature Level 11_0)
[2020.11.17-14.30.19:347][  0]LogD3D11RHI:       0/0/8147 MB DedicatedVideo/DedicatedSystem/SharedSystem, Outputs:0, VendorId:0x1414
[2020.11.17-14.30.19:347][  0]LogD3D11RHI: Chosen D3D11 Adapter: 0
[2020.11.17-14.30.19:359][  0]LogD3D11RHI: Creating new Direct3DDevice
[2020.11.17-14.30.19:359][  0]LogD3D11RHI:     GPU DeviceId: 0x1b06 (for the marketing name, search the web for "GPU Device Id")
[2020.11.17-14.30.19:359][  0]LogWindows: EnumDisplayDevices:
[2020.11.17-14.30.19:359][  0]LogWindows:    0. 'NVIDIA GeForce GTX 1080 Ti' (P:1 D:1)
[2020.11.17-14.30.19:360][  0]LogWindows:    1. 'NVIDIA GeForce GTX 1080 Ti' (P:0 D:1)
[2020.11.17-14.30.19:360][  0]LogWindows:    2. 'NVIDIA GeForce GTX 1080 Ti' (P:0 D:0)
[2020.11.17-14.30.19:360][  0]LogWindows:    3. 'NVIDIA GeForce GTX 1080 Ti' (P:0 D:0)
[2020.11.17-14.30.19:361][  0]LogWindows: DebugString: FoundDriverCount:4 
[2020.11.17-14.30.19:361][  0]LogD3D11RHI:     Adapter Name: NVIDIA GeForce GTX 1080 Ti
[2020.11.17-14.30.19:361][  0]LogD3D11RHI:   Driver Version: 445.87 (internal:26.21.14.4587, unified:445.87)
[2020.11.17-14.30.19:361][  0]LogD3D11RHI:      Driver Date: 4-3-2020
[2020.11.17-14.30.19:361][  0]LogRHI: Texture pool is 7788 MB (70% of 11127 MB)
[2020.11.17-14.30.19:417][  0]LogD3D11RHI: RHI has support for 64 bit atomics
[2020.11.17-14.30.19:418][  0]LogD3D11RHI: Async texture creation enabled
[2020.11.17-14.30.19:637][  0]LogD3D11RHI: GPU Timing Frequency: 1000.000000 (Debug: 2 1)
[2020.11.17-14.30.20:327][  0]LogTargetPlatformManager: Display: Loaded TargetPlatform 'AllDesktop'
[2020.11.17-14.30.20:386][  0]LogTargetPlatformManager: Display: Loaded TargetPlatform 'Android'
[2020.11.17-14.30.20:386][  0]LogTargetPlatformManager: Display: Loaded TargetPlatform 'Android_ASTC'
[2020.11.17-14.30.20:386][  0]LogTargetPlatformManager: Display: Loaded TargetPlatform 'Android_ATC'
[2020.11.17-14.30.20:386][  0]LogTargetPlatformManager: Display: Loaded TargetPlatform 'Android_DXT'
[2020.11.17-14.30.20:386][  0]LogTargetPlatformManager: Display: Loaded TargetPlatform 'Android_ETC1'
[2020.11.17-14.30.20:386][  0]LogTargetPlatformManager: Display: Loaded TargetPlatform 'Android_ETC1a'
[2020.11.17-14.30.20:386][  0]LogTargetPlatformManager: Display: Loaded TargetPlatform 'Android_ETC2'
[2020.11.17-14.30.20:386][  0]LogTargetPlatformManager: Display: Loaded TargetPlatform 'Android_PVRTC'
[2020.11.17-14.30.20:386][  0]LogTargetPlatformManager: Display: Loaded TargetPlatform 'AndroidClient'
[2020.11.17-14.30.20:386][  0]LogTargetPlatformManager: Display: Loaded TargetPlatform 'Android_ASTCClient'
[2020.11.17-14.30.20:386][  0]LogTargetPlatformManager: Display: Loaded TargetPlatform 'Android_ATCClient'
[2020.11.17-14.30.20:386][  0]LogTargetPlatformManager: Display: Loaded TargetPlatform 'Android_DXTClient'
[2020.11.17-14.30.20:386][  0]LogTargetPlatformManager: Display: Loaded TargetPlatform 'Android_ETC1Client'
[2020.11.17-14.30.20:386][  0]LogTargetPlatformManager: Display: Loaded TargetPlatform 'Android_ETC1aClient'
[2020.11.17-14.30.20:386][  0]LogTargetPlatformManager: Display: Loaded TargetPlatform 'Android_ETC2Client'
[2020.11.17-14.30.20:386][  0]LogTargetPlatformManager: Display: Loaded TargetPlatform 'Android_PVRTCClient'
[2020.11.17-14.30.20:386][  0]LogTargetPlatformManager: Display: Loaded TargetPlatform 'Android_Multi'
[2020.11.17-14.30.20:386][  0]LogTargetPlatformManager: Display: Loaded TargetPlatform 'Android_MultiClient'
[2020.11.17-14.30.20:546][  0]LogTargetPlatformManager: Display: Loaded TargetPlatform 'IOSClient'
[2020.11.17-14.30.20:546][  0]LogTargetPlatformManager: Display: Loaded TargetPlatform 'IOS'
[2020.11.17-14.30.20:584][  0]LogTargetPlatformManager: Display: Loaded TargetPlatform 'LinuxNoEditor'
[2020.11.17-14.30.20:596][  0]LogTargetPlatformManager: Display: Loaded TargetPlatform 'LinuxClient'
[2020.11.17-14.30.20:609][  0]LogTargetPlatformManager: Display: Loaded TargetPlatform 'LinuxServer'
[2020.11.17-14.30.20:627][  0]LogTargetPlatformManager: Display: Loaded TargetPlatform 'LinuxAArch64NoEditor'
[2020.11.17-14.30.20:638][  0]LogTargetPlatformManager: Display: Loaded TargetPlatform 'LinuxAArch64Client'
[2020.11.17-14.30.20:650][  0]LogTargetPlatformManager: Display: Loaded TargetPlatform 'LinuxAArch64Server'
[2020.11.17-14.30.20:690][  0]LogTargetPlatformManager: Display: Loaded TargetPlatform 'Lumin'
[2020.11.17-14.30.20:690][  0]LogTargetPlatformManager: Display: Loaded TargetPlatform 'LuminClient'
[2020.11.17-14.30.20:718][  0]LogTargetPlatformManager: Display: Loaded TargetPlatform 'TVOSClient'
[2020.11.17-14.30.20:718][  0]LogTargetPlatformManager: Display: Loaded TargetPlatform 'TVOS'
[2020.11.17-14.30.20:734][  0]LogTargetPlatformManager: Display: Loaded TargetPlatform 'WindowsNoEditor'
[2020.11.17-14.30.20:750][  0]LogTargetPlatformManager: Display: Loaded TargetPlatform 'Windows'
[2020.11.17-14.30.20:762][  0]LogTargetPlatformManager: Display: Loaded TargetPlatform 'WindowsClient'
[2020.11.17-14.30.20:781][  0]LogTargetPlatformManager: Display: Loaded TargetPlatform 'WindowsServer'
[2020.11.17-14.30.20:781][  0]LogTargetPlatformManager: Display: Building Assets For Windows
[2020.11.17-14.30.20:825][  0]LogAudioDebug: Display: Lib vorbis DLL was dynamically loaded.
[2020.11.17-14.30.21:188][  0]LogShaderCompilers: Guid format shader working directory is 0 characters bigger than the processId version (C:/Users/danie/Documents/GitHub/crunch/CRUNCH/Intermediate/Shaders/WorkingDirectory/17100/).
[2020.11.17-14.30.21:188][  0]LogShaderCompilers: Cleaned the shader compiler working directory 'C:/Users/danie/AppData/Local/Temp/UnrealShaderWorkingDir/910914C84E25E82B6775958F9D57F752/'.
[2020.11.17-14.30.21:190][  0]LogXGEController: Cleaning working directory: C:/Users/danie/AppData/Local/Temp/UnrealXGEWorkingDir/
[2020.11.17-14.30.21:191][  0]LogXGEController: Cannot use XGE Controller as Incredibuild is not installed on this machine.
[2020.11.17-14.30.21:191][  0]LogShaderCompilers: Cannot use XGE Shader Compiler as Incredibuild is not installed on this machine.
[2020.11.17-14.30.21:191][  0]LogShaderCompilers: Display: Using Local Shader Compiler.
[2020.11.17-14.30.22:432][  0]LogDerivedDataCache: Display: Max Cache Size: 512 MB
[2020.11.17-14.30.22:642][  0]LogDerivedDataCache: Loaded boot cache 0.21s 78MB C:/Users/danie/AppData/Local/UnrealEngine/4.24/DerivedDataCache/Boot.ddc.
[2020.11.17-14.30.22:643][  0]LogDerivedDataCache: Display: Loaded Boot cache: C:/Users/danie/AppData/Local/UnrealEngine/4.24/DerivedDataCache/Boot.ddc
[2020.11.17-14.30.22:643][  0]LogDerivedDataCache: FDerivedDataBackendGraph:  Pak pak cache file C:/Users/danie/Documents/GitHub/crunch/CRUNCH/DerivedDataCache/DDC.ddp not found, will not use a pak cache.
[2020.11.17-14.30.22:643][  0]LogDerivedDataCache: Unable to find inner node Pak for hierarchical cache Hierarchy.
[2020.11.17-14.30.22:643][  0]LogDerivedDataCache: FDerivedDataBackendGraph:  CompressedPak pak cache file C:/Users/danie/Documents/GitHub/crunch/CRUNCH/DerivedDataCache/Compressed.ddp not found, will not use a pak cache.
[2020.11.17-14.30.22:643][  0]LogDerivedDataCache: Unable to find inner node CompressedPak for hierarchical cache Hierarchy.
[2020.11.17-14.30.22:689][  0]LogDerivedDataCache: Display: Pak cache opened for reading ../../../Engine/DerivedDataCache/Compressed.ddp.
[2020.11.17-14.30.22:689][  0]LogDerivedDataCache: FDerivedDataBackendGraph:  EnterprisePak pak cache file ../../../Enterprise/DerivedDataCache/Compressed.ddp not found, will not use a pak cache.
[2020.11.17-14.30.22:689][  0]LogDerivedDataCache: Unable to find inner node EnterprisePak for hierarchical cache Hierarchy.
[2020.11.17-14.30.22:691][  0]LogDerivedDataCache: Using Local data cache path C:/Users/danie/AppData/Local/UnrealEngine/Common/DerivedDataCache: Writable
[2020.11.17-14.30.22:691][  0]LogDerivedDataCache: Shared data cache path not found in *engine.ini, will not use an Shared cache.
[2020.11.17-14.30.22:691][  0]LogDerivedDataCache: Unable to find inner node Shared for hierarchical cache Hierarchy.
[2020.11.17-14.30.22:744][  0]LogMaterial: Verifying Global Shaders for PCD3D_SM5
[2020.11.17-14.30.22:788][  0]LogSlate: Using FreeType 2.10.0
[2020.11.17-14.30.22:834][  0]LogSlate: SlateFontServices - WITH_FREETYPE: 1, WITH_HARFBUZZ: 1
[2020.11.17-14.30.23:273][  0]LogAssetRegistry: FAssetRegistry took 0.0060 seconds to start up
[2020.11.17-14.30.26:516][  0]LogInit: Selected Device Profile: [Windows]
[2020.11.17-14.30.27:313][  0]LogMeshReduction: Using QuadricMeshReduction for automatic static mesh reduction
[2020.11.17-14.30.27:314][  0]LogMeshReduction: Using SimplygonMeshReduction for automatic skeletal mesh reduction
[2020.11.17-14.30.27:314][  0]LogMeshReduction: Using ProxyLODMeshReduction for automatic mesh merging
[2020.11.17-14.30.27:314][  0]LogMeshReduction: No distributed automatic mesh merging module available
[2020.11.17-14.30.27:314][  0]LogMeshMerging: No distributed automatic mesh merging module available
[2020.11.17-14.30.27:827][  0]LogNetVersion: CRUNCH 1.0.0, NetCL: 10570792, EngineNetVer: 13, GameNetVer: 0 (Checksum: 2422846099)
[2020.11.17-14.30.34:291][  0]LogPackageLocalizationCache: Processed 9 localized package path(s) for 1 prioritized culture(s) in 0.070951 seconds
[2020.11.17-14.30.34:299][  0]LogUObjectArray: 46288 objects as part of root set at end of initial load.
[2020.11.17-14.30.34:299][  0]LogUObjectAllocator: 8062376 out of 0 bytes used by permanent object pool.
[2020.11.17-14.30.34:299][  0]LogUObjectArray: CloseDisregardForGC: 0/0 objects in disregard for GC pool
[2020.11.17-14.30.37:612][  0]LogTcpMessaging: Initializing TcpMessaging bridge
[2020.11.17-14.30.37:632][  0]LogUdpMessaging: Initializing bridge on interface 0.0.0.0:0 to multicast group 230.0.0.1:6666.
[2020.11.17-14.30.38:202][  0]SourceControl: Source control is disabled
[2020.11.17-14.30.38:203][  0]SourceControl: Source control is disabled
[2020.11.17-14.30.38:309][  0]SourceControl: Source control is disabled
[2020.11.17-14.30.38:332][  0]SourceControl: Source control is disabled
[2020.11.17-14.30.38:352][  0]SourceControl: Source control is disabled
[2020.11.17-14.30.39:491][  0]LogAndroidPermission: UAndroidPermissionCallbackProxy::GetInstance
[2020.11.17-14.30.39:592][  0]LogAudioCaptureCore: Display: No Audio Capture implementations found. Audio input will be silent.
[2020.11.17-14.30.39:592][  0]LogAudioCaptureCore: Display: No Audio Capture implementations found. Audio input will be silent.
[2020.11.17-14.30.40:032][  0]LogOcInput: OculusInput pre-init called
[2020.11.17-14.30.40:093][  0]LogWindows: Failed to load 'OVRPlugin.dll' (GetLastError=126)
[2020.11.17-14.30.40:093][  0]LogWindows: File 'OVRPlugin.dll' does not exist
[2020.11.17-14.30.41:526][  0]LogEngine: Initializing Engine...
[2020.11.17-14.30.41:576][  0]LogStats: UGameplayTagsManager::InitializeManager -  0.015 s
[2020.11.17-14.30.42:323][  0]LogInit: Initializing FReadOnlyCVARCache
[2020.11.17-14.30.42:777][  0]LogAIModule: Creating AISystem for world Untitled
[2020.11.17-14.30.42:847][  0]LogAudioMixer: Display: Audio Mixer Platform Settings:
[2020.11.17-14.30.42:847][  0]LogAudioMixer: Display: 	Sample Rate:						  48000
[2020.11.17-14.30.42:847][  0]LogAudioMixer: Display: 	Callback Buffer Frame Size Requested: 1024
[2020.11.17-14.30.42:847][  0]LogAudioMixer: Display: 	Callback Buffer Frame Size To Use:	  1024
[2020.11.17-14.30.42:847][  0]LogAudioMixer: Display: 	Number of buffers to queue:			  2
[2020.11.17-14.30.42:847][  0]LogAudioMixer: Display: 	Max Channels (voices):				  32
[2020.11.17-14.30.42:847][  0]LogAudioMixer: Display: 	Number of Async Source Workers:		  0
[2020.11.17-14.30.42:848][  0]LogAudio: Display: AudioDevice MaxSources: 32
[2020.11.17-14.30.42:850][  0]LogAudio: Display: Using built-in audio occlusion.
[2020.11.17-14.30.42:850][  0]LogAudioMixer: Display: Initializing audio mixer.
[2020.11.17-14.30.42:989][  0]LogAudioMixer: Display: Audio Device Output Speaker Info:
[2020.11.17-14.30.42:989][  0]LogAudioMixer: Display: Name: Speakers (USB Audio Device)
[2020.11.17-14.30.42:989][  0]LogAudioMixer: Display: Is Default: Yes
[2020.11.17-14.30.42:989][  0]LogAudioMixer: Display: Sample Rate: 48000
[2020.11.17-14.30.42:989][  0]LogAudioMixer: Display: Channel Count Used: 2
[2020.11.17-14.30.42:989][  0]LogAudioMixer: Display: Device Channel Count: 2
[2020.11.17-14.30.42:989][  0]LogAudioMixer: Display: Channel Order:
[2020.11.17-14.30.42:989][  0]LogAudioMixer: Display: 0: FrontLeft
[2020.11.17-14.30.42:989][  0]LogAudioMixer: Display: 1: FrontRight
[2020.11.17-14.30.43:032][  0]LogAudioMixer: Display: Using Audio Device Speakers (USB Audio Device)
[2020.11.17-14.30.43:065][  0]LogInit: FAudioDevice initialized.
[2020.11.17-14.30.43:112][  0]LogNetVersion: Set ProjectVersion to 1.0.0.0. Version Checksum will be recalculated on next use.
[2020.11.17-14.30.43:202][  0]LogDerivedDataCache: Saved boot cache 0.09s 78MB C:/Users/danie/AppData/Local/UnrealEngine/4.24/DerivedDataCache/Boot.ddc.
[2020.11.17-14.30.43:203][  0]LogInit: Texture streaming: Enabled
[2020.11.17-14.30.43:309][  0]LogEngineSessionManager: EngineSessionManager initialized
[2020.11.17-14.30.43:310][  0]LogEditorSessionSummary: Verbose: Initializing EditorSessionSummaryWriter for editor session tracking
[2020.11.17-14.30.43:329][  0]LogEditorSessionSummary: EditorSessionSummaryWriter initialized
[2020.11.17-14.30.43:661][  0]LogInit: Transaction tracking system initialized
[2020.11.17-14.30.44:454][  0]BlueprintLog: New page: Editor Load
[2020.11.17-14.30.45:357][  0]LocalizationService: Localization service is disabled
[2020.11.17-14.30.47:340][  0]LogFileCache: Scanning file cache for directory 'C:/Users/danie/Documents/GitHub/crunch/CRUNCH/Content/' took 0.02s
[2020.11.17-14.30.47:340][  0]LogCook: Display: Max memory allowance for cook 16384mb min free memory 0mb
[2020.11.17-14.30.47:340][  0]LogCook: Display: Mobile HDR setting 1
[2020.11.17-14.30.48:998][  0]SourceControl: Source control is disabled
[2020.11.17-14.30.49:018][  0]Cmd: MAP LOAD FILE="C:/Users/danie/Documents/GitHub/crunch/CRUNCH/Content/FirstPersonBP/Maps/FirstPersonExampleMap.umap" TEMPLATE=0 SHOWPROGRESS=1 FEATURELEVEL=3
[2020.11.17-14.30.49:063][  0]LightingResults: New page: Lighting Build
[2020.11.17-14.30.49:157][  0]LogWorld: UWorld::CleanupWorld for Untitled, bSessionEnded=true, bCleanupResources=true
[2020.11.17-14.30.49:157][  0]LogSlate: InvalidateAllWidgets triggered.  All widgets were invalidated
[2020.11.17-14.30.49:223][  0]MapCheck: New page: Map Check
[2020.11.17-14.30.49:223][  0]LightingResults: New page: Lighting Build
[2020.11.17-14.30.49:582][  0]LogUObjectHash: Compacting FUObjectHashTables data took   1.75ms
[2020.11.17-14.30.52:076][  0]LogAIModule: Creating AISystem for world FirstPersonExampleMap
[2020.11.17-14.30.52:463][  0]LogEditorServer: Finished looking for orphan Actors (0.000 secs)
[2020.11.17-14.30.52:646][  0]LogUObjectHash: Compacting FUObjectHashTables data took   2.61ms
[2020.11.17-14.30.52:647][  0]Cmd: MAP CHECKDEP NOCLEARLOG
[2020.11.17-14.30.52:647][  0]MapCheck: Map check complete: 0 Error(s), 0 Warning(s), took 0.624ms to complete.
[2020.11.17-14.30.52:658][  0]LogFileHelpers: Loading map 'FirstPersonExampleMap' took 3.641
[2020.11.17-14.30.54:194][  0]LogSlate: Updating window title bar state: overlay mode, drag disabled, window buttons hidden, title bar hidden
[2020.11.17-14.30.54:203][  0]LogSlate: Updating window title bar state: overlay mode, drag disabled, window buttons hidden, title bar hidden
[2020.11.17-14.30.54:209][  0]LogSlate: Updating window title bar state: overlay mode, drag disabled, window buttons hidden, title bar hidden
[2020.11.17-14.30.54:215][  0]LogSlate: Updating window title bar state: overlay mode, drag disabled, window buttons hidden, title bar hidden
[2020.11.17-14.30.54:311][  0]LogCollectionManager: Loaded 0 collections in 0.001562 seconds
[2020.11.17-14.30.54:438][  0]LogFileCache: Scanning file cache for directory 'C:/Users/danie/Documents/GitHub/crunch/CRUNCH/Saved/Collections/' took 0.00s
[2020.11.17-14.30.54:438][  0]LogFileCache: Scanning file cache for directory 'C:/Users/danie/Documents/GitHub/crunch/CRUNCH/Content/Developers/danie/Collections/' took 0.00s
[2020.11.17-14.30.54:438][  0]LogFileCache: Scanning file cache for directory 'C:/Users/danie/Documents/GitHub/crunch/CRUNCH/Content/Collections/' took 0.00s
[2020.11.17-14.30.54:438][  0]LogContentBrowser: Native class hierarchy populated in 0.0082 seconds. Added 3009 classes and 710 folders.
[2020.11.17-14.30.54:483][  0]LogContentBrowser: Native class hierarchy updated for 'WidgetCarousel' in 0.0003 seconds. Added 0 classes and 0 folders.
[2020.11.17-14.30.55:298][  0]LogContentBrowser: Native class hierarchy updated for 'AddContentDialog' in 0.0003 seconds. Added 0 classes and 0 folders.
[2020.11.17-14.30.55:364][  0]LogContentBrowser: Native class hierarchy updated for 'SceneOutliner' in 0.0003 seconds. Added 2 classes and 3 folders.
[2020.11.17-14.30.56:259][  0]LogSlate: Took 0.029492 seconds to synchronously load lazily loaded font '../../../Engine/Content/Slate/Fonts/Roboto-Regular.ttf' (155K)
[2020.11.17-14.30.56:301][  0]LogSlate: Took 0.028745 seconds to synchronously load lazily loaded font '../../../Engine/Content/Slate/Fonts/Roboto-Bold.ttf' (160K)
[2020.11.17-14.30.56:331][  0]LogSlate: Took 0.018200 seconds to synchronously load lazily loaded font '../../../Engine/Content/Editor/Slate/Fonts/FontAwesome.ttf' (139K)
[2020.11.17-14.30.56:792][  0]LogRenderer: Reallocating scene render targets to support 920x516 Format 10 NumSamples 1 (Frame:1).
[2020.11.17-14.30.57:195][  0]LogContentBrowser: Native class hierarchy updated for 'HierarchicalLODOutliner' in 0.0003 seconds. Added 0 classes and 0 folders.
[2020.11.17-14.30.57:195][  0]LogLoad: (Engine Initialization) Total time: 55.66 seconds
[2020.11.17-14.30.57:195][  0]LogLoad: (Engine Initialization) Total Blueprint compile time: 0.00 seconds
[2020.11.17-14.30.57:491][  0]LogContentStreaming: Texture pool size now 1000 MB
[2020.11.17-14.30.57:575][  0]LogSlate: Took 0.001415 seconds to synchronously load lazily loaded font '../../../Engine/Content/Slate/Fonts/Roboto-Light.ttf' (167K)
[2020.11.17-14.30.58:318][  8]LogAssetRegistry: Asset discovery search completed in 35.0474 seconds
[2020.11.17-14.30.58:333][  8]LogCollectionManager: Fixed up redirectors for 0 collections in 0.000010 seconds (updated 0 objects)
[2020.11.17-14.31.00:868][280]LogSlate: Took 0.000350 seconds to synchronously load lazily loaded font '../../../Engine/Content/Slate/Fonts/Roboto-Light.ttf' (167K)
[2020.11.17-14.31.01:755][280]LogAIModule: Creating AISystem for world BedRoom
[2020.11.17-14.31.01:823][280]LogAssetEditorSubsystem: Opening Asset editor for World /Game/Level/BedRoom.BedRoom
[2020.11.17-14.31.01:859][280]LogUObjectHash: Compacting FUObjectHashTables data took   2.36ms
[2020.11.17-14.31.01:885][280]Cmd: MAP LOAD FILE="C:/Users/danie/Documents/GitHub/crunch/CRUNCH/Content/Level/BedRoom.umap" TEMPLATE=0 SHOWPROGRESS=1 FEATURELEVEL=3
[2020.11.17-14.31.01:885][280]LightingResults: New page: Lighting Build
[2020.11.17-14.31.01:886][280]LoadErrors: New page: Loading map: BedRoom.umap
[2020.11.17-14.31.01:905][280]LogWorld: UWorld::CleanupWorld for FirstPersonExampleMap, bSessionEnded=true, bCleanupResources=true
[2020.11.17-14.31.01:905][280]LogSlate: InvalidateAllWidgets triggered.  All widgets were invalidated
[2020.11.17-14.31.01:922][280]MapCheck: New page: Map Check
[2020.11.17-14.31.01:922][280]LightingResults: New page: Lighting Build
[2020.11.17-14.31.01:999][280]LogUObjectHash: Compacting FUObjectHashTables data took   1.97ms
[2020.11.17-14.31.02:156][280]LogEditorServer: Finished looking for orphan Actors (0.000 secs)
[2020.11.17-14.31.02:193][280]LogUObjectHash: Compacting FUObjectHashTables data took   1.74ms
[2020.11.17-14.31.02:230][280]Cmd: MAP CHECKDEP NOCLEARLOG
[2020.11.17-14.31.02:232][280]MapCheck: Map check complete: 0 Error(s), 0 Warning(s), took 1.831ms to complete.
[2020.11.17-14.31.02:232][280]LogFileHelpers: Loading map 'BedRoom' took 0.371
[2020.11.17-14.31.04:809][543]LogEditorViewport: Clicking on Actor (LMB): StaticMeshActor (sm_kitchenside2)
[2020.11.17-14.31.22:385][274]LogEditorFactories: Performing atomic reimport of [N:/Crunch Models/kitchen side/sm_kitchenside_DefaultMaterial_BaseColor.png]
[2020.11.17-14.31.22:998][274]LogFactory: FactoryCreateFile: Texture2D with ReimportTextureFactory (0 0 N:/Crunch Models/kitchen side/sm_kitchenside_DefaultMaterial_BaseColor.png)
[2020.11.17-14.31.23:177][274]LogTexture: Display: Building textures: sm_kitchenside_DefaultMaterial_BaseColor (AutoDXT, 2048X2048)
[2020.11.17-14.31.24:152][274]LogEditorFactories: -- imported successfully
[2020.11.17-14.31.24:172][274]LogEditorFactories: Performing atomic reimport of [N:/Crunch Models/kitchen side/sm_kitchenside_DefaultMaterial_Normal.png]
[2020.11.17-14.31.24:294][274]LogFactory: FactoryCreateFile: Texture2D with ReimportTextureFactory (0 0 N:/Crunch Models/kitchen side/sm_kitchenside_DefaultMaterial_Normal.png)
[2020.11.17-14.31.24:403][274]LogTexture: Display: Building textures: sm_kitchenside_DefaultMaterial_Normal (BC5, 2048X2048)
[2020.11.17-14.31.24:558][274]LogEditorFactories: -- imported successfully
[2020.11.17-14.31.24:567][274]LogEditorFactories: Performing atomic reimport of [N:/Crunch Models/kitchen side/sm_kitchenside_DefaultMaterial_OcclusionRoughnessMetallic.png]
[2020.11.17-14.31.24:598][274]LogFactory: FactoryCreateFile: Texture2D with ReimportTextureFactory (0 0 N:/Crunch Models/kitchen side/sm_kitchenside_DefaultMaterial_OcclusionRoughnessMetallic.png)
[2020.11.17-14.31.24:674][274]LogTexture: Display: Building textures: sm_kitchenside_DefaultMaterial_OcclusionRoughnessMetallic (AutoDXT, 2048X2048)
[2020.11.17-14.31.24:781][274]LogEditorFactories: -- imported successfully
[2020.11.17-14.31.30:079][853]LogEditorViewport: Clicking Background
[2020.11.17-14.31.32:631][147]LogUObjectHash: Compacting FUObjectHashTables data took   1.46ms
[2020.11.17-14.31.33:742][147]LogSlate: Window 'Save Content' being destroyed
[2020.11.17-14.31.34:556][147]LogSavePackage: Moving 'C:/Users/danie/Documents/GitHub/crunch/CRUNCH/Saved/sm_kitchenside_DefaultMaterial_B9F4EA4A64BB2B4D8FD3E25B3BEF59432.tmp' to 'C:/Users/danie/Documents/GitHub/crunch/CRUNCH/Content/Assets/Materials/kitchenside/sm_kitchenside_DefaultMaterial_BaseColor.uasset'
[2020.11.17-14.31.35:073][147]LogSavePackage: Moving 'C:/Users/danie/Documents/GitHub/crunch/CRUNCH/Saved/sm_kitchenside_DefaultMaterial_N4DB587E9478C0C6B27A789894843759C.tmp' to 'C:/Users/danie/Documents/GitHub/crunch/CRUNCH/Content/Assets/Materials/kitchenside/sm_kitchenside_DefaultMaterial_Normal.uasset'
[2020.11.17-14.31.35:253][147]LogSavePackage: Moving 'C:/Users/danie/Documents/GitHub/crunch/CRUNCH/Saved/sm_kitchenside_DefaultMaterial_O27A8CC1944DC400215A06B8BDE0292CA.tmp' to 'C:/Users/danie/Documents/GitHub/crunch/CRUNCH/Content/Assets/Materials/kitchenside/sm_kitchenside_DefaultMaterial_OcclusionRoughnessMetallic.uasset'
[2020.11.17-14.31.35:276][147]AssetCheck: New page: Asset Save: multiple assets
[2020.11.17-14.31.35:276][147]LogContentValidation: Display: Validating Texture2D /Game/Assets/Materials/kitchenside/sm_kitchenside_DefaultMaterial_BaseColor.sm_kitchenside_DefaultMaterial_BaseColor
[2020.11.17-14.31.35:276][147]LogContentValidation: Display: Validating Texture2D /Game/Assets/Materials/kitchenside/sm_kitchenside_DefaultMaterial_Normal.sm_kitchenside_DefaultMaterial_Normal
[2020.11.17-14.31.35:276][147]LogContentValidation: Display: Validating Texture2D /Game/Assets/Materials/kitchenside/sm_kitchenside_DefaultMaterial_OcclusionRoughnessMetallic.sm_kitchenside_DefaultMaterial_OcclusionRoughnessMetallic
[2020.11.17-14.31.36:460][280]LogUObjectHash: Compacting FUObjectHashTables data took   1.43ms
[2020.11.17-14.31.36:529][280]LogSlate: Window 'CRUNCH - Unreal Editor' being destroyed
[2020.11.17-14.31.36:545][280]LogWindowsTextInputMethodSystem: Display: IME system now deactivated.
[2020.11.17-14.31.36:878][281]Cmd: QUIT_EDITOR
[2020.11.17-14.31.36:879][281]LogCore: Engine exit requested (reason: UUnrealEdEngine::CloseEditor())
[2020.11.17-14.31.36:921][281]LogCore: Engine exit requested (reason: EngineExit() was called; note: exit was already requested)
[2020.11.17-14.31.36:921][281]LogAudioMixer: Display: No commands were queued while flushing the source manager.
[2020.11.17-14.31.37:096][281]LogExit: Preparing to exit.
[2020.11.17-14.31.37:976][281]LogWorld: UWorld::CleanupWorld for World_1, bSessionEnded=true, bCleanupResources=true
[2020.11.17-14.31.37:977][281]LogWorld: UWorld::CleanupWorld for World_0, bSessionEnded=true, bCleanupResources=true
[2020.11.17-14.31.38:155][281]LogDemo: Cleaned up 0 splitscreen connections with owner deletion
[2020.11.17-14.31.38:205][281]LogExit: Editor shut down
[2020.11.17-14.31.38:211][281]LogExit: Transaction tracking system shut down
[2020.11.17-14.31.39:376][281]LogExit: Object subsystem successfully closed.
[2020.11.17-14.31.39:516][281]LogShaderCompilers: Display: Shaders left to compile 0
[2020.11.17-14.31.40:250][281]LogModuleManager: Shutting down and abandoning module HierarchicalLODOutliner (688)
[2020.11.17-14.31.40:250][281]LogModuleManager: Shutting down and abandoning module SceneOutliner (686)
[2020.11.17-14.31.40:250][281]LogModuleManager: Shutting down and abandoning module AddContentDialog (684)
[2020.11.17-14.31.40:251][281]LogModuleManager: Shutting down and abandoning module WidgetCarousel (683)
[2020.11.17-14.31.40:251][281]LogModuleManager: Shutting down and abandoning module EditorWidgets (680)
[2020.11.17-14.31.40:251][281]LogModuleManager: Shutting down and abandoning module CollectionManager (678)
[2020.11.17-14.31.40:265][281]LogModuleManager: Shutting down and abandoning module StatsViewer (676)
[2020.11.17-14.31.40:266][281]LogModuleManager: Shutting down and abandoning module VirtualTexturingEditor (674)
[2020.11.17-14.31.40:279][281]LogModuleManager: Shutting down and abandoning module FoliageEdit (672)
[2020.11.17-14.31.40:279][281]LogModuleManager: Shutting down and abandoning module LandscapeEditor (670)
[2020.11.17-14.31.40:284][281]LogModuleManager: Shutting down and abandoning module MeshPaintMode (668)
[2020.11.17-14.31.40:284][281]LogModuleManager: Shutting down and abandoning module SceneDepthPickerMode (666)
[2020.11.17-14.31.40:284][281]LogModuleManager: Shutting down and abandoning module ActorPickerMode (664)
[2020.11.17-14.31.40:284][281]LogModuleManager: Shutting down and abandoning module GeometryMode (662)
[2020.11.17-14.31.40:284][281]LogModuleManager: Shutting down and abandoning module TextureAlignMode (660)
[2020.11.17-14.31.40:284][281]LogModuleManager: Shutting down and abandoning module BspMode (658)
[2020.11.17-14.31.40:284][281]LogModuleManager: Shutting down and abandoning module PIEPreviewDeviceProfileSelector (656)
[2020.11.17-14.31.40:285][281]LogModuleManager: Shutting down and abandoning module SequenceRecorderSections (654)
[2020.11.17-14.31.40:296][281]LogModuleManager: Shutting down and abandoning module AutomationWorker (652)
[2020.11.17-14.31.40:296][281]LogModuleManager: Shutting down and abandoning module OculusMR (650)
[2020.11.17-14.31.40:296][281]LogModuleManager: Shutting down and abandoning module AudioCaptureEditor (648)
[2020.11.17-14.31.40:297][281]LogModuleManager: Shutting down and abandoning module MatineeToLevelSequence (646)
[2020.11.17-14.31.40:311][281]LogModuleManager: Shutting down and abandoning module LevelSequenceEditor (644)
[2020.11.17-14.31.40:337][281]LogModuleManager: Shutting down and abandoning module PlacementMode (643)
[2020.11.17-14.31.40:337][281]LogModuleManager: Shutting down and abandoning module MaterialEditor (642)
[2020.11.17-14.31.40:351][281]LogModuleManager: Shutting down and abandoning module ActorSequenceEditor (638)
[2020.11.17-14.31.40:352][281]LogModuleManager: Shutting down and abandoning module WmfMediaFactory (636)
[2020.11.17-14.31.40:352][281]LogModuleManager: Shutting down and abandoning module WmfMediaEditor (634)
[2020.11.17-14.31.40:352][281]LogModuleManager: Shutting down and abandoning module WebMMediaFactory (632)
[2020.11.17-14.31.40:352][281]LogModuleManager: Shutting down and abandoning module WebMMediaEditor (630)
[2020.11.17-14.31.40:352][281]LogModuleManager: Shutting down and abandoning module WebMMedia (628)
[2020.11.17-14.31.40:352][281]LogModuleManager: Shutting down and abandoning module MediaPlayerEditor (626)
[2020.11.17-14.31.40:353][281]LogModuleManager: Shutting down and abandoning module MediaCompositingEditor (624)
[2020.11.17-14.31.40:353][281]LogModuleManager: Shutting down and abandoning module SequenceRecorder (623)
[2020.11.17-14.31.40:353][281]LogModuleManager: Shutting down and abandoning module OpenExrWrapper (620)
[2020.11.17-14.31.40:353][281]LogModuleManager: Shutting down and abandoning module ImgMediaFactory (618)
[2020.11.17-14.31.40:353][281]LogModuleManager: Shutting down and abandoning module ImgMediaEditor (616)
[2020.11.17-14.31.40:354][281]LogModuleManager: Shutting down and abandoning module AvfMediaFactory (614)
[2020.11.17-14.31.40:354][281]LogModuleManager: Shutting down and abandoning module AvfMediaEditor (612)
[2020.11.17-14.31.40:354][281]LogModuleManager: Shutting down and abandoning module AndroidMediaFactory (610)
[2020.11.17-14.31.40:354][281]LogModuleManager: Shutting down and abandoning module AndroidMediaEditor (608)
[2020.11.17-14.31.40:354][281]LogModuleManager: Shutting down and abandoning module MagicLeapMediaCodecFactory (606)
[2020.11.17-14.31.40:354][281]LogModuleManager: Shutting down and abandoning module MagicLeapMediaFactory (604)
[2020.11.17-14.31.40:354][281]LogModuleManager: Shutting down and abandoning module MagicLeapMediaEditor (602)
[2020.11.17-14.31.40:354][281]LogModuleManager: Shutting down and abandoning module CharacterAI (600)
[2020.11.17-14.31.40:354][281]LogModuleManager: Shutting down and abandoning module SmartSnapping (598)
[2020.11.17-14.31.40:354][281]LogModuleManager: Shutting down and abandoning module SessionServices (596)
[2020.11.17-14.31.40:354][281]LogModuleManager: Shutting down and abandoning module MeshPaint (594)
[2020.11.17-14.31.40:354][281]LogModuleManager: Shutting down and abandoning module ViewportSnapping (592)
[2020.11.17-14.31.40:355][281]LogModuleManager: Shutting down and abandoning module ViewportInteraction (590)
[2020.11.17-14.31.40:355][281]LogModuleManager: Shutting down and abandoning module ClothPainter (588)
[2020.11.17-14.31.40:389][281]LogModuleManager: Shutting down and abandoning module SkeletalMeshEditor (587)
[2020.11.17-14.31.40:390][281]LogModuleManager: Shutting down and abandoning module LogVisualizer (584)
[2020.11.17-14.31.40:391][281]LogModuleManager: Shutting down and abandoning module IntroTutorials (582)
[2020.11.17-14.31.40:391][281]LogModuleManager: Shutting down and abandoning module GameProjectGeneration (581)
[2020.11.17-14.31.40:405][281]LogModuleManager: Shutting down and abandoning module LuminPlatformEditor (578)
[2020.11.17-14.31.40:405][281]LogModuleManager: Shutting down and abandoning module IOSPlatformEditor (576)
[2020.11.17-14.31.40:405][281]LogModuleManager: Shutting down and abandoning module AndroidPlatformEditor (574)
[2020.11.17-14.31.40:417][281]LogModuleManager: Shutting down and abandoning module AndroidDeviceDetection (573)
[2020.11.17-14.31.41:622][281]LogModuleManager: Shutting down and abandoning module WindowsPlatformEditor (570)
[2020.11.17-14.31.41:622][281]LogModuleManager: Shutting down and abandoning module LuminRuntimeSettings (568)
[2020.11.17-14.31.41:622][281]LogModuleManager: Shutting down and abandoning module IOSRuntimeSettings (566)
[2020.11.17-14.31.41:622][281]LogModuleManager: Shutting down and abandoning module AndroidRuntimeSettings (564)
[2020.11.17-14.31.41:622][281]LogModuleManager: Shutting down and abandoning module EditorInteractiveToolsFramework (562)
[2020.11.17-14.31.41:622][281]LogModuleManager: Shutting down and abandoning module TimeManagementEditor (560)
[2020.11.17-14.31.41:622][281]LogModuleManager: Shutting down and abandoning module InputBindingEditor (558)
[2020.11.17-14.31.41:623][281]LogModuleManager: Shutting down and abandoning module MergeActors (556)
[2020.11.17-14.31.41:624][281]LogModuleManager: Shutting down and abandoning module LocalizationDashboard (554)
[2020.11.17-14.31.41:639][281]LogModuleManager: Shutting down and abandoning module LocalizationService (553)
[2020.11.17-14.31.41:655][281]LogModuleManager: Shutting down and abandoning module HardwareTargeting (550)
[2020.11.17-14.31.41:656][281]LogModuleManager: Shutting down and abandoning module DeviceProfileEditor (548)
[2020.11.17-14.31.41:656][281]LogModuleManager: Shutting down and abandoning module UndoHistory (546)
[2020.11.17-14.31.41:656][281]LogModuleManager: Shutting down and abandoning module XmlParser (544)
[2020.11.17-14.31.41:667][281]LogModuleManager: Shutting down and abandoning module Blutility (542)
[2020.11.17-14.31.41:667][281]LogModuleManager: Shutting down and abandoning module ProjectSettingsViewer (540)
[2020.11.17-14.31.41:667][281]LogModuleManager: Shutting down and abandoning module ProjectTargetPlatformEditor (539)
[2020.11.17-14.31.41:667][281]LogModuleManager: Shutting down and abandoning module EditorSettingsViewer (536)
[2020.11.17-14.31.41:667][281]LogModuleManager: Shutting down and abandoning module SettingsEditor (534)
[2020.11.17-14.31.41:668][281]LogModuleManager: Shutting down and abandoning module ProjectLauncher (532)
[2020.11.17-14.31.41:705][281]LogModuleManager: Shutting down and abandoning module SessionFrontend (530)
[2020.11.17-14.31.41:721][281]LogModuleManager: Shutting down and abandoning module ProfilerClient (528)
[2020.11.17-14.31.41:721][281]LogModuleManager: Shutting down and abandoning module DeviceManager (526)
[2020.11.17-14.31.41:738][281]LogModuleManager: Shutting down and abandoning module TargetDeviceServices (525)
[2020.11.17-14.31.41:771][281]LogModuleManager: Shutting down and abandoning module AutomationController (522)
[2020.11.17-14.31.41:780][281]LogModuleManager: Shutting down and abandoning module AutomationWindow (520)
[2020.11.17-14.31.41:791][281]LogModuleManager: Shutting down and abandoning module Layers (518)
[2020.11.17-14.31.41:795][281]LogModuleManager: Shutting down and abandoning module ComponentVisualizers (516)
[2020.11.17-14.31.41:795][281]LogModuleManager: Shutting down and abandoning module DetailCustomizations (514)
[2020.11.17-14.31.41:798][281]LogModuleManager: Shutting down and abandoning module PackagesDialog (512)
[2020.11.17-14.31.41:798][281]LogModuleManager: Shutting down and abandoning module AnimationBlueprintEditor (510)
[2020.11.17-14.31.41:825][281]LogModuleManager: Shutting down and abandoning module Persona (508)
[2020.11.17-14.31.41:840][281]LogModuleManager: Shutting down and abandoning module AdvancedPreviewScene (507)
[2020.11.17-14.31.41:840][281]LogModuleManager: Shutting down and abandoning module AnimGraph (505)
[2020.11.17-14.31.41:840][281]LogModuleManager: Shutting down and abandoning module Kismet (502)
[2020.11.17-14.31.41:854][281]LogModuleManager: Shutting down and abandoning module KismetWidgets (501)
[2020.11.17-14.31.41:854][281]LogModuleManager: Shutting down and abandoning module GraphEditor (498)
[2020.11.17-14.31.41:895][281]LogModuleManager: Shutting down and abandoning module StructViewer (496)
[2020.11.17-14.31.41:895][281]LogModuleManager: Shutting down and abandoning module ClassViewer (494)
[2020.11.17-14.31.41:895][281]LogModuleManager: Shutting down and abandoning module Toolbox (492)
[2020.11.17-14.31.41:895][281]LogModuleManager: Shutting down and abandoning module ModuleUI (490)
[2020.11.17-14.31.41:895][281]LogModuleManager: Shutting down and abandoning module OutputLog (488)
[2020.11.17-14.31.41:895][281]LogModuleManager: Shutting down and abandoning module GammaUI (486)
[2020.11.17-14.31.41:896][281]LogModuleManager: Shutting down and abandoning module Documentation (484)
[2020.11.17-14.31.41:896][281]LogModuleManager: Shutting down and abandoning module ToolMenus (482)
[2020.11.17-14.31.41:896][281]LogModuleManager: Shutting down and abandoning module LiveCoding (480)
[2020.11.17-14.31.41:901][281]LogModuleManager: Shutting down and abandoning module LevelSequence (478)
[2020.11.17-14.31.41:901][281]LogModuleManager: Shutting down and abandoning module MovieSceneTracks (476)
[2020.11.17-14.31.41:901][281]LogModuleManager: Shutting down and abandoning module MovieScene (474)
[2020.11.17-14.31.41:901][281]LogModuleManager: Shutting down and abandoning module StreamingPauseRendering (472)
[2020.11.17-14.31.41:910][281]LogModuleManager: Shutting down and abandoning module LauncherPlatform (470)
[2020.11.17-14.31.41:910][281]LogModuleManager: Shutting down and abandoning module AnalyticsET (468)
[2020.11.17-14.31.41:910][281]LogModuleManager: Shutting down and abandoning module PortalServices (466)
[2020.11.17-14.31.41:910][281]LogModuleManager: Shutting down and abandoning module PortalRpc (464)
[2020.11.17-14.31.41:910][281]LogModuleManager: Shutting down and abandoning module MessagingRpc (462)
[2020.11.17-14.31.41:910][281]LogModuleManager: Shutting down and abandoning module AudioMixerXAudio2 (460)
[2020.11.17-14.31.41:910][281]LogModuleManager: Shutting down and abandoning module AIModule (458)
[2020.11.17-14.31.41:919][281]LogModuleManager: Shutting down and abandoning module GameplayDebugger (457)
[2020.11.17-14.31.41:920][281]LogModuleManager: Shutting down and abandoning module AITestSuite (455)
[2020.11.17-14.31.41:920][281]LogModuleManager: Shutting down and abandoning module NavigationSystem (453)
[2020.11.17-14.31.41:920][281]LogModuleManager: Shutting down and abandoning module ImageWriteQueue (450)
[2020.11.17-14.31.41:923][281]LogModuleManager: Shutting down and abandoning module ProfilerService (448)
[2020.11.17-14.31.41:979][281]LogModuleManager: Shutting down and abandoning module TaskGraph (446)
[2020.11.17-14.31.42:066][281]LogModuleManager: Shutting down and abandoning module ScreenshotTools (444)
[2020.11.17-14.31.42:066][281]LogModuleManager: Shutting down and abandoning module ProceduralMeshComponentEditor (442)
[2020.11.17-14.31.42:066][281]LogModuleManager: Shutting down and abandoning module ProceduralMeshComponent (440)
[2020.11.17-14.31.42:066][281]LogModuleManager: Shutting down and abandoning module OculusEditor (438)
[2020.11.17-14.31.42:066][281]LogModuleManager: Shutting down and abandoning module OculusInput (436)
[2020.11.17-14.31.42:067][281]LogModuleManager: Shutting down and abandoning module MobilePatchingUtils (434)
[2020.11.17-14.31.42:067][281]LogModuleManager: Shutting down and abandoning module EditableMesh (432)
[2020.11.17-14.31.42:067][281]LogModuleManager: Shutting down and abandoning module CustomMeshComponent (430)
[2020.11.17-14.31.42:067][281]LogModuleManager: Shutting down and abandoning module CableComponent (428)
[2020.11.17-14.31.42:067][281]LogModuleManager: Shutting down and abandoning module AudioCapture (426)
[2020.11.17-14.31.42:067][281]LogModuleManager: Shutting down and abandoning module AudioCaptureRtAudio (425)
[2020.11.17-14.31.42:067][281]LogModuleManager: Shutting down and abandoning module AssetTags (422)
[2020.11.17-14.31.42:067][281]LogModuleManager: Shutting down and abandoning module ArchVisCharacter (420)
[2020.11.17-14.31.42:067][281]LogModuleManager: Shutting down and abandoning module AppleImageUtilsBlueprintSupport (418)
[2020.11.17-14.31.42:067][281]LogModuleManager: Shutting down and abandoning module AppleImageUtils (416)
[2020.11.17-14.31.42:067][281]LogModuleManager: Shutting down and abandoning module AndroidPermission (414)
[2020.11.17-14.31.42:067][281]LogModuleManager: Shutting down and abandoning module NUTUnrealEngine4 (412)
[2020.11.17-14.31.42:067][281]LogModuleManager: Shutting down and abandoning module NetcodeUnitTest (410)
[2020.11.17-14.31.42:104][281]LogModuleManager: Shutting down and abandoning module MediaCompositing (408)
[2020.11.17-14.31.42:105][281]LogModuleManager: Shutting down and abandoning module ImgMedia (406)
[2020.11.17-14.31.42:105][281]LogModuleManager: Shutting down and abandoning module MagicLeapHelperVulkan (404)
[2020.11.17-14.31.42:105][281]LogModuleManager: Shutting down and abandoning module MagicLeapHelperOpenGL (402)
[2020.11.17-14.31.42:105][281]LogModuleManager: Shutting down and abandoning module MagicLeapAudio (400)
[2020.11.17-14.31.42:105][281]LogModuleManager: Shutting down and abandoning module GeometryCacheTracks (398)
[2020.11.17-14.31.42:105][281]LogModuleManager: Shutting down and abandoning module GeometryCacheSequencer (396)
[2020.11.17-14.31.42:105][281]LogModuleManager: Shutting down and abandoning module BackChannel (394)
[2020.11.17-14.31.42:105][281]LogModuleManager: Shutting down and abandoning module AutomationUtilsEditor (392)
[2020.11.17-14.31.42:105][281]LogModuleManager: Shutting down and abandoning module AutomationUtils (390)
[2020.11.17-14.31.42:105][281]LogModuleManager: Shutting down and abandoning module AlembicImporter (388)
[2020.11.17-14.31.42:137][281]LogModuleManager: Shutting down and abandoning module AlembicLibrary (387)
[2020.11.17-14.31.42:140][281]LogModuleManager: Shutting down and abandoning module GeometryCache (386)
[2020.11.17-14.31.42:140][281]LogModuleManager: Shutting down and abandoning module GeometryCacheEd (385)
[2020.11.17-14.31.42:140][281]LogModuleManager: Shutting down and abandoning module VariantManagerContentEditor (380)
[2020.11.17-14.31.42:140][281]LogModuleManager: Shutting down and abandoning module DatasmithContentEditor (378)
[2020.11.17-14.31.42:140][281]LogModuleManager: Shutting down and abandoning module SpeedTreeImporter (376)
[2020.11.17-14.31.42:140][281]LogModuleManager: Shutting down and abandoning module PluginBrowser (374)
[2020.11.17-14.31.42:143][281]LogModuleManager: Shutting down and abandoning module MobileLauncherProfileWizard (372)
[2020.11.17-14.31.42:150][281]LogModuleManager: Shutting down and abandoning module MaterialAnalyzer (370)
[2020.11.17-14.31.42:151][281]LogModuleManager: Shutting down and abandoning module CurveEditorTools (368)
[2020.11.17-14.31.42:151][281]LogModuleManager: Shutting down and abandoning module CryptoKeysOpenSSL (366)
[2020.11.17-14.31.42:151][281]LogModuleManager: Shutting down and abandoning module CryptoKeys (364)
[2020.11.17-14.31.42:151][281]LogModuleManager: Shutting down and abandoning module VisualStudioSourceCodeAccess (362)
[2020.11.17-14.31.42:151][281]LogModuleManager: Shutting down and abandoning module VisualStudioCodeSourceCodeAccess (360)
[2020.11.17-14.31.42:151][281]LogModuleManager: Shutting down and abandoning module UObjectPlugin (358)
[2020.11.17-14.31.42:151][281]LogModuleManager: Shutting down and abandoning module SubversionSourceControl (356)
[2020.11.17-14.31.42:151][281]LogModuleManager: Shutting down and abandoning module PlasticSourceControl (354)
[2020.11.17-14.31.42:157][281]LogModuleManager: Shutting down and abandoning module PerforceSourceControl (352)
[2020.11.17-14.31.42:168][281]LogModuleManager: Shutting down and abandoning module GitSourceControl (350)
[2020.11.17-14.31.42:210][281]LogModuleManager: Shutting down and abandoning module SourceControl (349)
[2020.11.17-14.31.42:210][281]LogModuleManager: Shutting down and abandoning module CLionSourceCodeAccess (346)
[2020.11.17-14.31.42:210][281]LogModuleManager: Shutting down and abandoning module AnimationSharingEd (344)
[2020.11.17-14.31.42:210][281]LogModuleManager: Shutting down and abandoning module ActorLayerUtilitiesEditor (342)
[2020.11.17-14.31.42:210][281]LogModuleManager: Shutting down and abandoning module ActorLayerUtilities (340)
[2020.11.17-14.31.42:210][281]LogModuleManager: Shutting down and abandoning module LightPropagationVolumeEditor (338)
[2020.11.17-14.31.42:210][281]LogModuleManager: Shutting down and abandoning module PaperTiledImporter (336)
[2020.11.17-14.31.42:210][281]LogModuleManager: Shutting down and abandoning module PaperSpriteSheetImporter (334)
[2020.11.17-14.31.42:210][281]LogModuleManager: Shutting down and abandoning module Paper2DEditor (332)
[2020.11.17-14.31.42:211][281]LogModuleManager: Shutting down and abandoning module SignificanceManager (330)
[2020.11.17-14.31.42:211][281]LogModuleManager: Shutting down and abandoning module RuntimePhysXCooking (328)
[2020.11.17-14.31.42:211][281]LogModuleManager: Shutting down and abandoning module PhysXVehiclesEditor (326)
[2020.11.17-14.31.42:211][281]LogModuleManager: Shutting down and abandoning module LocationServicesBPLibrary (322)
[2020.11.17-14.31.42:211][281]LogModuleManager: Shutting down and abandoning module ActorSequence (320)
[2020.11.17-14.31.42:211][281]LogModuleManager: Shutting down and abandoning module UdpMessaging (318)
[2020.11.17-14.31.42:312][281]LogModuleManager: Shutting down and abandoning module TcpMessaging (316)
[2020.11.17-14.31.42:413][281]LogModuleManager: Shutting down and abandoning module MagicLeapPrivileges (314)
[2020.11.17-14.31.42:413][281]LogModuleManager: Shutting down and abandoning module MagicLeapPlanes (312)
[2020.11.17-14.31.42:413][281]LogMagicLeapPlanes: Planes tracker already destroyed.
[2020.11.17-14.31.42:413][281]LogModuleManager: Shutting down and abandoning module MagicLeapIdentity (310)
[2020.11.17-14.31.42:413][281]LogModuleManager: Shutting down and abandoning module MagicLeapSecureStorage (308)
[2020.11.17-14.31.42:413][281]LogModuleManager: Shutting down and abandoning module MagicLeapImageTracker (306)
[2020.11.17-14.31.42:413][281]LogModuleManager: Shutting down and abandoning module MagicLeapHandTracking (304)
[2020.11.17-14.31.42:413][281]LogModuleManager: Shutting down and abandoning module MagicLeapHandMeshing (302)
[2020.11.17-14.31.42:413][281]LogModuleManager: Shutting down and abandoning module MagicLeapEyeTracker (300)
[2020.11.17-14.31.42:413][281]LogModuleManager: Shutting down and abandoning module MagicLeapController (298)
[2020.11.17-14.31.42:421][281]LogSlate: Slate User Destroyed.  User Index 0, Is Virtual User: 0
[2020.11.17-14.31.42:421][281]LogModuleManager: Shutting down and abandoning module MagicLeapARPin (296)
[2020.11.17-14.31.42:421][281]LogModuleManager: Shutting down and abandoning module MagicLeapAR (294)
[2020.11.17-14.31.42:421][281]LogModuleManager: Shutting down and abandoning module AugmentedReality (293)
[2020.11.17-14.31.42:421][281]LogModuleManager: Shutting down and abandoning module GameplayTagsEditor (290)
[2020.11.17-14.31.42:422][281]LogModuleManager: Shutting down and abandoning module FacialAnimationEditor (288)
[2020.11.17-14.31.42:422][281]LogModuleManager: Shutting down and abandoning module FacialAnimation (286)
[2020.11.17-14.31.42:422][281]LogModuleManager: Shutting down and abandoning module DataValidation (284)
[2020.11.17-14.31.42:422][281]LogModuleManager: Shutting down and abandoning module AssetManagerEditor (282)
[2020.11.17-14.31.42:439][281]LogModuleManager: Shutting down and abandoning module LevelEditor (281)
[2020.11.17-14.31.42:450][281]LogModuleManager: Shutting down and abandoning module PixelInspectorModule (280)
[2020.11.17-14.31.42:458][281]LogModuleManager: Shutting down and abandoning module CommonMenuExtensions (278)
[2020.11.17-14.31.42:459][281]LogModuleManager: Shutting down and abandoning module MainFrame (276)
[2020.11.17-14.31.42:459][281]LogModuleManager: Shutting down and abandoning module HotReload (275)
[2020.11.17-14.31.42:468][281]LogModuleManager: Shutting down and abandoning module ContentBrowser (271)
[2020.11.17-14.31.42:477][281]LogModuleManager: Shutting down and abandoning module TreeMap (269)
[2020.11.17-14.31.42:477][281]LogModuleManager: Shutting down and abandoning module AnimationSharing (266)
[2020.11.17-14.31.42:477][281]LogModuleManager: Shutting down and abandoning module LightPropagationVolumeRuntime (264)
[2020.11.17-14.31.42:477][281]LogModuleManager: Shutting down and abandoning module Paper2D (262)
[2020.11.17-14.31.42:477][281]LogModuleManager: Shutting down and abandoning module WindowsMoviePlayer (260)
[2020.11.17-14.31.42:480][281]LogModuleManager: Shutting down and abandoning module WebMMoviePlayer (258)
[2020.11.17-14.31.42:480][281]LogModuleManager: Shutting down and abandoning module NetworkReplayStreaming (256)
[2020.11.17-14.31.42:480][281]LogModuleManager: Shutting down and abandoning module PacketHandler (254)
[2020.11.17-14.31.42:480][281]LogModuleManager: Shutting down and abandoning module ClothingSystemEditor (252)
[2020.11.17-14.31.42:480][281]LogModuleManager: Shutting down and abandoning module ClothingSystemRuntimeNv (250)
[2020.11.17-14.31.42:480][281]LogModuleManager: Shutting down and abandoning module MediaAssets (248)
[2020.11.17-14.31.42:489][281]LogModuleManager: Shutting down and abandoning module Overlay (246)
[2020.11.17-14.31.42:489][281]LogModuleManager: Shutting down and abandoning module OverlayEditor (245)
[2020.11.17-14.31.42:489][281]LogModuleManager: Shutting down and abandoning module VREditor (242)
[2020.11.17-14.31.42:489][281]LogModuleManager: Shutting down and abandoning module StringTableEditor (240)
[2020.11.17-14.31.42:490][281]LogModuleManager: Shutting down and abandoning module GameplayTasksEditor (238)
[2020.11.17-14.31.42:490][281]LogModuleManager: Shutting down and abandoning module BehaviorTreeEditor (236)
[2020.11.17-14.31.42:517][281]LogModuleManager: Shutting down and abandoning module FunctionalTesting (234)
[2020.11.17-14.31.42:524][281]LogModuleManager: Shutting down and abandoning module CollisionAnalyzer (232)
[2020.11.17-14.31.42:541][281]LogModuleManager: Shutting down and abandoning module WorkspaceMenuStructure (231)
[2020.11.17-14.31.42:552][281]LogModuleManager: Shutting down and abandoning module UMG (228)
[2020.11.17-14.31.42:552][281]LogModuleManager: Shutting down and abandoning module UMGEditor (227)
[2020.11.17-14.31.42:552][281]LogModuleManager: Shutting down and abandoning module MessageLog (225)
[2020.11.17-14.31.42:552][281]LogModuleManager: Shutting down and abandoning module SlateReflector (220)
[2020.11.17-14.31.42:562][281]LogModuleManager: Shutting down and abandoning module Slate (218)
[2020.11.17-14.31.42:562][281]LogModuleManager: Shutting down and abandoning module SlateCore (216)
[2020.11.17-14.31.42:562][281]LogModuleManager: Shutting down and abandoning module LandscapeEditorUtilities (214)
[2020.11.17-14.31.42:562][281]LogModuleManager: Shutting down and abandoning module UnrealEd (212)
[2020.11.17-14.31.42:573][281]LogModuleManager: Shutting down and abandoning module MRMesh (210)
[2020.11.17-14.31.42:573][281]LogModuleManager: Shutting down and abandoning module SourceCodeAccess (208)
[2020.11.17-14.31.42:573][281]LogModuleManager: Shutting down and abandoning module HeadMountedDisplay (206)
[2020.11.17-14.31.42:574][281]LogModuleManager: Shutting down and abandoning module XAudio2 (204)
[2020.11.17-14.31.42:574][281]LogModuleManager: Shutting down and abandoning module Networking (202)
[2020.11.17-14.31.42:574][281]LogModuleManager: Shutting down and abandoning module Core (200)
[2020.11.17-14.31.42:574][281]LogModuleManager: Shutting down and abandoning module MovieSceneTools (198)
[2020.11.17-14.31.42:588][281]LogModuleManager: Shutting down and abandoning module CurveEditor (197)
[2020.11.17-14.31.42:589][281]LogModuleManager: Shutting down and abandoning module Sequencer (195)
[2020.11.17-14.31.42:606][281]LogModuleManager: Shutting down and abandoning module EditorStyle (194)
[2020.11.17-14.31.42:607][281]LogModuleManager: Shutting down and abandoning module KismetCompiler (190)
[2020.11.17-14.31.42:607][281]LogModuleManager: Shutting down and abandoning module MeshUtilities (188)
[2020.11.17-14.31.42:607][281]LogModuleManager: Shutting down and abandoning module MeshMergeUtilities (187)
[2020.11.17-14.31.42:608][281]LogModuleManager: Shutting down and abandoning module MeshReductionInterface (186)
[2020.11.17-14.31.42:608][281]LogModuleManager: Shutting down and abandoning module MeshBoneReduction (185)
[2020.11.17-14.31.42:608][281]LogModuleManager: Shutting down and abandoning module SkeletalMeshReduction (183)
[2020.11.17-14.31.42:608][281]LogModuleManager: Shutting down and abandoning module ProxyLODMeshReduction (181)
[2020.11.17-14.31.42:609][281]LogModuleManager: Shutting down and abandoning module QuadricMeshReduction (179)
[2020.11.17-14.31.42:611][281]LogModuleManager: Shutting down and abandoning module MaterialBaking (175)
[2020.11.17-14.31.42:611][281]LogModuleManager: Shutting down and abandoning module NullInstallBundleManager (170)
[2020.11.17-14.31.42:611][281]LogModuleManager: Shutting down and abandoning module DerivedDataCache (168)
[2020.11.17-14.31.42:611][281]LogDerivedDataCache: Shutdown
[2020.11.17-14.31.42:611][281]LogModuleManager: Shutting down and abandoning module XGEController (166)
[2020.11.17-14.31.42:611][281]LogXGEController: Cleaning working directory: C:/Users/danie/AppData/Local/Temp/UnrealXGEWorkingDir/
[2020.11.17-14.31.42:611][281]LogModuleManager: Shutting down and abandoning module TargetPlatform (164)
[2020.11.17-14.31.42:611][281]LogModuleManager: Shutting down and abandoning module VulkanShaderFormat (163)
[2020.11.17-14.31.42:623][281]LogModuleManager: Shutting down and abandoning module ShaderFormatVectorVM (161)
[2020.11.17-14.31.42:624][281]LogModuleManager: Shutting down and abandoning module ShaderFormatOpenGL (159)
[2020.11.17-14.31.42:624][281]LogModuleManager: Shutting down and abandoning module ShaderFormatD3D (157)
[2020.11.17-14.31.42:624][281]LogModuleManager: Shutting down and abandoning module MetalShaderFormat (155)
[2020.11.17-14.31.42:640][281]LogModuleManager: Shutting down and abandoning module TextureFormatUncompressed (153)
[2020.11.17-14.31.42:640][281]LogModuleManager: Shutting down and abandoning module TextureFormatPVR (151)
[2020.11.17-14.31.42:640][281]LogModuleManager: Shutting down and abandoning module TextureFormatDXT (149)
[2020.11.17-14.31.42:640][281]LogModuleManager: Shutting down and abandoning module TextureFormatIntelISPCTexComp (147)
[2020.11.17-14.31.42:649][281]LogModuleManager: Shutting down and abandoning module TextureFormatASTC (145)
[2020.11.17-14.31.42:649][281]LogModuleManager: Shutting down and abandoning module ImageWrapper (144)
[2020.11.17-14.31.42:649][281]LogModuleManager: Shutting down and abandoning module TextureFormatAndroid (141)
[2020.11.17-14.31.42:649][281]LogModuleManager: Shutting down and abandoning module AudioFormatOpus (139)
[2020.11.17-14.31.42:664][281]LogModuleManager: Shutting down and abandoning module AudioFormatOgg (137)
[2020.11.17-14.31.42:664][281]LogModuleManager: Shutting down and abandoning module AudioFormatADPCM (135)
[2020.11.17-14.31.42:665][281]LogModuleManager: Shutting down and abandoning module WindowsServerTargetPlatform (133)
[2020.11.17-14.31.42:665][281]LogModuleManager: Shutting down and abandoning module WindowsClientTargetPlatform (131)
[2020.11.17-14.31.42:665][281]LogModuleManager: Shutting down and abandoning module WindowsTargetPlatform (129)
[2020.11.17-14.31.42:665][281]LogModuleManager: Shutting down and abandoning module WindowsNoEditorTargetPlatform (127)
[2020.11.17-14.31.42:665][281]LogModuleManager: Shutting down and abandoning module TVOSTargetPlatform (125)
[2020.11.17-14.31.42:674][281]LogModuleManager: Shutting down and abandoning module LuminTargetPlatform (123)
[2020.11.17-14.31.42:686][281]LogModuleManager: Shutting down and abandoning module LinuxAArch64ServerTargetPlatform (121)
[2020.11.17-14.31.42:686][281]LogModuleManager: Shutting down and abandoning module LinuxAArch64ClientTargetPlatform (119)
[2020.11.17-14.31.42:699][281]LogModuleManager: Shutting down and abandoning module LinuxAArch64NoEditorTargetPlatform (117)
[2020.11.17-14.31.42:699][281]LogModuleManager: Shutting down and abandoning module LinuxServerTargetPlatform (115)
[2020.11.17-14.31.42:700][281]LogModuleManager: Shutting down and abandoning module LinuxClientTargetPlatform (113)
[2020.11.17-14.31.42:702][281]LogModuleManager: Shutting down and abandoning module LinuxNoEditorTargetPlatform (111)
[2020.11.17-14.31.42:722][281]LogModuleManager: Shutting down and abandoning module Messaging (109)
[2020.11.17-14.31.42:722][281]LogModuleManager: Shutting down and abandoning module IOSTargetPlatform (107)
[2020.11.17-14.31.42:723][281]LogModuleManager: Shutting down and abandoning module AndroidTargetPlatform (105)
[2020.11.17-14.31.42:728][281]LogModuleManager: Shutting down and abandoning module AllDesktopTargetPlatform (103)
[2020.11.17-14.31.42:728][281]LogModuleManager: Shutting down and abandoning module InputCore (100)
[2020.11.17-14.31.42:728][281]LogModuleManager: Shutting down and abandoning module Settings (98)
[2020.11.17-14.31.42:729][281]LogModuleManager: Shutting down and abandoning module DirectoryWatcher (96)
[2020.11.17-14.31.42:729][281]LogModuleManager: Shutting down and abandoning module PhysXCooking (94)
[2020.11.17-14.31.42:729][281]LogModuleManager: Shutting down and abandoning module ChaosSolvers (92)
[2020.11.17-14.31.42:747][281]LogModuleManager: Shutting down and abandoning module FieldSystemEngine (91)
[2020.11.17-14.31.42:747][281]LogModuleManager: Shutting down and abandoning module Chaos (88)
[2020.11.17-14.31.42:747][281]LogModuleManager: Shutting down and abandoning module WindowsPlatformFeatures (86)
[2020.11.17-14.31.42:747][281]LogModuleManager: Shutting down and abandoning module GameplayMediaEncoder (85)
[2020.11.17-14.31.42:748][281]LogModuleManager: Shutting down and abandoning module OculusHMD (82)
[2020.11.17-14.31.42:759][281]LogModuleManager: Shutting down and abandoning module ExampleDeviceProfileSelector (80)
[2020.11.17-14.31.42:759][281]LogModuleManager: Shutting down and abandoning module LauncherChunkInstaller (78)
[2020.11.17-14.31.42:759][281]LogModuleManager: Shutting down and abandoning module OnlineBlueprintSupport (76)
[2020.11.17-14.31.42:759][281]LogModuleManager: Shutting down and abandoning module OnlineSubsystem (72)
[2020.11.17-14.31.42:780][281]LogModuleManager: Shutting down and abandoning module XMPP (67)
[2020.11.17-14.31.42:781][281]LogModuleManager: Shutting down and abandoning module WebSockets (66)
[2020.11.17-14.31.42:817][281]LogModuleManager: Shutting down and abandoning module HTTP (63)
[2020.11.17-14.31.42:817][281]LogHttp: Display: Http module shutting down, but needs to wait on 1 outstanding Http requests:
[2020.11.17-14.31.42:817][281]LogHttp: Display: 	verb=[POST] url=[https://datarouter.ol.epicgames.com/datarouter/api/v1/public/data?SessionID=%7BC2A690AE-44D4-FA89-2F67-EDB704431FAF%7D&AppID=UEEditor.Rocket.Release&AppVersion=4.24.3-11590370%2B%2B%2BUE4%2BRelease-4.24&UserID=5e1949444085ae4be1a68baa09cd8ad7%7Cdd1f337dcbb94750884ff5e160e27a79%7C95efbd32-2085-434e-90dc-109b5999f4cc&AppEnvironment=datacollector-binary&UploadType=eteventstream] refs=[1] status=Processing
[2020.11.17-14.31.42:850][281]LogModuleManager: Shutting down and abandoning module SSL (62)
[2020.11.17-14.31.42:851][281]LogModuleManager: Shutting down and abandoning module WmfMedia (58)
[2020.11.17-14.31.42:852][281]LogModuleManager: Shutting down and abandoning module Media (57)
[2020.11.17-14.31.42:852][281]LogModuleManager: Shutting down and abandoning module MagicLeap (54)
[2020.11.17-14.31.42:853][281]LogModuleManager: Shutting down and abandoning module VariantManagerContent (52)
[2020.11.17-14.31.42:853][281]LogModuleManager: Shutting down and abandoning module DatasmithContent (50)
[2020.11.17-14.31.42:853][281]LogModuleManager: Shutting down and abandoning module AISupportModule (48)
[2020.11.17-14.31.42:853][281]LogModuleManager: Shutting down and abandoning module DesktopPlatform (46)
[2020.11.17-14.31.42:853][281]LogModuleManager: Shutting down and abandoning module PlatformCryptoOpenSSL (44)
[2020.11.17-14.31.42:861][281]LogModuleManager: Shutting down and abandoning module PlatformCryptoTypes (42)
[2020.11.17-14.31.42:861][281]LogModuleManager: Shutting down and abandoning module PlatformCrypto (40)
[2020.11.17-14.31.42:861][281]LogModuleManager: Shutting down and abandoning module AnimationModifiers (38)
[2020.11.17-14.31.42:862][281]LogModuleManager: Shutting down and abandoning module PropertyEditor (37)
[2020.11.17-14.31.42:888][281]LogModuleManager: Shutting down and abandoning module AudioEditor (34)
[2020.11.17-14.31.42:901][281]LogModuleManager: Shutting down and abandoning module TextureCompressor (32)
[2020.11.17-14.31.42:901][281]LogModuleManager: Shutting down and abandoning module RenderCore (30)
[2020.11.17-14.31.42:901][281]LogModuleManager: Shutting down and abandoning module Landscape (28)
[2020.11.17-14.31.42:901][281]LogModuleManager: Shutting down and abandoning module SlateRHIRenderer (26)
[2020.11.17-14.31.42:918][281]LogModuleManager: Shutting down and abandoning module OpenGLDrv (24)
[2020.11.17-14.31.42:934][281]LogModuleManager: Shutting down and abandoning module D3D11RHI (22)
[2020.11.17-14.31.42:934][281]LogModuleManager: Shutting down and abandoning module AnimGraphRuntime (20)
[2020.11.17-14.31.42:952][281]LogModuleManager: Shutting down and abandoning module Renderer (18)
[2020.11.17-14.31.42:966][281]LogModuleManager: Shutting down and abandoning module Engine (16)
[2020.11.17-14.31.42:966][281]LogModuleManager: Shutting down and abandoning module CoreUObject (14)
[2020.11.17-14.31.42:966][281]LogModuleManager: Shutting down and abandoning module NetworkFile (12)
[2020.11.17-14.31.42:976][281]LogModuleManager: Shutting down and abandoning module CookedIterativeFile (10)
[2020.11.17-14.31.42:976][281]LogModuleManager: Shutting down and abandoning module StreamingFile (8)
[2020.11.17-14.31.42:976][281]LogModuleManager: Shutting down and abandoning module SandboxFile (6)
[2020.11.17-14.31.42:976][281]LogModuleManager: Shutting down and abandoning module PakFile (4)
[2020.11.17-14.31.42:976][281]LogModuleManager: Shutting down and abandoning module RSA (3)
[2020.11.17-14.31.42:978][281]LogD3D11RHI: Shutdown
[2020.11.17-14.31.42:978][281]LogD3D11RHI: CleanupD3DDevice
[2020.11.17-14.31.43:063][281]LogExit: Exiting.
[2020.11.17-14.31.43:075][281]Log file closed, 11/17/20 14:31:43
